ARM GAS  C:\Users\Ilaria\AppData\Local\Temp\ccVfak8I.s 			page 1


   1              		.syntax unified
   2              		.cpu cortex-m3
   3              		.fpu softvfp
   4              		.eabi_attribute 20, 1
   5              		.eabi_attribute 21, 1
   6              		.eabi_attribute 23, 3
   7              		.eabi_attribute 24, 1
   8              		.eabi_attribute 25, 1
   9              		.eabi_attribute 26, 1
  10              		.eabi_attribute 30, 1
  11              		.eabi_attribute 34, 1
  12              		.eabi_attribute 18, 4
  13              		.thumb
  14              		.syntax unified
  15              		.file	"main.c"
  16              		.text
  17              	.Ltext0:
  18              		.cfi_sections	.debug_frame
  19              		.section	.text.main,"ax",%progbits
  20              		.align	2
  21              		.global	main
  22              		.thumb
  23              		.thumb_func
  24              		.type	main, %function
  25              	main:
  26              	.LFB64:
  27              		.file 1 "main.c"
   1:main.c        **** /**
   2:main.c        **** * \brief Main source file for the I2C-Master project.
   3:main.c        **** *
   4:main.c        **** * In this project we set up a I2C master device with
   5:main.c        **** * to understand the I2C protocol and communicate with a
   6:main.c        **** * a I2C Slave device (LIS3DH Accelerometer).
   7:main.c        **** *
   8:main.c        **** * \author Ilaria Catarrasa
   9:main.c        **** * \date 28/04/2020
  10:main.c        **** */
  11:main.c        **** 
  12:main.c        **** // Include required header files
  13:main.c        **** #include "I2C_Interface.h"
  14:main.c        **** #include "project.h"
  15:main.c        **** #include "stdio.h"
  16:main.c        **** #include "InterruptRoutines.h"
  17:main.c        **** /**
  18:main.c        **** *   \brief 7-bit I2C address of the slave device.
  19:main.c        **** */
  20:main.c        **** #define LIS3DH_DEVICE_ADDRESS 0x18
  21:main.c        **** 
  22:main.c        **** /**
  23:main.c        **** *   \brief Address of the WHO AM I register
  24:main.c        **** */
  25:main.c        **** #define LIS3DH_WHO_AM_I_REG_ADDR 0x0F
  26:main.c        **** 
  27:main.c        **** /**
  28:main.c        **** *   \brief Address of the Status register
  29:main.c        **** */
  30:main.c        **** #define LIS3DH_STATUS_REG 0x27
ARM GAS  C:\Users\Ilaria\AppData\Local\Temp\ccVfak8I.s 			page 2


  31:main.c        **** 
  32:main.c        **** /**
  33:main.c        **** *   \brief Address of the Control register 1
  34:main.c        **** */
  35:main.c        **** #define LIS3DH_CTRL_REG1 0x20
  36:main.c        **** 
  37:main.c        **** /**
  38:main.c        **** *   \brief Hex value to set normal mode to the accelerator
  39:main.c        ****     \x,y,z Enabled, 100 Hz Power mode  
  40:main.c        **** */
  41:main.c        **** #define LIS3DH_NORMAL_MODE_CTRL_REG1 0x57
  42:main.c        **** 
  43:main.c        **** /**
  44:main.c        **** *   \brief Address of the Control register 4
  45:main.c        ****     \+- 4g FSR
  46:main.c        **** */
  47:main.c        **** #define LIS3DH_CTRL_REG4 0x23
  48:main.c        **** #define LIS3DH_CTRL_REG4_FSR_SET 0x90
  49:main.c        **** 
  50:main.c        **** /**
  51:main.c        **** *   \brief Address of the X, Y, Z output LSB and MSB registers
  52:main.c        **** */
  53:main.c        **** #define LIS3DH_OUT_X_L 0x28    /*LSB X*/
  54:main.c        **** #define LIS3DH_OUT_X_H 0x29    /*MSB X*/
  55:main.c        **** 
  56:main.c        **** #define LIS3DH_OUT_Y_L 0x2A    /*LSB Y*/
  57:main.c        **** #define LIS3DH_OUT_Y_H 0x2B    /*MSB Y*/
  58:main.c        **** 
  59:main.c        **** #define LIS3DH_OUT_Z_L 0x2C    /*LSB Z*/
  60:main.c        **** #define LIS3DH_OUT_Z_H 0x2D    /*MSB Z*/
  61:main.c        **** 
  62:main.c        **** 
  63:main.c        **** 
  64:main.c        **** 
  65:main.c        **** int main(void)
  66:main.c        **** {
  28              		.loc 1 66 0
  29              		.cfi_startproc
  30              		@ args = 0, pretend = 0, frame = 56
  31              		@ frame_needed = 0, uses_anonymous_args = 0
  32 0000 10B5     		push	{r4, lr}
  33              		.cfi_def_cfa_offset 8
  34              		.cfi_offset 4, -8
  35              		.cfi_offset 14, -4
  36 0002 8EB0     		sub	sp, sp, #56
  37              		.cfi_def_cfa_offset 64
  67:main.c        ****     CyGlobalIntEnable; /* Enable global interrupts. */
  38              		.loc 1 67 0
  39              		.syntax unified
  40              	@ 67 "main.c" 1
  41 0004 62B6     		CPSIE   i
  42              	@ 0 "" 2
  68:main.c        **** 
  69:main.c        ****     /* Place your initialization/startup code here (e.g. MyInst_Start()) */
  70:main.c        ****     I2C_Peripheral_Start();
  43              		.loc 1 70 0
  44              		.thumb
ARM GAS  C:\Users\Ilaria\AppData\Local\Temp\ccVfak8I.s 			page 3


  45              		.syntax unified
  46 0006 FFF7FEFF 		bl	I2C_Peripheral_Start
  47              	.LVL0:
  71:main.c        ****     UART_Debug_Start();
  48              		.loc 1 71 0
  49 000a FFF7FEFF 		bl	UART_Debug_Start
  50              	.LVL1:
  72:main.c        ****     
  73:main.c        ****     CyDelay(5); //"The boot procedure is complete about 5 milliseconds after device power-up."
  51              		.loc 1 73 0
  52 000e 0520     		movs	r0, #5
  53 0010 FFF7FEFF 		bl	CyDelay
  54              	.LVL2:
  55              	.LBB2:
  74:main.c        ****     
  75:main.c        ****     // String to print out messages on the UART
  76:main.c        ****     char message[50];
  77:main.c        **** 
  78:main.c        ****     // Check which devices are present on the I2C bus
  79:main.c        ****     for (int i = 0 ; i < 128; i++)
  56              		.loc 1 79 0
  57 0014 0024     		movs	r4, #0
  58 0016 0CE0     		b	.L2
  59              	.LVL3:
  60              	.L4:
  80:main.c        ****     {
  81:main.c        ****         if (I2C_Peripheral_IsDeviceConnected(i))
  61              		.loc 1 81 0
  62 0018 E0B2     		uxtb	r0, r4
  63 001a FFF7FEFF 		bl	I2C_Peripheral_IsDeviceConnected
  64              	.LVL4:
  65 001e 38B1     		cbz	r0, .L3
  82:main.c        ****         {
  83:main.c        ****             // print out the address is hex format
  84:main.c        ****             sprintf(message, "Device 0x%02X is connected\r\n", i);
  66              		.loc 1 84 0
  67 0020 2246     		mov	r2, r4
  68 0022 5549     		ldr	r1, .L21
  69 0024 01A8     		add	r0, sp, #4
  70 0026 FFF7FEFF 		bl	sprintf
  71              	.LVL5:
  85:main.c        ****             UART_Debug_PutString(message); 
  72              		.loc 1 85 0
  73 002a 01A8     		add	r0, sp, #4
  74 002c FFF7FEFF 		bl	UART_Debug_PutString
  75              	.LVL6:
  76              	.L3:
  79:main.c        ****     {
  77              		.loc 1 79 0 discriminator 2
  78 0030 0134     		adds	r4, r4, #1
  79              	.LVL7:
  80              	.L2:
  79:main.c        ****     {
  81              		.loc 1 79 0 is_stmt 0 discriminator 1
  82 0032 7F2C     		cmp	r4, #127
  83 0034 F0DD     		ble	.L4
  84              	.LBE2:
ARM GAS  C:\Users\Ilaria\AppData\Local\Temp\ccVfak8I.s 			page 4


  86:main.c        ****         }
  87:main.c        ****         
  88:main.c        ****     }
  89:main.c        ****     
  90:main.c        ****     /******************************************/
  91:main.c        ****     /*            I2C Reading                 */
  92:main.c        ****     /******************************************/
  93:main.c        ****     
  94:main.c        ****     /* Read WHO AM I REGISTER register */
  95:main.c        ****     uint8_t who_am_i_reg;
  96:main.c        ****     ErrorCode error = I2C_Peripheral_ReadRegister(LIS3DH_DEVICE_ADDRESS,
  85              		.loc 1 96 0 is_stmt 1
  86 0036 0DF10302 		add	r2, sp, #3
  87 003a 0F21     		movs	r1, #15
  88 003c 1820     		movs	r0, #24
  89 003e FFF7FEFF 		bl	I2C_Peripheral_ReadRegister
  90              	.LVL8:
  97:main.c        ****                                                   LIS3DH_WHO_AM_I_REG_ADDR, 
  98:main.c        ****                                                   &who_am_i_reg);
  99:main.c        ****     if (error == NO_ERROR)
  91              		.loc 1 99 0
  92 0042 48B9     		cbnz	r0, .L5
 100:main.c        ****     {
 101:main.c        ****         sprintf(message, "WHO AM I REG: 0x%02X [Expected: 0x33]\r\n", who_am_i_reg);
  93              		.loc 1 101 0
  94 0044 9DF80320 		ldrb	r2, [sp, #3]	@ zero_extendqisi2
  95 0048 4C49     		ldr	r1, .L21+4
  96 004a 01A8     		add	r0, sp, #4
  97              	.LVL9:
  98 004c FFF7FEFF 		bl	sprintf
  99              	.LVL10:
 102:main.c        ****         UART_Debug_PutString(message); 
 100              		.loc 1 102 0
 101 0050 01A8     		add	r0, sp, #4
 102 0052 FFF7FEFF 		bl	UART_Debug_PutString
 103              	.LVL11:
 104 0056 02E0     		b	.L6
 105              	.LVL12:
 106              	.L5:
 103:main.c        ****     }
 104:main.c        ****     else
 105:main.c        ****     {
 106:main.c        ****         UART_Debug_PutString("Error occurred during I2C comm\r\n");   
 107              		.loc 1 106 0
 108 0058 4948     		ldr	r0, .L21+8
 109              	.LVL13:
 110 005a FFF7FEFF 		bl	UART_Debug_PutString
 111              	.LVL14:
 112              	.L6:
 107:main.c        ****     }
 108:main.c        ****     
 109:main.c        ****     /******************************************/
 110:main.c        ****     /*      I2C Reading Status Register       */
 111:main.c        ****     /******************************************/
 112:main.c        ****     
 113:main.c        ****     uint8_t status_register; 
 114:main.c        ****     error = I2C_Peripheral_ReadRegister(LIS3DH_DEVICE_ADDRESS,
ARM GAS  C:\Users\Ilaria\AppData\Local\Temp\ccVfak8I.s 			page 5


 113              		.loc 1 114 0
 114 005e 0DF10202 		add	r2, sp, #2
 115 0062 2721     		movs	r1, #39
 116 0064 1820     		movs	r0, #24
 117 0066 FFF7FEFF 		bl	I2C_Peripheral_ReadRegister
 118              	.LVL15:
 115:main.c        ****                                         LIS3DH_STATUS_REG,
 116:main.c        ****                                         &status_register);
 117:main.c        ****     
 118:main.c        ****     if (error == NO_ERROR)
 119              		.loc 1 118 0
 120 006a 48B9     		cbnz	r0, .L7
 119:main.c        ****     {
 120:main.c        ****         sprintf(message, "STATUS REGISTER: 0x%02X\r\n", status_register);
 121              		.loc 1 120 0
 122 006c 9DF80220 		ldrb	r2, [sp, #2]	@ zero_extendqisi2
 123 0070 4449     		ldr	r1, .L21+12
 124 0072 01A8     		add	r0, sp, #4
 125              	.LVL16:
 126 0074 FFF7FEFF 		bl	sprintf
 127              	.LVL17:
 121:main.c        ****         UART_Debug_PutString(message); 
 128              		.loc 1 121 0
 129 0078 01A8     		add	r0, sp, #4
 130 007a FFF7FEFF 		bl	UART_Debug_PutString
 131              	.LVL18:
 132 007e 02E0     		b	.L8
 133              	.LVL19:
 134              	.L7:
 122:main.c        ****     }
 123:main.c        ****     else
 124:main.c        ****     {
 125:main.c        ****         UART_Debug_PutString("Error occurred during I2C comm to read status register\r\n");   
 135              		.loc 1 125 0
 136 0080 4148     		ldr	r0, .L21+16
 137              	.LVL20:
 138 0082 FFF7FEFF 		bl	UART_Debug_PutString
 139              	.LVL21:
 140              	.L8:
 126:main.c        ****     }
 127:main.c        ****     
 128:main.c        ****     /******************************************/
 129:main.c        ****     /*        Read Control Register 1         */
 130:main.c        ****     /******************************************/
 131:main.c        ****     uint8_t ctrl_reg1; 
 132:main.c        ****     error = I2C_Peripheral_ReadRegister(LIS3DH_DEVICE_ADDRESS,
 141              		.loc 1 132 0
 142 0086 0DF10102 		add	r2, sp, #1
 143 008a 2021     		movs	r1, #32
 144 008c 1820     		movs	r0, #24
 145 008e FFF7FEFF 		bl	I2C_Peripheral_ReadRegister
 146              	.LVL22:
 133:main.c        ****                                         LIS3DH_CTRL_REG1,
 134:main.c        ****                                         &ctrl_reg1);
 135:main.c        ****     
 136:main.c        ****     if (error == NO_ERROR)
 147              		.loc 1 136 0
ARM GAS  C:\Users\Ilaria\AppData\Local\Temp\ccVfak8I.s 			page 6


 148 0092 48B9     		cbnz	r0, .L9
 137:main.c        ****     {
 138:main.c        ****         sprintf(message, "CONTROL REGISTER 1: 0x%02X\r\n", ctrl_reg1);
 149              		.loc 1 138 0
 150 0094 9DF80120 		ldrb	r2, [sp, #1]	@ zero_extendqisi2
 151 0098 3C49     		ldr	r1, .L21+20
 152 009a 01A8     		add	r0, sp, #4
 153              	.LVL23:
 154 009c FFF7FEFF 		bl	sprintf
 155              	.LVL24:
 139:main.c        ****         UART_Debug_PutString(message); 
 156              		.loc 1 139 0
 157 00a0 01A8     		add	r0, sp, #4
 158 00a2 FFF7FEFF 		bl	UART_Debug_PutString
 159              	.LVL25:
 160 00a6 02E0     		b	.L10
 161              	.LVL26:
 162              	.L9:
 140:main.c        ****     }
 141:main.c        ****     else
 142:main.c        ****     {
 143:main.c        ****         UART_Debug_PutString("Error occurred during I2C comm to read control register 1\r\n");   
 163              		.loc 1 143 0
 164 00a8 3948     		ldr	r0, .L21+24
 165              	.LVL27:
 166 00aa FFF7FEFF 		bl	UART_Debug_PutString
 167              	.LVL28:
 168              	.L10:
 144:main.c        ****     }
 145:main.c        ****     
 146:main.c        ****     /******************************************/
 147:main.c        ****     /*            I2C Writing                 */
 148:main.c        ****     /******************************************/
 149:main.c        ****     
 150:main.c        ****         
 151:main.c        ****     UART_Debug_PutString("\r\nWriting new values..\r\n");
 169              		.loc 1 151 0
 170 00ae 3948     		ldr	r0, .L21+28
 171 00b0 FFF7FEFF 		bl	UART_Debug_PutString
 172              	.LVL29:
 152:main.c        ****     
 153:main.c        ****     if (ctrl_reg1 != LIS3DH_NORMAL_MODE_CTRL_REG1)
 173              		.loc 1 153 0
 174 00b4 9DF80130 		ldrb	r3, [sp, #1]	@ zero_extendqisi2
 175 00b8 572B     		cmp	r3, #87
 176 00ba 14D0     		beq	.L11
 154:main.c        ****     {
 155:main.c        ****         ctrl_reg1 = LIS3DH_NORMAL_MODE_CTRL_REG1;
 177              		.loc 1 155 0
 178 00bc 5722     		movs	r2, #87
 179 00be 8DF80120 		strb	r2, [sp, #1]
 156:main.c        ****     
 157:main.c        ****         error = I2C_Peripheral_WriteRegister(LIS3DH_DEVICE_ADDRESS,
 180              		.loc 1 157 0
 181 00c2 2021     		movs	r1, #32
 182 00c4 1820     		movs	r0, #24
 183 00c6 FFF7FEFF 		bl	I2C_Peripheral_WriteRegister
ARM GAS  C:\Users\Ilaria\AppData\Local\Temp\ccVfak8I.s 			page 7


 184              	.LVL30:
 158:main.c        ****                                              LIS3DH_CTRL_REG1,
 159:main.c        ****                                              ctrl_reg1);
 160:main.c        ****     
 161:main.c        ****         if (error == NO_ERROR)
 185              		.loc 1 161 0
 186 00ca 48B9     		cbnz	r0, .L12
 162:main.c        ****         {
 163:main.c        ****             sprintf(message, "CONTROL REGISTER 1 successfully written as: 0x%02X\r\n", ctrl_reg1);
 187              		.loc 1 163 0
 188 00cc 9DF80120 		ldrb	r2, [sp, #1]	@ zero_extendqisi2
 189 00d0 3149     		ldr	r1, .L21+32
 190 00d2 01A8     		add	r0, sp, #4
 191              	.LVL31:
 192 00d4 FFF7FEFF 		bl	sprintf
 193              	.LVL32:
 164:main.c        ****             UART_Debug_PutString(message); 
 194              		.loc 1 164 0
 195 00d8 01A8     		add	r0, sp, #4
 196 00da FFF7FEFF 		bl	UART_Debug_PutString
 197              	.LVL33:
 198 00de 02E0     		b	.L11
 199              	.LVL34:
 200              	.L12:
 165:main.c        ****         }
 166:main.c        ****         else
 167:main.c        ****         {
 168:main.c        ****             UART_Debug_PutString("Error occurred during I2C comm to set control register 1\r\n");  
 201              		.loc 1 168 0
 202 00e0 2E48     		ldr	r0, .L21+36
 203              	.LVL35:
 204 00e2 FFF7FEFF 		bl	UART_Debug_PutString
 205              	.LVL36:
 206              	.L11:
 169:main.c        ****         }
 170:main.c        ****     }
 171:main.c        ****     
 172:main.c        ****     /******************************************/
 173:main.c        ****     /*     Read Control Register 1 again      */
 174:main.c        ****     /******************************************/
 175:main.c        **** 
 176:main.c        ****     error = I2C_Peripheral_ReadRegister(LIS3DH_DEVICE_ADDRESS,
 207              		.loc 1 176 0
 208 00e6 0DF10102 		add	r2, sp, #1
 209 00ea 2021     		movs	r1, #32
 210 00ec 1820     		movs	r0, #24
 211 00ee FFF7FEFF 		bl	I2C_Peripheral_ReadRegister
 212              	.LVL37:
 177:main.c        ****                                         LIS3DH_CTRL_REG1,
 178:main.c        ****                                         &ctrl_reg1);
 179:main.c        ****     
 180:main.c        ****     if (error == NO_ERROR)
 213              		.loc 1 180 0
 214 00f2 48B9     		cbnz	r0, .L13
 181:main.c        ****     {
 182:main.c        ****         sprintf(message, "CONTROL REGISTER 1 after overwrite operation: 0x%02X\r\n", ctrl_reg1);
 215              		.loc 1 182 0
ARM GAS  C:\Users\Ilaria\AppData\Local\Temp\ccVfak8I.s 			page 8


 216 00f4 9DF80120 		ldrb	r2, [sp, #1]	@ zero_extendqisi2
 217 00f8 2949     		ldr	r1, .L21+40
 218 00fa 01A8     		add	r0, sp, #4
 219              	.LVL38:
 220 00fc FFF7FEFF 		bl	sprintf
 221              	.LVL39:
 183:main.c        ****         UART_Debug_PutString(message); 
 222              		.loc 1 183 0
 223 0100 01A8     		add	r0, sp, #4
 224 0102 FFF7FEFF 		bl	UART_Debug_PutString
 225              	.LVL40:
 226 0106 02E0     		b	.L14
 227              	.LVL41:
 228              	.L13:
 184:main.c        ****     }
 185:main.c        ****     else
 186:main.c        ****     {
 187:main.c        ****         UART_Debug_PutString("Error occurred during I2C comm to read control register 1\r\n");   
 229              		.loc 1 187 0
 230 0108 2148     		ldr	r0, .L21+24
 231              	.LVL42:
 232 010a FFF7FEFF 		bl	UART_Debug_PutString
 233              	.LVL43:
 234              	.L14:
 188:main.c        ****     }      
 189:main.c        ****         
 190:main.c        ****     uint8_t ctrl_reg4;
 191:main.c        **** 
 192:main.c        ****     error = I2C_Peripheral_ReadRegister(LIS3DH_DEVICE_ADDRESS,
 235              		.loc 1 192 0
 236 010e 6A46     		mov	r2, sp
 237 0110 2321     		movs	r1, #35
 238 0112 1820     		movs	r0, #24
 239 0114 FFF7FEFF 		bl	I2C_Peripheral_ReadRegister
 240              	.LVL44:
 193:main.c        ****                                         LIS3DH_CTRL_REG4,
 194:main.c        ****                                         &ctrl_reg4);
 195:main.c        ****     
 196:main.c        ****     if (error == NO_ERROR)
 241              		.loc 1 196 0
 242 0118 48B9     		cbnz	r0, .L15
 197:main.c        ****     {
 198:main.c        ****         sprintf(message, "CONTROL REGISTER 4: 0x%02X\r\n", ctrl_reg4);
 243              		.loc 1 198 0
 244 011a 9DF80020 		ldrb	r2, [sp]	@ zero_extendqisi2
 245 011e 2149     		ldr	r1, .L21+44
 246 0120 01A8     		add	r0, sp, #4
 247              	.LVL45:
 248 0122 FFF7FEFF 		bl	sprintf
 249              	.LVL46:
 199:main.c        ****         UART_Debug_PutString(message); 
 250              		.loc 1 199 0
 251 0126 01A8     		add	r0, sp, #4
 252 0128 FFF7FEFF 		bl	UART_Debug_PutString
 253              	.LVL47:
 254 012c 02E0     		b	.L16
 255              	.LVL48:
ARM GAS  C:\Users\Ilaria\AppData\Local\Temp\ccVfak8I.s 			page 9


 256              	.L15:
 200:main.c        ****     }
 201:main.c        ****     else
 202:main.c        ****     {
 203:main.c        ****         UART_Debug_PutString("Error occurred during I2C comm to read control register 4\r\n");   
 257              		.loc 1 203 0
 258 012e 1E48     		ldr	r0, .L21+48
 259              	.LVL49:
 260 0130 FFF7FEFF 		bl	UART_Debug_PutString
 261              	.LVL50:
 262              	.L16:
 204:main.c        ****     }
 205:main.c        ****     
 206:main.c        ****     
 207:main.c        ****     
 208:main.c        ****     /*Update control register 4*/
 209:main.c        ****     ctrl_reg4 = LIS3DH_CTRL_REG4_FSR_SET; // must be changed to the appropriate value
 263              		.loc 1 209 0
 264 0134 9022     		movs	r2, #144
 265 0136 0EAC     		add	r4, sp, #56
 266              	.LVL51:
 267 0138 04F8382D 		strb	r2, [r4, #-56]!
 210:main.c        ****     
 211:main.c        ****     error = I2C_Peripheral_WriteRegister(LIS3DH_DEVICE_ADDRESS,
 268              		.loc 1 211 0
 269 013c 2321     		movs	r1, #35
 270 013e 1820     		movs	r0, #24
 271 0140 FFF7FEFF 		bl	I2C_Peripheral_WriteRegister
 272              	.LVL52:
 212:main.c        ****                                          LIS3DH_CTRL_REG4,
 213:main.c        ****                                          ctrl_reg4);
 214:main.c        ****     
 215:main.c        ****     error = I2C_Peripheral_ReadRegister(LIS3DH_DEVICE_ADDRESS,
 273              		.loc 1 215 0
 274 0144 2246     		mov	r2, r4
 275 0146 2321     		movs	r1, #35
 276 0148 1820     		movs	r0, #24
 277 014a FFF7FEFF 		bl	I2C_Peripheral_ReadRegister
 278              	.LVL53:
 216:main.c        ****                                         LIS3DH_CTRL_REG4,
 217:main.c        ****                                         &ctrl_reg4);
 218:main.c        ****     
 219:main.c        ****     
 220:main.c        ****     if (error == NO_ERROR)
 279              		.loc 1 220 0
 280 014e 48B9     		cbnz	r0, .L17
 221:main.c        ****     {
 222:main.c        ****         sprintf(message, "CONTROL REGISTER 4 after being updated: 0x%02X\r\n", ctrl_reg4);
 281              		.loc 1 222 0
 282 0150 9DF80020 		ldrb	r2, [sp]	@ zero_extendqisi2
 283 0154 1549     		ldr	r1, .L21+52
 284 0156 01A8     		add	r0, sp, #4
 285              	.LVL54:
 286 0158 FFF7FEFF 		bl	sprintf
 287              	.LVL55:
 223:main.c        ****         UART_Debug_PutString(message); 
 288              		.loc 1 223 0
ARM GAS  C:\Users\Ilaria\AppData\Local\Temp\ccVfak8I.s 			page 10


 289 015c 01A8     		add	r0, sp, #4
 290 015e FFF7FEFF 		bl	UART_Debug_PutString
 291              	.LVL56:
 292 0162 02E0     		b	.L18
 293              	.LVL57:
 294              	.L17:
 224:main.c        ****     }
 225:main.c        ****     else
 226:main.c        ****     {
 227:main.c        ****         UART_Debug_PutString("Error occurred during I2C comm to read control register4\r\n");   
 295              		.loc 1 227 0
 296 0164 1248     		ldr	r0, .L21+56
 297              	.LVL58:
 298 0166 FFF7FEFF 		bl	UART_Debug_PutString
 299              	.LVL59:
 300              	.L18:
 228:main.c        ****     }
 229:main.c        ****     
 230:main.c        ****     /*Start of Timer*/
 231:main.c        ****     Timer_Start();
 301              		.loc 1 231 0
 302 016a FFF7FEFF 		bl	Timer_Start
 303              	.LVL60:
 232:main.c        ****     
 233:main.c        ****     /*Start of interrupt execution*/
 234:main.c        ****     isr_Send_StartEx(isr_SendData);  
 304              		.loc 1 234 0
 305 016e 1148     		ldr	r0, .L21+60
 306 0170 FFF7FEFF 		bl	isr_Send_StartEx
 307              	.LVL61:
 308              	.L19:
 309 0174 FEE7     		b	.L19
 310              	.L22:
 311 0176 00BF     		.align	2
 312              	.L21:
 313 0178 00000000 		.word	.LC0
 314 017c 20000000 		.word	.LC1
 315 0180 48000000 		.word	.LC2
 316 0184 6C000000 		.word	.LC3
 317 0188 88000000 		.word	.LC4
 318 018c C4000000 		.word	.LC5
 319 0190 E4000000 		.word	.LC6
 320 0194 20010000 		.word	.LC7
 321 0198 3C010000 		.word	.LC8
 322 019c 74010000 		.word	.LC9
 323 01a0 B0010000 		.word	.LC10
 324 01a4 E8010000 		.word	.LC11
 325 01a8 08020000 		.word	.LC12
 326 01ac 44020000 		.word	.LC13
 327 01b0 78020000 		.word	.LC14
 328 01b4 00000000 		.word	isr_SendData
 329              		.cfi_endproc
 330              	.LFE64:
 331              		.size	main, .-main
 332              		.comm	OutArray,14,4
 333              		.section	.rodata.str1.4,"aMS",%progbits,1
 334              		.align	2
ARM GAS  C:\Users\Ilaria\AppData\Local\Temp\ccVfak8I.s 			page 11


 335              	.LC0:
 336 0000 44657669 		.ascii	"Device 0x%02X is connected\015\012\000"
 336      63652030 
 336      78253032 
 336      58206973 
 336      20636F6E 
 337 001d 000000   		.space	3
 338              	.LC1:
 339 0020 57484F20 		.ascii	"WHO AM I REG: 0x%02X [Expected: 0x33]\015\012\000"
 339      414D2049 
 339      20524547 
 339      3A203078 
 339      25303258 
 340              	.LC2:
 341 0048 4572726F 		.ascii	"Error occurred during I2C comm\015\012\000"
 341      72206F63 
 341      63757272 
 341      65642064 
 341      7572696E 
 342 0069 000000   		.space	3
 343              	.LC3:
 344 006c 53544154 		.ascii	"STATUS REGISTER: 0x%02X\015\012\000"
 344      55532052 
 344      45474953 
 344      5445523A 
 344      20307825 
 345 0086 0000     		.space	2
 346              	.LC4:
 347 0088 4572726F 		.ascii	"Error occurred during I2C comm to read status regis"
 347      72206F63 
 347      63757272 
 347      65642064 
 347      7572696E 
 348 00bb 7465720D 		.ascii	"ter\015\012\000"
 348      0A00
 349 00c1 000000   		.space	3
 350              	.LC5:
 351 00c4 434F4E54 		.ascii	"CONTROL REGISTER 1: 0x%02X\015\012\000"
 351      524F4C20 
 351      52454749 
 351      53544552 
 351      20313A20 
 352 00e1 000000   		.space	3
 353              	.LC6:
 354 00e4 4572726F 		.ascii	"Error occurred during I2C comm to read control regi"
 354      72206F63 
 354      63757272 
 354      65642064 
 354      7572696E 
 355 0117 73746572 		.ascii	"ster 1\015\012\000"
 355      20310D0A 
 355      00
 356              	.LC7:
 357 0120 0D0A5772 		.ascii	"\015\012Writing new values..\015\012\000"
 357      6974696E 
 357      67206E65 
 357      77207661 
ARM GAS  C:\Users\Ilaria\AppData\Local\Temp\ccVfak8I.s 			page 12


 357      6C756573 
 358 0139 000000   		.space	3
 359              	.LC8:
 360 013c 434F4E54 		.ascii	"CONTROL REGISTER 1 successfully written as: 0x%02X\015"
 360      524F4C20 
 360      52454749 
 360      53544552 
 360      20312073 
 361 016f 0A00     		.ascii	"\012\000"
 362 0171 000000   		.space	3
 363              	.LC9:
 364 0174 4572726F 		.ascii	"Error occurred during I2C comm to set control regis"
 364      72206F63 
 364      63757272 
 364      65642064 
 364      7572696E 
 365 01a7 74657220 		.ascii	"ter 1\015\012\000"
 365      310D0A00 
 366 01af 00       		.space	1
 367              	.LC10:
 368 01b0 434F4E54 		.ascii	"CONTROL REGISTER 1 after overwrite operation: 0x%02"
 368      524F4C20 
 368      52454749 
 368      53544552 
 368      20312061 
 369 01e3 580D0A00 		.ascii	"X\015\012\000"
 370 01e7 00       		.space	1
 371              	.LC11:
 372 01e8 434F4E54 		.ascii	"CONTROL REGISTER 4: 0x%02X\015\012\000"
 372      524F4C20 
 372      52454749 
 372      53544552 
 372      20343A20 
 373 0205 000000   		.space	3
 374              	.LC12:
 375 0208 4572726F 		.ascii	"Error occurred during I2C comm to read control regi"
 375      72206F63 
 375      63757272 
 375      65642064 
 375      7572696E 
 376 023b 73746572 		.ascii	"ster 4\015\012\000"
 376      20340D0A 
 376      00
 377              	.LC13:
 378 0244 434F4E54 		.ascii	"CONTROL REGISTER 4 after being updated: 0x%02X\015\012"
 378      524F4C20 
 378      52454749 
 378      53544552 
 378      20342061 
 379 0274 00       		.ascii	"\000"
 380 0275 000000   		.space	3
 381              	.LC14:
 382 0278 4572726F 		.ascii	"Error occurred during I2C comm to read control regi"
 382      72206F63 
 382      63757272 
 382      65642064 
 382      7572696E 
ARM GAS  C:\Users\Ilaria\AppData\Local\Temp\ccVfak8I.s 			page 13


 383 02ab 73746572 		.ascii	"ster4\015\012\000"
 383      340D0A00 
 384              		.text
 385              	.Letext0:
 386              		.file 2 "c:\\program files (x86)\\cypress\\psoc creator\\4.3\\psoc creator\\import\\gnu\\arm\\5.4.
 387              		.file 3 "c:\\program files (x86)\\cypress\\psoc creator\\4.3\\psoc creator\\import\\gnu\\arm\\5.4.
 388              		.file 4 "ErrorCodes.h"
 389              		.file 5 "Generated_Source\\PSoC5/core_cm3.h"
 390              		.file 6 "InterruptRoutines.h"
 391              		.file 7 "I2C_Interface.h"
 392              		.file 8 "c:\\program files (x86)\\cypress\\psoc creator\\4.3\\psoc creator\\import\\gnu\\arm\\5.4.
 393              		.file 9 "Generated_Source\\PSoC5/UART_Debug.h"
 394              		.file 10 "Generated_Source\\PSoC5/CyLib.h"
 395              		.file 11 "Generated_Source\\PSoC5/Timer.h"
 396              		.file 12 "Generated_Source\\PSoC5/isr_Send.h"
 397              		.section	.debug_info,"",%progbits
 398              	.Ldebug_info0:
 399 0000 99050000 		.4byte	0x599
 400 0004 0400     		.2byte	0x4
 401 0006 00000000 		.4byte	.Ldebug_abbrev0
 402 000a 04       		.byte	0x4
 403 000b 01       		.uleb128 0x1
 404 000c BB000000 		.4byte	.LASF39
 405 0010 0C       		.byte	0xc
 406 0011 4B020000 		.4byte	.LASF40
 407 0015 12000000 		.4byte	.LASF41
 408 0019 00000000 		.4byte	.Ldebug_ranges0+0
 409 001d 00000000 		.4byte	0
 410 0021 00000000 		.4byte	.Ldebug_line0
 411 0025 02       		.uleb128 0x2
 412 0026 01       		.byte	0x1
 413 0027 06       		.byte	0x6
 414 0028 98020000 		.4byte	.LASF0
 415 002c 03       		.uleb128 0x3
 416 002d 08000000 		.4byte	.LASF4
 417 0031 02       		.byte	0x2
 418 0032 1D       		.byte	0x1d
 419 0033 37000000 		.4byte	0x37
 420 0037 02       		.uleb128 0x2
 421 0038 01       		.byte	0x1
 422 0039 08       		.byte	0x8
 423 003a AD000000 		.4byte	.LASF1
 424 003e 02       		.uleb128 0x2
 425 003f 02       		.byte	0x2
 426 0040 05       		.byte	0x5
 427 0041 73020000 		.4byte	.LASF2
 428 0045 02       		.uleb128 0x2
 429 0046 02       		.byte	0x2
 430 0047 07       		.byte	0x7
 431 0048 5B010000 		.4byte	.LASF3
 432 004c 03       		.uleb128 0x3
 433 004d 70000000 		.4byte	.LASF5
 434 0051 02       		.byte	0x2
 435 0052 3F       		.byte	0x3f
 436 0053 57000000 		.4byte	0x57
 437 0057 02       		.uleb128 0x2
 438 0058 04       		.byte	0x4
ARM GAS  C:\Users\Ilaria\AppData\Local\Temp\ccVfak8I.s 			page 14


 439 0059 05       		.byte	0x5
 440 005a 7A000000 		.4byte	.LASF6
 441 005e 02       		.uleb128 0x2
 442 005f 04       		.byte	0x4
 443 0060 07       		.byte	0x7
 444 0061 49010000 		.4byte	.LASF7
 445 0065 02       		.uleb128 0x2
 446 0066 08       		.byte	0x8
 447 0067 05       		.byte	0x5
 448 0068 2C020000 		.4byte	.LASF8
 449 006c 02       		.uleb128 0x2
 450 006d 08       		.byte	0x8
 451 006e 07       		.byte	0x7
 452 006f E6010000 		.4byte	.LASF9
 453 0073 04       		.uleb128 0x4
 454 0074 04       		.byte	0x4
 455 0075 05       		.byte	0x5
 456 0076 696E7400 		.ascii	"int\000"
 457 007a 02       		.uleb128 0x2
 458 007b 04       		.byte	0x4
 459 007c 07       		.byte	0x7
 460 007d D9010000 		.4byte	.LASF10
 461 0081 03       		.uleb128 0x3
 462 0082 FD010000 		.4byte	.LASF11
 463 0086 03       		.byte	0x3
 464 0087 18       		.byte	0x18
 465 0088 2C000000 		.4byte	0x2c
 466 008c 03       		.uleb128 0x3
 467 008d 15020000 		.4byte	.LASF12
 468 0091 03       		.byte	0x3
 469 0092 2C       		.byte	0x2c
 470 0093 4C000000 		.4byte	0x4c
 471 0097 02       		.uleb128 0x2
 472 0098 04       		.byte	0x4
 473 0099 04       		.byte	0x4
 474 009a 9E000000 		.4byte	.LASF13
 475 009e 02       		.uleb128 0x2
 476 009f 08       		.byte	0x8
 477 00a0 04       		.byte	0x4
 478 00a1 7B010000 		.4byte	.LASF14
 479 00a5 02       		.uleb128 0x2
 480 00a6 01       		.byte	0x1
 481 00a7 08       		.byte	0x8
 482 00a8 52020000 		.4byte	.LASF15
 483 00ac 05       		.uleb128 0x5
 484 00ad 01       		.byte	0x1
 485 00ae 37000000 		.4byte	0x37
 486 00b2 04       		.byte	0x4
 487 00b3 15       		.byte	0x15
 488 00b4 C5000000 		.4byte	0xc5
 489 00b8 06       		.uleb128 0x6
 490 00b9 7D020000 		.4byte	.LASF16
 491 00bd 00       		.byte	0
 492 00be 06       		.uleb128 0x6
 493 00bf 86020000 		.4byte	.LASF17
 494 00c3 01       		.byte	0x1
 495 00c4 00       		.byte	0
ARM GAS  C:\Users\Ilaria\AppData\Local\Temp\ccVfak8I.s 			page 15


 496 00c5 03       		.uleb128 0x3
 497 00c6 94000000 		.4byte	.LASF18
 498 00ca 04       		.byte	0x4
 499 00cb 18       		.byte	0x18
 500 00cc AC000000 		.4byte	0xac
 501 00d0 02       		.uleb128 0x2
 502 00d1 08       		.byte	0x8
 503 00d2 04       		.byte	0x4
 504 00d3 8C020000 		.4byte	.LASF19
 505 00d7 02       		.uleb128 0x2
 506 00d8 04       		.byte	0x4
 507 00d9 07       		.byte	0x7
 508 00da 1D020000 		.4byte	.LASF20
 509 00de 07       		.uleb128 0x7
 510 00df B4010000 		.4byte	.LASF42
 511 00e3 01       		.byte	0x1
 512 00e4 41       		.byte	0x41
 513 00e5 73000000 		.4byte	0x73
 514 00e9 00000000 		.4byte	.LFB64
 515 00ed B8010000 		.4byte	.LFE64-.LFB64
 516 00f1 01       		.uleb128 0x1
 517 00f2 9C       		.byte	0x9c
 518 00f3 EC040000 		.4byte	0x4ec
 519 00f7 08       		.uleb128 0x8
 520 00f8 00000000 		.4byte	.LASF21
 521 00fc 01       		.byte	0x1
 522 00fd 4C       		.byte	0x4c
 523 00fe EC040000 		.4byte	0x4ec
 524 0102 02       		.uleb128 0x2
 525 0103 91       		.byte	0x91
 526 0104 44       		.sleb128 -60
 527 0105 08       		.uleb128 0x8
 528 0106 A4020000 		.4byte	.LASF22
 529 010a 01       		.byte	0x1
 530 010b 5F       		.byte	0x5f
 531 010c 81000000 		.4byte	0x81
 532 0110 02       		.uleb128 0x2
 533 0111 91       		.byte	0x91
 534 0112 43       		.sleb128 -61
 535 0113 09       		.uleb128 0x9
 536 0114 26020000 		.4byte	.LASF23
 537 0118 01       		.byte	0x1
 538 0119 60       		.byte	0x60
 539 011a C5000000 		.4byte	0xc5
 540 011e 00000000 		.4byte	.LLST0
 541 0122 08       		.uleb128 0x8
 542 0123 05020000 		.4byte	.LASF24
 543 0127 01       		.byte	0x1
 544 0128 71       		.byte	0x71
 545 0129 81000000 		.4byte	0x81
 546 012d 02       		.uleb128 0x2
 547 012e 91       		.byte	0x91
 548 012f 42       		.sleb128 -62
 549 0130 08       		.uleb128 0x8
 550 0131 B9010000 		.4byte	.LASF25
 551 0135 01       		.byte	0x1
 552 0136 83       		.byte	0x83
ARM GAS  C:\Users\Ilaria\AppData\Local\Temp\ccVfak8I.s 			page 16


 553 0137 81000000 		.4byte	0x81
 554 013b 02       		.uleb128 0x2
 555 013c 91       		.byte	0x91
 556 013d 41       		.sleb128 -63
 557 013e 08       		.uleb128 0x8
 558 013f CF010000 		.4byte	.LASF26
 559 0143 01       		.byte	0x1
 560 0144 BE       		.byte	0xbe
 561 0145 81000000 		.4byte	0x81
 562 0149 02       		.uleb128 0x2
 563 014a 91       		.byte	0x91
 564 014b 40       		.sleb128 -64
 565 014c 0A       		.uleb128 0xa
 566 014d 14000000 		.4byte	.LBB2
 567 0151 22000000 		.4byte	.LBE2-.LBB2
 568 0155 AE010000 		.4byte	0x1ae
 569 0159 0B       		.uleb128 0xb
 570 015a 6900     		.ascii	"i\000"
 571 015c 01       		.byte	0x1
 572 015d 4F       		.byte	0x4f
 573 015e 73000000 		.4byte	0x73
 574 0162 A2000000 		.4byte	.LLST1
 575 0166 0C       		.uleb128 0xc
 576 0167 1E000000 		.4byte	.LVL4
 577 016b 2E050000 		.4byte	0x52e
 578 016f 7A010000 		.4byte	0x17a
 579 0173 0D       		.uleb128 0xd
 580 0174 01       		.uleb128 0x1
 581 0175 50       		.byte	0x50
 582 0176 02       		.uleb128 0x2
 583 0177 74       		.byte	0x74
 584 0178 00       		.sleb128 0
 585 0179 00       		.byte	0
 586 017a 0C       		.uleb128 0xc
 587 017b 2A000000 		.4byte	.LVL5
 588 017f 39050000 		.4byte	0x539
 589 0183 9D010000 		.4byte	0x19d
 590 0187 0D       		.uleb128 0xd
 591 0188 01       		.uleb128 0x1
 592 0189 50       		.byte	0x50
 593 018a 02       		.uleb128 0x2
 594 018b 91       		.byte	0x91
 595 018c 44       		.sleb128 -60
 596 018d 0D       		.uleb128 0xd
 597 018e 01       		.uleb128 0x1
 598 018f 51       		.byte	0x51
 599 0190 05       		.uleb128 0x5
 600 0191 03       		.byte	0x3
 601 0192 00000000 		.4byte	.LC0
 602 0196 0D       		.uleb128 0xd
 603 0197 01       		.uleb128 0x1
 604 0198 52       		.byte	0x52
 605 0199 02       		.uleb128 0x2
 606 019a 74       		.byte	0x74
 607 019b 00       		.sleb128 0
 608 019c 00       		.byte	0
 609 019d 0E       		.uleb128 0xe
ARM GAS  C:\Users\Ilaria\AppData\Local\Temp\ccVfak8I.s 			page 17


 610 019e 30000000 		.4byte	.LVL6
 611 01a2 44050000 		.4byte	0x544
 612 01a6 0D       		.uleb128 0xd
 613 01a7 01       		.uleb128 0x1
 614 01a8 50       		.byte	0x50
 615 01a9 02       		.uleb128 0x2
 616 01aa 91       		.byte	0x91
 617 01ab 44       		.sleb128 -60
 618 01ac 00       		.byte	0
 619 01ad 00       		.byte	0
 620 01ae 0F       		.uleb128 0xf
 621 01af 0A000000 		.4byte	.LVL0
 622 01b3 4F050000 		.4byte	0x54f
 623 01b7 0F       		.uleb128 0xf
 624 01b8 0E000000 		.4byte	.LVL1
 625 01bc 5A050000 		.4byte	0x55a
 626 01c0 0C       		.uleb128 0xc
 627 01c1 14000000 		.4byte	.LVL2
 628 01c5 65050000 		.4byte	0x565
 629 01c9 D3010000 		.4byte	0x1d3
 630 01cd 0D       		.uleb128 0xd
 631 01ce 01       		.uleb128 0x1
 632 01cf 50       		.byte	0x50
 633 01d0 01       		.uleb128 0x1
 634 01d1 35       		.byte	0x35
 635 01d2 00       		.byte	0
 636 01d3 0C       		.uleb128 0xc
 637 01d4 42000000 		.4byte	.LVL8
 638 01d8 70050000 		.4byte	0x570
 639 01dc F1010000 		.4byte	0x1f1
 640 01e0 0D       		.uleb128 0xd
 641 01e1 01       		.uleb128 0x1
 642 01e2 50       		.byte	0x50
 643 01e3 01       		.uleb128 0x1
 644 01e4 48       		.byte	0x48
 645 01e5 0D       		.uleb128 0xd
 646 01e6 01       		.uleb128 0x1
 647 01e7 51       		.byte	0x51
 648 01e8 01       		.uleb128 0x1
 649 01e9 3F       		.byte	0x3f
 650 01ea 0D       		.uleb128 0xd
 651 01eb 01       		.uleb128 0x1
 652 01ec 52       		.byte	0x52
 653 01ed 02       		.uleb128 0x2
 654 01ee 91       		.byte	0x91
 655 01ef 43       		.sleb128 -61
 656 01f0 00       		.byte	0
 657 01f1 0C       		.uleb128 0xc
 658 01f2 50000000 		.4byte	.LVL10
 659 01f6 39050000 		.4byte	0x539
 660 01fa 0E020000 		.4byte	0x20e
 661 01fe 0D       		.uleb128 0xd
 662 01ff 01       		.uleb128 0x1
 663 0200 50       		.byte	0x50
 664 0201 02       		.uleb128 0x2
 665 0202 91       		.byte	0x91
 666 0203 44       		.sleb128 -60
ARM GAS  C:\Users\Ilaria\AppData\Local\Temp\ccVfak8I.s 			page 18


 667 0204 0D       		.uleb128 0xd
 668 0205 01       		.uleb128 0x1
 669 0206 51       		.byte	0x51
 670 0207 05       		.uleb128 0x5
 671 0208 03       		.byte	0x3
 672 0209 20000000 		.4byte	.LC1
 673 020d 00       		.byte	0
 674 020e 0C       		.uleb128 0xc
 675 020f 56000000 		.4byte	.LVL11
 676 0213 44050000 		.4byte	0x544
 677 0217 22020000 		.4byte	0x222
 678 021b 0D       		.uleb128 0xd
 679 021c 01       		.uleb128 0x1
 680 021d 50       		.byte	0x50
 681 021e 02       		.uleb128 0x2
 682 021f 91       		.byte	0x91
 683 0220 44       		.sleb128 -60
 684 0221 00       		.byte	0
 685 0222 0C       		.uleb128 0xc
 686 0223 5E000000 		.4byte	.LVL14
 687 0227 44050000 		.4byte	0x544
 688 022b 39020000 		.4byte	0x239
 689 022f 0D       		.uleb128 0xd
 690 0230 01       		.uleb128 0x1
 691 0231 50       		.byte	0x50
 692 0232 05       		.uleb128 0x5
 693 0233 03       		.byte	0x3
 694 0234 48000000 		.4byte	.LC2
 695 0238 00       		.byte	0
 696 0239 0C       		.uleb128 0xc
 697 023a 6A000000 		.4byte	.LVL15
 698 023e 70050000 		.4byte	0x570
 699 0242 58020000 		.4byte	0x258
 700 0246 0D       		.uleb128 0xd
 701 0247 01       		.uleb128 0x1
 702 0248 50       		.byte	0x50
 703 0249 01       		.uleb128 0x1
 704 024a 48       		.byte	0x48
 705 024b 0D       		.uleb128 0xd
 706 024c 01       		.uleb128 0x1
 707 024d 51       		.byte	0x51
 708 024e 02       		.uleb128 0x2
 709 024f 08       		.byte	0x8
 710 0250 27       		.byte	0x27
 711 0251 0D       		.uleb128 0xd
 712 0252 01       		.uleb128 0x1
 713 0253 52       		.byte	0x52
 714 0254 02       		.uleb128 0x2
 715 0255 91       		.byte	0x91
 716 0256 42       		.sleb128 -62
 717 0257 00       		.byte	0
 718 0258 0C       		.uleb128 0xc
 719 0259 78000000 		.4byte	.LVL17
 720 025d 39050000 		.4byte	0x539
 721 0261 75020000 		.4byte	0x275
 722 0265 0D       		.uleb128 0xd
 723 0266 01       		.uleb128 0x1
ARM GAS  C:\Users\Ilaria\AppData\Local\Temp\ccVfak8I.s 			page 19


 724 0267 50       		.byte	0x50
 725 0268 02       		.uleb128 0x2
 726 0269 91       		.byte	0x91
 727 026a 44       		.sleb128 -60
 728 026b 0D       		.uleb128 0xd
 729 026c 01       		.uleb128 0x1
 730 026d 51       		.byte	0x51
 731 026e 05       		.uleb128 0x5
 732 026f 03       		.byte	0x3
 733 0270 6C000000 		.4byte	.LC3
 734 0274 00       		.byte	0
 735 0275 0C       		.uleb128 0xc
 736 0276 7E000000 		.4byte	.LVL18
 737 027a 44050000 		.4byte	0x544
 738 027e 89020000 		.4byte	0x289
 739 0282 0D       		.uleb128 0xd
 740 0283 01       		.uleb128 0x1
 741 0284 50       		.byte	0x50
 742 0285 02       		.uleb128 0x2
 743 0286 91       		.byte	0x91
 744 0287 44       		.sleb128 -60
 745 0288 00       		.byte	0
 746 0289 0C       		.uleb128 0xc
 747 028a 86000000 		.4byte	.LVL21
 748 028e 44050000 		.4byte	0x544
 749 0292 A0020000 		.4byte	0x2a0
 750 0296 0D       		.uleb128 0xd
 751 0297 01       		.uleb128 0x1
 752 0298 50       		.byte	0x50
 753 0299 05       		.uleb128 0x5
 754 029a 03       		.byte	0x3
 755 029b 88000000 		.4byte	.LC4
 756 029f 00       		.byte	0
 757 02a0 0C       		.uleb128 0xc
 758 02a1 92000000 		.4byte	.LVL22
 759 02a5 70050000 		.4byte	0x570
 760 02a9 BF020000 		.4byte	0x2bf
 761 02ad 0D       		.uleb128 0xd
 762 02ae 01       		.uleb128 0x1
 763 02af 50       		.byte	0x50
 764 02b0 01       		.uleb128 0x1
 765 02b1 48       		.byte	0x48
 766 02b2 0D       		.uleb128 0xd
 767 02b3 01       		.uleb128 0x1
 768 02b4 51       		.byte	0x51
 769 02b5 02       		.uleb128 0x2
 770 02b6 08       		.byte	0x8
 771 02b7 20       		.byte	0x20
 772 02b8 0D       		.uleb128 0xd
 773 02b9 01       		.uleb128 0x1
 774 02ba 52       		.byte	0x52
 775 02bb 02       		.uleb128 0x2
 776 02bc 91       		.byte	0x91
 777 02bd 41       		.sleb128 -63
 778 02be 00       		.byte	0
 779 02bf 0C       		.uleb128 0xc
 780 02c0 A0000000 		.4byte	.LVL24
ARM GAS  C:\Users\Ilaria\AppData\Local\Temp\ccVfak8I.s 			page 20


 781 02c4 39050000 		.4byte	0x539
 782 02c8 DC020000 		.4byte	0x2dc
 783 02cc 0D       		.uleb128 0xd
 784 02cd 01       		.uleb128 0x1
 785 02ce 50       		.byte	0x50
 786 02cf 02       		.uleb128 0x2
 787 02d0 91       		.byte	0x91
 788 02d1 44       		.sleb128 -60
 789 02d2 0D       		.uleb128 0xd
 790 02d3 01       		.uleb128 0x1
 791 02d4 51       		.byte	0x51
 792 02d5 05       		.uleb128 0x5
 793 02d6 03       		.byte	0x3
 794 02d7 C4000000 		.4byte	.LC5
 795 02db 00       		.byte	0
 796 02dc 0C       		.uleb128 0xc
 797 02dd A6000000 		.4byte	.LVL25
 798 02e1 44050000 		.4byte	0x544
 799 02e5 F0020000 		.4byte	0x2f0
 800 02e9 0D       		.uleb128 0xd
 801 02ea 01       		.uleb128 0x1
 802 02eb 50       		.byte	0x50
 803 02ec 02       		.uleb128 0x2
 804 02ed 91       		.byte	0x91
 805 02ee 44       		.sleb128 -60
 806 02ef 00       		.byte	0
 807 02f0 0C       		.uleb128 0xc
 808 02f1 AE000000 		.4byte	.LVL28
 809 02f5 44050000 		.4byte	0x544
 810 02f9 07030000 		.4byte	0x307
 811 02fd 0D       		.uleb128 0xd
 812 02fe 01       		.uleb128 0x1
 813 02ff 50       		.byte	0x50
 814 0300 05       		.uleb128 0x5
 815 0301 03       		.byte	0x3
 816 0302 E4000000 		.4byte	.LC6
 817 0306 00       		.byte	0
 818 0307 0C       		.uleb128 0xc
 819 0308 B4000000 		.4byte	.LVL29
 820 030c 44050000 		.4byte	0x544
 821 0310 1E030000 		.4byte	0x31e
 822 0314 0D       		.uleb128 0xd
 823 0315 01       		.uleb128 0x1
 824 0316 50       		.byte	0x50
 825 0317 05       		.uleb128 0x5
 826 0318 03       		.byte	0x3
 827 0319 20010000 		.4byte	.LC7
 828 031d 00       		.byte	0
 829 031e 0C       		.uleb128 0xc
 830 031f CA000000 		.4byte	.LVL30
 831 0323 7B050000 		.4byte	0x57b
 832 0327 3D030000 		.4byte	0x33d
 833 032b 0D       		.uleb128 0xd
 834 032c 01       		.uleb128 0x1
 835 032d 50       		.byte	0x50
 836 032e 01       		.uleb128 0x1
 837 032f 48       		.byte	0x48
ARM GAS  C:\Users\Ilaria\AppData\Local\Temp\ccVfak8I.s 			page 21


 838 0330 0D       		.uleb128 0xd
 839 0331 01       		.uleb128 0x1
 840 0332 51       		.byte	0x51
 841 0333 02       		.uleb128 0x2
 842 0334 08       		.byte	0x8
 843 0335 20       		.byte	0x20
 844 0336 0D       		.uleb128 0xd
 845 0337 01       		.uleb128 0x1
 846 0338 52       		.byte	0x52
 847 0339 02       		.uleb128 0x2
 848 033a 08       		.byte	0x8
 849 033b 57       		.byte	0x57
 850 033c 00       		.byte	0
 851 033d 0C       		.uleb128 0xc
 852 033e D8000000 		.4byte	.LVL32
 853 0342 39050000 		.4byte	0x539
 854 0346 5A030000 		.4byte	0x35a
 855 034a 0D       		.uleb128 0xd
 856 034b 01       		.uleb128 0x1
 857 034c 50       		.byte	0x50
 858 034d 02       		.uleb128 0x2
 859 034e 91       		.byte	0x91
 860 034f 44       		.sleb128 -60
 861 0350 0D       		.uleb128 0xd
 862 0351 01       		.uleb128 0x1
 863 0352 51       		.byte	0x51
 864 0353 05       		.uleb128 0x5
 865 0354 03       		.byte	0x3
 866 0355 3C010000 		.4byte	.LC8
 867 0359 00       		.byte	0
 868 035a 0C       		.uleb128 0xc
 869 035b DE000000 		.4byte	.LVL33
 870 035f 44050000 		.4byte	0x544
 871 0363 6E030000 		.4byte	0x36e
 872 0367 0D       		.uleb128 0xd
 873 0368 01       		.uleb128 0x1
 874 0369 50       		.byte	0x50
 875 036a 02       		.uleb128 0x2
 876 036b 91       		.byte	0x91
 877 036c 44       		.sleb128 -60
 878 036d 00       		.byte	0
 879 036e 0C       		.uleb128 0xc
 880 036f E6000000 		.4byte	.LVL36
 881 0373 44050000 		.4byte	0x544
 882 0377 85030000 		.4byte	0x385
 883 037b 0D       		.uleb128 0xd
 884 037c 01       		.uleb128 0x1
 885 037d 50       		.byte	0x50
 886 037e 05       		.uleb128 0x5
 887 037f 03       		.byte	0x3
 888 0380 74010000 		.4byte	.LC9
 889 0384 00       		.byte	0
 890 0385 0C       		.uleb128 0xc
 891 0386 F2000000 		.4byte	.LVL37
 892 038a 70050000 		.4byte	0x570
 893 038e A4030000 		.4byte	0x3a4
 894 0392 0D       		.uleb128 0xd
ARM GAS  C:\Users\Ilaria\AppData\Local\Temp\ccVfak8I.s 			page 22


 895 0393 01       		.uleb128 0x1
 896 0394 50       		.byte	0x50
 897 0395 01       		.uleb128 0x1
 898 0396 48       		.byte	0x48
 899 0397 0D       		.uleb128 0xd
 900 0398 01       		.uleb128 0x1
 901 0399 51       		.byte	0x51
 902 039a 02       		.uleb128 0x2
 903 039b 08       		.byte	0x8
 904 039c 20       		.byte	0x20
 905 039d 0D       		.uleb128 0xd
 906 039e 01       		.uleb128 0x1
 907 039f 52       		.byte	0x52
 908 03a0 02       		.uleb128 0x2
 909 03a1 91       		.byte	0x91
 910 03a2 41       		.sleb128 -63
 911 03a3 00       		.byte	0
 912 03a4 0C       		.uleb128 0xc
 913 03a5 00010000 		.4byte	.LVL39
 914 03a9 39050000 		.4byte	0x539
 915 03ad C1030000 		.4byte	0x3c1
 916 03b1 0D       		.uleb128 0xd
 917 03b2 01       		.uleb128 0x1
 918 03b3 50       		.byte	0x50
 919 03b4 02       		.uleb128 0x2
 920 03b5 91       		.byte	0x91
 921 03b6 44       		.sleb128 -60
 922 03b7 0D       		.uleb128 0xd
 923 03b8 01       		.uleb128 0x1
 924 03b9 51       		.byte	0x51
 925 03ba 05       		.uleb128 0x5
 926 03bb 03       		.byte	0x3
 927 03bc B0010000 		.4byte	.LC10
 928 03c0 00       		.byte	0
 929 03c1 0C       		.uleb128 0xc
 930 03c2 06010000 		.4byte	.LVL40
 931 03c6 44050000 		.4byte	0x544
 932 03ca D5030000 		.4byte	0x3d5
 933 03ce 0D       		.uleb128 0xd
 934 03cf 01       		.uleb128 0x1
 935 03d0 50       		.byte	0x50
 936 03d1 02       		.uleb128 0x2
 937 03d2 91       		.byte	0x91
 938 03d3 44       		.sleb128 -60
 939 03d4 00       		.byte	0
 940 03d5 0C       		.uleb128 0xc
 941 03d6 0E010000 		.4byte	.LVL43
 942 03da 44050000 		.4byte	0x544
 943 03de EC030000 		.4byte	0x3ec
 944 03e2 0D       		.uleb128 0xd
 945 03e3 01       		.uleb128 0x1
 946 03e4 50       		.byte	0x50
 947 03e5 05       		.uleb128 0x5
 948 03e6 03       		.byte	0x3
 949 03e7 E4000000 		.4byte	.LC6
 950 03eb 00       		.byte	0
 951 03ec 0C       		.uleb128 0xc
ARM GAS  C:\Users\Ilaria\AppData\Local\Temp\ccVfak8I.s 			page 23


 952 03ed 18010000 		.4byte	.LVL44
 953 03f1 70050000 		.4byte	0x570
 954 03f5 0B040000 		.4byte	0x40b
 955 03f9 0D       		.uleb128 0xd
 956 03fa 01       		.uleb128 0x1
 957 03fb 50       		.byte	0x50
 958 03fc 01       		.uleb128 0x1
 959 03fd 48       		.byte	0x48
 960 03fe 0D       		.uleb128 0xd
 961 03ff 01       		.uleb128 0x1
 962 0400 51       		.byte	0x51
 963 0401 02       		.uleb128 0x2
 964 0402 08       		.byte	0x8
 965 0403 23       		.byte	0x23
 966 0404 0D       		.uleb128 0xd
 967 0405 01       		.uleb128 0x1
 968 0406 52       		.byte	0x52
 969 0407 02       		.uleb128 0x2
 970 0408 7D       		.byte	0x7d
 971 0409 00       		.sleb128 0
 972 040a 00       		.byte	0
 973 040b 0C       		.uleb128 0xc
 974 040c 26010000 		.4byte	.LVL46
 975 0410 39050000 		.4byte	0x539
 976 0414 28040000 		.4byte	0x428
 977 0418 0D       		.uleb128 0xd
 978 0419 01       		.uleb128 0x1
 979 041a 50       		.byte	0x50
 980 041b 02       		.uleb128 0x2
 981 041c 91       		.byte	0x91
 982 041d 44       		.sleb128 -60
 983 041e 0D       		.uleb128 0xd
 984 041f 01       		.uleb128 0x1
 985 0420 51       		.byte	0x51
 986 0421 05       		.uleb128 0x5
 987 0422 03       		.byte	0x3
 988 0423 E8010000 		.4byte	.LC11
 989 0427 00       		.byte	0
 990 0428 0C       		.uleb128 0xc
 991 0429 2C010000 		.4byte	.LVL47
 992 042d 44050000 		.4byte	0x544
 993 0431 3C040000 		.4byte	0x43c
 994 0435 0D       		.uleb128 0xd
 995 0436 01       		.uleb128 0x1
 996 0437 50       		.byte	0x50
 997 0438 02       		.uleb128 0x2
 998 0439 91       		.byte	0x91
 999 043a 44       		.sleb128 -60
 1000 043b 00       		.byte	0
 1001 043c 0C       		.uleb128 0xc
 1002 043d 34010000 		.4byte	.LVL50
 1003 0441 44050000 		.4byte	0x544
 1004 0445 53040000 		.4byte	0x453
 1005 0449 0D       		.uleb128 0xd
 1006 044a 01       		.uleb128 0x1
 1007 044b 50       		.byte	0x50
 1008 044c 05       		.uleb128 0x5
ARM GAS  C:\Users\Ilaria\AppData\Local\Temp\ccVfak8I.s 			page 24


 1009 044d 03       		.byte	0x3
 1010 044e 08020000 		.4byte	.LC12
 1011 0452 00       		.byte	0
 1012 0453 0C       		.uleb128 0xc
 1013 0454 44010000 		.4byte	.LVL52
 1014 0458 7B050000 		.4byte	0x57b
 1015 045c 72040000 		.4byte	0x472
 1016 0460 0D       		.uleb128 0xd
 1017 0461 01       		.uleb128 0x1
 1018 0462 50       		.byte	0x50
 1019 0463 01       		.uleb128 0x1
 1020 0464 48       		.byte	0x48
 1021 0465 0D       		.uleb128 0xd
 1022 0466 01       		.uleb128 0x1
 1023 0467 51       		.byte	0x51
 1024 0468 02       		.uleb128 0x2
 1025 0469 08       		.byte	0x8
 1026 046a 23       		.byte	0x23
 1027 046b 0D       		.uleb128 0xd
 1028 046c 01       		.uleb128 0x1
 1029 046d 52       		.byte	0x52
 1030 046e 02       		.uleb128 0x2
 1031 046f 09       		.byte	0x9
 1032 0470 90       		.byte	0x90
 1033 0471 00       		.byte	0
 1034 0472 0C       		.uleb128 0xc
 1035 0473 4E010000 		.4byte	.LVL53
 1036 0477 70050000 		.4byte	0x570
 1037 047b 91040000 		.4byte	0x491
 1038 047f 0D       		.uleb128 0xd
 1039 0480 01       		.uleb128 0x1
 1040 0481 50       		.byte	0x50
 1041 0482 01       		.uleb128 0x1
 1042 0483 48       		.byte	0x48
 1043 0484 0D       		.uleb128 0xd
 1044 0485 01       		.uleb128 0x1
 1045 0486 51       		.byte	0x51
 1046 0487 02       		.uleb128 0x2
 1047 0488 08       		.byte	0x8
 1048 0489 23       		.byte	0x23
 1049 048a 0D       		.uleb128 0xd
 1050 048b 01       		.uleb128 0x1
 1051 048c 52       		.byte	0x52
 1052 048d 02       		.uleb128 0x2
 1053 048e 74       		.byte	0x74
 1054 048f 00       		.sleb128 0
 1055 0490 00       		.byte	0
 1056 0491 0C       		.uleb128 0xc
 1057 0492 5C010000 		.4byte	.LVL55
 1058 0496 39050000 		.4byte	0x539
 1059 049a AE040000 		.4byte	0x4ae
 1060 049e 0D       		.uleb128 0xd
 1061 049f 01       		.uleb128 0x1
 1062 04a0 50       		.byte	0x50
 1063 04a1 02       		.uleb128 0x2
 1064 04a2 91       		.byte	0x91
 1065 04a3 44       		.sleb128 -60
ARM GAS  C:\Users\Ilaria\AppData\Local\Temp\ccVfak8I.s 			page 25


 1066 04a4 0D       		.uleb128 0xd
 1067 04a5 01       		.uleb128 0x1
 1068 04a6 51       		.byte	0x51
 1069 04a7 05       		.uleb128 0x5
 1070 04a8 03       		.byte	0x3
 1071 04a9 44020000 		.4byte	.LC13
 1072 04ad 00       		.byte	0
 1073 04ae 0C       		.uleb128 0xc
 1074 04af 62010000 		.4byte	.LVL56
 1075 04b3 44050000 		.4byte	0x544
 1076 04b7 C2040000 		.4byte	0x4c2
 1077 04bb 0D       		.uleb128 0xd
 1078 04bc 01       		.uleb128 0x1
 1079 04bd 50       		.byte	0x50
 1080 04be 02       		.uleb128 0x2
 1081 04bf 91       		.byte	0x91
 1082 04c0 44       		.sleb128 -60
 1083 04c1 00       		.byte	0
 1084 04c2 0C       		.uleb128 0xc
 1085 04c3 6A010000 		.4byte	.LVL59
 1086 04c7 44050000 		.4byte	0x544
 1087 04cb D9040000 		.4byte	0x4d9
 1088 04cf 0D       		.uleb128 0xd
 1089 04d0 01       		.uleb128 0x1
 1090 04d1 50       		.byte	0x50
 1091 04d2 05       		.uleb128 0x5
 1092 04d3 03       		.byte	0x3
 1093 04d4 78020000 		.4byte	.LC14
 1094 04d8 00       		.byte	0
 1095 04d9 0F       		.uleb128 0xf
 1096 04da 6E010000 		.4byte	.LVL60
 1097 04de 86050000 		.4byte	0x586
 1098 04e2 0F       		.uleb128 0xf
 1099 04e3 74010000 		.4byte	.LVL61
 1100 04e7 91050000 		.4byte	0x591
 1101 04eb 00       		.byte	0
 1102 04ec 10       		.uleb128 0x10
 1103 04ed A5000000 		.4byte	0xa5
 1104 04f1 FC040000 		.4byte	0x4fc
 1105 04f5 11       		.uleb128 0x11
 1106 04f6 D7000000 		.4byte	0xd7
 1107 04fa 31       		.byte	0x31
 1108 04fb 00       		.byte	0
 1109 04fc 12       		.uleb128 0x12
 1110 04fd 6E010000 		.4byte	.LASF27
 1111 0501 05       		.byte	0x5
 1112 0502 1207     		.2byte	0x712
 1113 0504 08050000 		.4byte	0x508
 1114 0508 13       		.uleb128 0x13
 1115 0509 8C000000 		.4byte	0x8c
 1116 050d 10       		.uleb128 0x10
 1117 050e 81000000 		.4byte	0x81
 1118 0512 1D050000 		.4byte	0x51d
 1119 0516 11       		.uleb128 0x11
 1120 0517 D7000000 		.4byte	0xd7
 1121 051b 0D       		.byte	0xd
 1122 051c 00       		.byte	0
ARM GAS  C:\Users\Ilaria\AppData\Local\Temp\ccVfak8I.s 			page 26


 1123 051d 14       		.uleb128 0x14
 1124 051e A4000000 		.4byte	.LASF28
 1125 0522 06       		.byte	0x6
 1126 0523 12       		.byte	0x12
 1127 0524 0D050000 		.4byte	0x50d
 1128 0528 05       		.uleb128 0x5
 1129 0529 03       		.byte	0x3
 1130 052a 00000000 		.4byte	OutArray
 1131 052e 15       		.uleb128 0x15
 1132 052f 4F000000 		.4byte	.LASF29
 1133 0533 4F000000 		.4byte	.LASF29
 1134 0537 07       		.byte	0x7
 1135 0538 5D       		.byte	0x5d
 1136 0539 15       		.uleb128 0x15
 1137 053a B1020000 		.4byte	.LASF30
 1138 053e B1020000 		.4byte	.LASF30
 1139 0542 08       		.byte	0x8
 1140 0543 E7       		.byte	0xe7
 1141 0544 15       		.uleb128 0x15
 1142 0545 82010000 		.4byte	.LASF31
 1143 0549 82010000 		.4byte	.LASF31
 1144 054d 09       		.byte	0x9
 1145 054e 8B       		.byte	0x8b
 1146 054f 15       		.uleb128 0x15
 1147 0550 C1020000 		.4byte	.LASF32
 1148 0554 C1020000 		.4byte	.LASF32
 1149 0558 07       		.byte	0x7
 1150 0559 17       		.byte	0x17
 1151 055a 15       		.uleb128 0x15
 1152 055b 3A020000 		.4byte	.LASF33
 1153 055f 3A020000 		.4byte	.LASF33
 1154 0563 09       		.byte	0x9
 1155 0564 54       		.byte	0x54
 1156 0565 15       		.uleb128 0x15
 1157 0566 B9020000 		.4byte	.LASF34
 1158 056a B9020000 		.4byte	.LASF34
 1159 056e 0A       		.byte	0xa
 1160 056f 76       		.byte	0x76
 1161 0570 15       		.uleb128 0x15
 1162 0571 57020000 		.4byte	.LASF35
 1163 0575 57020000 		.4byte	.LASF35
 1164 0579 07       		.byte	0x7
 1165 057a 28       		.byte	0x28
 1166 057b 15       		.uleb128 0x15
 1167 057c 97010000 		.4byte	.LASF36
 1168 0580 97010000 		.4byte	.LASF36
 1169 0584 07       		.byte	0x7
 1170 0585 43       		.byte	0x43
 1171 0586 15       		.uleb128 0x15
 1172 0587 C3010000 		.4byte	.LASF37
 1173 058b C3010000 		.4byte	.LASF37
 1174 058f 0B       		.byte	0xb
 1175 0590 5A       		.byte	0x5a
 1176 0591 15       		.uleb128 0x15
 1177 0592 83000000 		.4byte	.LASF38
 1178 0596 83000000 		.4byte	.LASF38
 1179 059a 0C       		.byte	0xc
ARM GAS  C:\Users\Ilaria\AppData\Local\Temp\ccVfak8I.s 			page 27


 1180 059b 18       		.byte	0x18
 1181 059c 00       		.byte	0
 1182              		.section	.debug_abbrev,"",%progbits
 1183              	.Ldebug_abbrev0:
 1184 0000 01       		.uleb128 0x1
 1185 0001 11       		.uleb128 0x11
 1186 0002 01       		.byte	0x1
 1187 0003 25       		.uleb128 0x25
 1188 0004 0E       		.uleb128 0xe
 1189 0005 13       		.uleb128 0x13
 1190 0006 0B       		.uleb128 0xb
 1191 0007 03       		.uleb128 0x3
 1192 0008 0E       		.uleb128 0xe
 1193 0009 1B       		.uleb128 0x1b
 1194 000a 0E       		.uleb128 0xe
 1195 000b 55       		.uleb128 0x55
 1196 000c 17       		.uleb128 0x17
 1197 000d 11       		.uleb128 0x11
 1198 000e 01       		.uleb128 0x1
 1199 000f 10       		.uleb128 0x10
 1200 0010 17       		.uleb128 0x17
 1201 0011 00       		.byte	0
 1202 0012 00       		.byte	0
 1203 0013 02       		.uleb128 0x2
 1204 0014 24       		.uleb128 0x24
 1205 0015 00       		.byte	0
 1206 0016 0B       		.uleb128 0xb
 1207 0017 0B       		.uleb128 0xb
 1208 0018 3E       		.uleb128 0x3e
 1209 0019 0B       		.uleb128 0xb
 1210 001a 03       		.uleb128 0x3
 1211 001b 0E       		.uleb128 0xe
 1212 001c 00       		.byte	0
 1213 001d 00       		.byte	0
 1214 001e 03       		.uleb128 0x3
 1215 001f 16       		.uleb128 0x16
 1216 0020 00       		.byte	0
 1217 0021 03       		.uleb128 0x3
 1218 0022 0E       		.uleb128 0xe
 1219 0023 3A       		.uleb128 0x3a
 1220 0024 0B       		.uleb128 0xb
 1221 0025 3B       		.uleb128 0x3b
 1222 0026 0B       		.uleb128 0xb
 1223 0027 49       		.uleb128 0x49
 1224 0028 13       		.uleb128 0x13
 1225 0029 00       		.byte	0
 1226 002a 00       		.byte	0
 1227 002b 04       		.uleb128 0x4
 1228 002c 24       		.uleb128 0x24
 1229 002d 00       		.byte	0
 1230 002e 0B       		.uleb128 0xb
 1231 002f 0B       		.uleb128 0xb
 1232 0030 3E       		.uleb128 0x3e
 1233 0031 0B       		.uleb128 0xb
 1234 0032 03       		.uleb128 0x3
 1235 0033 08       		.uleb128 0x8
 1236 0034 00       		.byte	0
ARM GAS  C:\Users\Ilaria\AppData\Local\Temp\ccVfak8I.s 			page 28


 1237 0035 00       		.byte	0
 1238 0036 05       		.uleb128 0x5
 1239 0037 04       		.uleb128 0x4
 1240 0038 01       		.byte	0x1
 1241 0039 0B       		.uleb128 0xb
 1242 003a 0B       		.uleb128 0xb
 1243 003b 49       		.uleb128 0x49
 1244 003c 13       		.uleb128 0x13
 1245 003d 3A       		.uleb128 0x3a
 1246 003e 0B       		.uleb128 0xb
 1247 003f 3B       		.uleb128 0x3b
 1248 0040 0B       		.uleb128 0xb
 1249 0041 01       		.uleb128 0x1
 1250 0042 13       		.uleb128 0x13
 1251 0043 00       		.byte	0
 1252 0044 00       		.byte	0
 1253 0045 06       		.uleb128 0x6
 1254 0046 28       		.uleb128 0x28
 1255 0047 00       		.byte	0
 1256 0048 03       		.uleb128 0x3
 1257 0049 0E       		.uleb128 0xe
 1258 004a 1C       		.uleb128 0x1c
 1259 004b 0B       		.uleb128 0xb
 1260 004c 00       		.byte	0
 1261 004d 00       		.byte	0
 1262 004e 07       		.uleb128 0x7
 1263 004f 2E       		.uleb128 0x2e
 1264 0050 01       		.byte	0x1
 1265 0051 3F       		.uleb128 0x3f
 1266 0052 19       		.uleb128 0x19
 1267 0053 03       		.uleb128 0x3
 1268 0054 0E       		.uleb128 0xe
 1269 0055 3A       		.uleb128 0x3a
 1270 0056 0B       		.uleb128 0xb
 1271 0057 3B       		.uleb128 0x3b
 1272 0058 0B       		.uleb128 0xb
 1273 0059 27       		.uleb128 0x27
 1274 005a 19       		.uleb128 0x19
 1275 005b 49       		.uleb128 0x49
 1276 005c 13       		.uleb128 0x13
 1277 005d 8701     		.uleb128 0x87
 1278 005f 19       		.uleb128 0x19
 1279 0060 11       		.uleb128 0x11
 1280 0061 01       		.uleb128 0x1
 1281 0062 12       		.uleb128 0x12
 1282 0063 06       		.uleb128 0x6
 1283 0064 40       		.uleb128 0x40
 1284 0065 18       		.uleb128 0x18
 1285 0066 9742     		.uleb128 0x2117
 1286 0068 19       		.uleb128 0x19
 1287 0069 01       		.uleb128 0x1
 1288 006a 13       		.uleb128 0x13
 1289 006b 00       		.byte	0
 1290 006c 00       		.byte	0
 1291 006d 08       		.uleb128 0x8
 1292 006e 34       		.uleb128 0x34
 1293 006f 00       		.byte	0
ARM GAS  C:\Users\Ilaria\AppData\Local\Temp\ccVfak8I.s 			page 29


 1294 0070 03       		.uleb128 0x3
 1295 0071 0E       		.uleb128 0xe
 1296 0072 3A       		.uleb128 0x3a
 1297 0073 0B       		.uleb128 0xb
 1298 0074 3B       		.uleb128 0x3b
 1299 0075 0B       		.uleb128 0xb
 1300 0076 49       		.uleb128 0x49
 1301 0077 13       		.uleb128 0x13
 1302 0078 02       		.uleb128 0x2
 1303 0079 18       		.uleb128 0x18
 1304 007a 00       		.byte	0
 1305 007b 00       		.byte	0
 1306 007c 09       		.uleb128 0x9
 1307 007d 34       		.uleb128 0x34
 1308 007e 00       		.byte	0
 1309 007f 03       		.uleb128 0x3
 1310 0080 0E       		.uleb128 0xe
 1311 0081 3A       		.uleb128 0x3a
 1312 0082 0B       		.uleb128 0xb
 1313 0083 3B       		.uleb128 0x3b
 1314 0084 0B       		.uleb128 0xb
 1315 0085 49       		.uleb128 0x49
 1316 0086 13       		.uleb128 0x13
 1317 0087 02       		.uleb128 0x2
 1318 0088 17       		.uleb128 0x17
 1319 0089 00       		.byte	0
 1320 008a 00       		.byte	0
 1321 008b 0A       		.uleb128 0xa
 1322 008c 0B       		.uleb128 0xb
 1323 008d 01       		.byte	0x1
 1324 008e 11       		.uleb128 0x11
 1325 008f 01       		.uleb128 0x1
 1326 0090 12       		.uleb128 0x12
 1327 0091 06       		.uleb128 0x6
 1328 0092 01       		.uleb128 0x1
 1329 0093 13       		.uleb128 0x13
 1330 0094 00       		.byte	0
 1331 0095 00       		.byte	0
 1332 0096 0B       		.uleb128 0xb
 1333 0097 34       		.uleb128 0x34
 1334 0098 00       		.byte	0
 1335 0099 03       		.uleb128 0x3
 1336 009a 08       		.uleb128 0x8
 1337 009b 3A       		.uleb128 0x3a
 1338 009c 0B       		.uleb128 0xb
 1339 009d 3B       		.uleb128 0x3b
 1340 009e 0B       		.uleb128 0xb
 1341 009f 49       		.uleb128 0x49
 1342 00a0 13       		.uleb128 0x13
 1343 00a1 02       		.uleb128 0x2
 1344 00a2 17       		.uleb128 0x17
 1345 00a3 00       		.byte	0
 1346 00a4 00       		.byte	0
 1347 00a5 0C       		.uleb128 0xc
 1348 00a6 898201   		.uleb128 0x4109
 1349 00a9 01       		.byte	0x1
 1350 00aa 11       		.uleb128 0x11
ARM GAS  C:\Users\Ilaria\AppData\Local\Temp\ccVfak8I.s 			page 30


 1351 00ab 01       		.uleb128 0x1
 1352 00ac 31       		.uleb128 0x31
 1353 00ad 13       		.uleb128 0x13
 1354 00ae 01       		.uleb128 0x1
 1355 00af 13       		.uleb128 0x13
 1356 00b0 00       		.byte	0
 1357 00b1 00       		.byte	0
 1358 00b2 0D       		.uleb128 0xd
 1359 00b3 8A8201   		.uleb128 0x410a
 1360 00b6 00       		.byte	0
 1361 00b7 02       		.uleb128 0x2
 1362 00b8 18       		.uleb128 0x18
 1363 00b9 9142     		.uleb128 0x2111
 1364 00bb 18       		.uleb128 0x18
 1365 00bc 00       		.byte	0
 1366 00bd 00       		.byte	0
 1367 00be 0E       		.uleb128 0xe
 1368 00bf 898201   		.uleb128 0x4109
 1369 00c2 01       		.byte	0x1
 1370 00c3 11       		.uleb128 0x11
 1371 00c4 01       		.uleb128 0x1
 1372 00c5 31       		.uleb128 0x31
 1373 00c6 13       		.uleb128 0x13
 1374 00c7 00       		.byte	0
 1375 00c8 00       		.byte	0
 1376 00c9 0F       		.uleb128 0xf
 1377 00ca 898201   		.uleb128 0x4109
 1378 00cd 00       		.byte	0
 1379 00ce 11       		.uleb128 0x11
 1380 00cf 01       		.uleb128 0x1
 1381 00d0 31       		.uleb128 0x31
 1382 00d1 13       		.uleb128 0x13
 1383 00d2 00       		.byte	0
 1384 00d3 00       		.byte	0
 1385 00d4 10       		.uleb128 0x10
 1386 00d5 01       		.uleb128 0x1
 1387 00d6 01       		.byte	0x1
 1388 00d7 49       		.uleb128 0x49
 1389 00d8 13       		.uleb128 0x13
 1390 00d9 01       		.uleb128 0x1
 1391 00da 13       		.uleb128 0x13
 1392 00db 00       		.byte	0
 1393 00dc 00       		.byte	0
 1394 00dd 11       		.uleb128 0x11
 1395 00de 21       		.uleb128 0x21
 1396 00df 00       		.byte	0
 1397 00e0 49       		.uleb128 0x49
 1398 00e1 13       		.uleb128 0x13
 1399 00e2 2F       		.uleb128 0x2f
 1400 00e3 0B       		.uleb128 0xb
 1401 00e4 00       		.byte	0
 1402 00e5 00       		.byte	0
 1403 00e6 12       		.uleb128 0x12
 1404 00e7 34       		.uleb128 0x34
 1405 00e8 00       		.byte	0
 1406 00e9 03       		.uleb128 0x3
 1407 00ea 0E       		.uleb128 0xe
ARM GAS  C:\Users\Ilaria\AppData\Local\Temp\ccVfak8I.s 			page 31


 1408 00eb 3A       		.uleb128 0x3a
 1409 00ec 0B       		.uleb128 0xb
 1410 00ed 3B       		.uleb128 0x3b
 1411 00ee 05       		.uleb128 0x5
 1412 00ef 49       		.uleb128 0x49
 1413 00f0 13       		.uleb128 0x13
 1414 00f1 3F       		.uleb128 0x3f
 1415 00f2 19       		.uleb128 0x19
 1416 00f3 3C       		.uleb128 0x3c
 1417 00f4 19       		.uleb128 0x19
 1418 00f5 00       		.byte	0
 1419 00f6 00       		.byte	0
 1420 00f7 13       		.uleb128 0x13
 1421 00f8 35       		.uleb128 0x35
 1422 00f9 00       		.byte	0
 1423 00fa 49       		.uleb128 0x49
 1424 00fb 13       		.uleb128 0x13
 1425 00fc 00       		.byte	0
 1426 00fd 00       		.byte	0
 1427 00fe 14       		.uleb128 0x14
 1428 00ff 34       		.uleb128 0x34
 1429 0100 00       		.byte	0
 1430 0101 03       		.uleb128 0x3
 1431 0102 0E       		.uleb128 0xe
 1432 0103 3A       		.uleb128 0x3a
 1433 0104 0B       		.uleb128 0xb
 1434 0105 3B       		.uleb128 0x3b
 1435 0106 0B       		.uleb128 0xb
 1436 0107 49       		.uleb128 0x49
 1437 0108 13       		.uleb128 0x13
 1438 0109 3F       		.uleb128 0x3f
 1439 010a 19       		.uleb128 0x19
 1440 010b 02       		.uleb128 0x2
 1441 010c 18       		.uleb128 0x18
 1442 010d 00       		.byte	0
 1443 010e 00       		.byte	0
 1444 010f 15       		.uleb128 0x15
 1445 0110 2E       		.uleb128 0x2e
 1446 0111 00       		.byte	0
 1447 0112 3F       		.uleb128 0x3f
 1448 0113 19       		.uleb128 0x19
 1449 0114 3C       		.uleb128 0x3c
 1450 0115 19       		.uleb128 0x19
 1451 0116 6E       		.uleb128 0x6e
 1452 0117 0E       		.uleb128 0xe
 1453 0118 03       		.uleb128 0x3
 1454 0119 0E       		.uleb128 0xe
 1455 011a 3A       		.uleb128 0x3a
 1456 011b 0B       		.uleb128 0xb
 1457 011c 3B       		.uleb128 0x3b
 1458 011d 0B       		.uleb128 0xb
 1459 011e 00       		.byte	0
 1460 011f 00       		.byte	0
 1461 0120 00       		.byte	0
 1462              		.section	.debug_loc,"",%progbits
 1463              	.Ldebug_loc0:
 1464              	.LLST0:
ARM GAS  C:\Users\Ilaria\AppData\Local\Temp\ccVfak8I.s 			page 32


 1465 0000 42000000 		.4byte	.LVL8
 1466 0004 4C000000 		.4byte	.LVL9
 1467 0008 0100     		.2byte	0x1
 1468 000a 50       		.byte	0x50
 1469 000b 58000000 		.4byte	.LVL12
 1470 000f 5A000000 		.4byte	.LVL13
 1471 0013 0100     		.2byte	0x1
 1472 0015 50       		.byte	0x50
 1473 0016 6A000000 		.4byte	.LVL15
 1474 001a 74000000 		.4byte	.LVL16
 1475 001e 0100     		.2byte	0x1
 1476 0020 50       		.byte	0x50
 1477 0021 80000000 		.4byte	.LVL19
 1478 0025 82000000 		.4byte	.LVL20
 1479 0029 0100     		.2byte	0x1
 1480 002b 50       		.byte	0x50
 1481 002c 92000000 		.4byte	.LVL22
 1482 0030 9C000000 		.4byte	.LVL23
 1483 0034 0100     		.2byte	0x1
 1484 0036 50       		.byte	0x50
 1485 0037 A8000000 		.4byte	.LVL26
 1486 003b AA000000 		.4byte	.LVL27
 1487 003f 0100     		.2byte	0x1
 1488 0041 50       		.byte	0x50
 1489 0042 CA000000 		.4byte	.LVL30
 1490 0046 D4000000 		.4byte	.LVL31
 1491 004a 0100     		.2byte	0x1
 1492 004c 50       		.byte	0x50
 1493 004d E0000000 		.4byte	.LVL34
 1494 0051 E2000000 		.4byte	.LVL35
 1495 0055 0100     		.2byte	0x1
 1496 0057 50       		.byte	0x50
 1497 0058 F2000000 		.4byte	.LVL37
 1498 005c FC000000 		.4byte	.LVL38
 1499 0060 0100     		.2byte	0x1
 1500 0062 50       		.byte	0x50
 1501 0063 08010000 		.4byte	.LVL41
 1502 0067 0A010000 		.4byte	.LVL42
 1503 006b 0100     		.2byte	0x1
 1504 006d 50       		.byte	0x50
 1505 006e 18010000 		.4byte	.LVL44
 1506 0072 22010000 		.4byte	.LVL45
 1507 0076 0100     		.2byte	0x1
 1508 0078 50       		.byte	0x50
 1509 0079 2E010000 		.4byte	.LVL48
 1510 007d 30010000 		.4byte	.LVL49
 1511 0081 0100     		.2byte	0x1
 1512 0083 50       		.byte	0x50
 1513 0084 4E010000 		.4byte	.LVL53
 1514 0088 58010000 		.4byte	.LVL54
 1515 008c 0100     		.2byte	0x1
 1516 008e 50       		.byte	0x50
 1517 008f 64010000 		.4byte	.LVL57
 1518 0093 66010000 		.4byte	.LVL58
 1519 0097 0100     		.2byte	0x1
 1520 0099 50       		.byte	0x50
 1521 009a 00000000 		.4byte	0
ARM GAS  C:\Users\Ilaria\AppData\Local\Temp\ccVfak8I.s 			page 33


 1522 009e 00000000 		.4byte	0
 1523              	.LLST1:
 1524 00a2 14000000 		.4byte	.LVL2
 1525 00a6 18000000 		.4byte	.LVL3
 1526 00aa 0200     		.2byte	0x2
 1527 00ac 30       		.byte	0x30
 1528 00ad 9F       		.byte	0x9f
 1529 00ae 18000000 		.4byte	.LVL3
 1530 00b2 38010000 		.4byte	.LVL51
 1531 00b6 0100     		.2byte	0x1
 1532 00b8 54       		.byte	0x54
 1533 00b9 00000000 		.4byte	0
 1534 00bd 00000000 		.4byte	0
 1535              		.section	.debug_aranges,"",%progbits
 1536 0000 1C000000 		.4byte	0x1c
 1537 0004 0200     		.2byte	0x2
 1538 0006 00000000 		.4byte	.Ldebug_info0
 1539 000a 04       		.byte	0x4
 1540 000b 00       		.byte	0
 1541 000c 0000     		.2byte	0
 1542 000e 0000     		.2byte	0
 1543 0010 00000000 		.4byte	.LFB64
 1544 0014 B8010000 		.4byte	.LFE64-.LFB64
 1545 0018 00000000 		.4byte	0
 1546 001c 00000000 		.4byte	0
 1547              		.section	.debug_ranges,"",%progbits
 1548              	.Ldebug_ranges0:
 1549 0000 00000000 		.4byte	.LFB64
 1550 0004 B8010000 		.4byte	.LFE64
 1551 0008 00000000 		.4byte	0
 1552 000c 00000000 		.4byte	0
 1553              		.section	.debug_line,"",%progbits
 1554              	.Ldebug_line0:
 1555 0000 78020000 		.section	.debug_str,"MS",%progbits,1
 1555      02002002 
 1555      00000201 
 1555      FB0E0D00 
 1555      01010101 
 1556              	.LASF21:
 1557 0000 6D657373 		.ascii	"message\000"
 1557      61676500 
 1558              	.LASF4:
 1559 0008 5F5F7569 		.ascii	"__uint8_t\000"
 1559      6E74385F 
 1559      7400
 1560              	.LASF41:
 1561 0012 433A5C55 		.ascii	"C:\\Users\\Ilaria\\Desktop\\PSoC_03\\AY1920_II_HW_0"
 1561      73657273 
 1561      5C496C61 
 1561      7269615C 
 1561      4465736B 
 1562 0040 355F5052 		.ascii	"5_PROJ_3.cydsn\000"
 1562      4F4A5F33 
 1562      2E637964 
 1562      736E00
 1563              	.LASF29:
 1564 004f 4932435F 		.ascii	"I2C_Peripheral_IsDeviceConnected\000"
ARM GAS  C:\Users\Ilaria\AppData\Local\Temp\ccVfak8I.s 			page 34


 1564      50657269 
 1564      70686572 
 1564      616C5F49 
 1564      73446576 
 1565              	.LASF5:
 1566 0070 5F5F696E 		.ascii	"__int32_t\000"
 1566      7433325F 
 1566      7400
 1567              	.LASF6:
 1568 007a 6C6F6E67 		.ascii	"long int\000"
 1568      20696E74 
 1568      00
 1569              	.LASF38:
 1570 0083 6973725F 		.ascii	"isr_Send_StartEx\000"
 1570      53656E64 
 1570      5F537461 
 1570      72744578 
 1570      00
 1571              	.LASF18:
 1572 0094 4572726F 		.ascii	"ErrorCode\000"
 1572      72436F64 
 1572      6500
 1573              	.LASF13:
 1574 009e 666C6F61 		.ascii	"float\000"
 1574      7400
 1575              	.LASF28:
 1576 00a4 4F757441 		.ascii	"OutArray\000"
 1576      72726179 
 1576      00
 1577              	.LASF1:
 1578 00ad 756E7369 		.ascii	"unsigned char\000"
 1578      676E6564 
 1578      20636861 
 1578      7200
 1579              	.LASF39:
 1580 00bb 474E5520 		.ascii	"GNU C11 5.4.1 20160609 (release) [ARM/embedded-5-br"
 1580      43313120 
 1580      352E342E 
 1580      31203230 
 1580      31363036 
 1581 00ee 616E6368 		.ascii	"anch revision 237715] -mcpu=cortex-m3 -mthumb -g -O"
 1581      20726576 
 1581      6973696F 
 1581      6E203233 
 1581      37373135 
 1582 0121 67202D66 		.ascii	"g -ffunction-sections -ffat-lto-objects\000"
 1582      66756E63 
 1582      74696F6E 
 1582      2D736563 
 1582      74696F6E 
 1583              	.LASF7:
 1584 0149 6C6F6E67 		.ascii	"long unsigned int\000"
 1584      20756E73 
 1584      69676E65 
 1584      6420696E 
 1584      7400
 1585              	.LASF3:
ARM GAS  C:\Users\Ilaria\AppData\Local\Temp\ccVfak8I.s 			page 35


 1586 015b 73686F72 		.ascii	"short unsigned int\000"
 1586      7420756E 
 1586      7369676E 
 1586      65642069 
 1586      6E7400
 1587              	.LASF27:
 1588 016e 49544D5F 		.ascii	"ITM_RxBuffer\000"
 1588      52784275 
 1588      66666572 
 1588      00
 1589              	.LASF14:
 1590 017b 646F7562 		.ascii	"double\000"
 1590      6C6500
 1591              	.LASF31:
 1592 0182 55415254 		.ascii	"UART_Debug_PutString\000"
 1592      5F446562 
 1592      75675F50 
 1592      75745374 
 1592      72696E67 
 1593              	.LASF36:
 1594 0197 4932435F 		.ascii	"I2C_Peripheral_WriteRegister\000"
 1594      50657269 
 1594      70686572 
 1594      616C5F57 
 1594      72697465 
 1595              	.LASF42:
 1596 01b4 6D61696E 		.ascii	"main\000"
 1596      00
 1597              	.LASF25:
 1598 01b9 6374726C 		.ascii	"ctrl_reg1\000"
 1598      5F726567 
 1598      3100
 1599              	.LASF37:
 1600 01c3 54696D65 		.ascii	"Timer_Start\000"
 1600      725F5374 
 1600      61727400 
 1601              	.LASF26:
 1602 01cf 6374726C 		.ascii	"ctrl_reg4\000"
 1602      5F726567 
 1602      3400
 1603              	.LASF10:
 1604 01d9 756E7369 		.ascii	"unsigned int\000"
 1604      676E6564 
 1604      20696E74 
 1604      00
 1605              	.LASF9:
 1606 01e6 6C6F6E67 		.ascii	"long long unsigned int\000"
 1606      206C6F6E 
 1606      6720756E 
 1606      7369676E 
 1606      65642069 
 1607              	.LASF11:
 1608 01fd 75696E74 		.ascii	"uint8_t\000"
 1608      385F7400 
 1609              	.LASF24:
 1610 0205 73746174 		.ascii	"status_register\000"
 1610      75735F72 
ARM GAS  C:\Users\Ilaria\AppData\Local\Temp\ccVfak8I.s 			page 36


 1610      65676973 
 1610      74657200 
 1611              	.LASF12:
 1612 0215 696E7433 		.ascii	"int32_t\000"
 1612      325F7400 
 1613              	.LASF20:
 1614 021d 73697A65 		.ascii	"sizetype\000"
 1614      74797065 
 1614      00
 1615              	.LASF23:
 1616 0226 6572726F 		.ascii	"error\000"
 1616      7200
 1617              	.LASF8:
 1618 022c 6C6F6E67 		.ascii	"long long int\000"
 1618      206C6F6E 
 1618      6720696E 
 1618      7400
 1619              	.LASF33:
 1620 023a 55415254 		.ascii	"UART_Debug_Start\000"
 1620      5F446562 
 1620      75675F53 
 1620      74617274 
 1620      00
 1621              	.LASF40:
 1622 024b 6D61696E 		.ascii	"main.c\000"
 1622      2E6300
 1623              	.LASF15:
 1624 0252 63686172 		.ascii	"char\000"
 1624      00
 1625              	.LASF35:
 1626 0257 4932435F 		.ascii	"I2C_Peripheral_ReadRegister\000"
 1626      50657269 
 1626      70686572 
 1626      616C5F52 
 1626      65616452 
 1627              	.LASF2:
 1628 0273 73686F72 		.ascii	"short int\000"
 1628      7420696E 
 1628      7400
 1629              	.LASF16:
 1630 027d 4E4F5F45 		.ascii	"NO_ERROR\000"
 1630      52524F52 
 1630      00
 1631              	.LASF17:
 1632 0286 4552524F 		.ascii	"ERROR\000"
 1632      5200
 1633              	.LASF19:
 1634 028c 6C6F6E67 		.ascii	"long double\000"
 1634      20646F75 
 1634      626C6500 
 1635              	.LASF0:
 1636 0298 7369676E 		.ascii	"signed char\000"
 1636      65642063 
 1636      68617200 
 1637              	.LASF22:
 1638 02a4 77686F5F 		.ascii	"who_am_i_reg\000"
 1638      616D5F69 
ARM GAS  C:\Users\Ilaria\AppData\Local\Temp\ccVfak8I.s 			page 37


 1638      5F726567 
 1638      00
 1639              	.LASF30:
 1640 02b1 73707269 		.ascii	"sprintf\000"
 1640      6E746600 
 1641              	.LASF34:
 1642 02b9 43794465 		.ascii	"CyDelay\000"
 1642      6C617900 
 1643              	.LASF32:
 1644 02c1 4932435F 		.ascii	"I2C_Peripheral_Start\000"
 1644      50657269 
 1644      70686572 
 1644      616C5F53 
 1644      74617274 
 1645              		.ident	"GCC: (GNU Tools for ARM Embedded Processors) 5.4.1 20160609 (release) [ARM/embedded-5-bran
