ARM GAS  C:\Users\Ilaria\AppData\Local\Temp\ccF7MNYs.s 			page 1


   1              		.syntax unified
   2              		.cpu cortex-m3
   3              		.fpu softvfp
   4              		.eabi_attribute 20, 1
   5              		.eabi_attribute 21, 1
   6              		.eabi_attribute 23, 3
   7              		.eabi_attribute 24, 1
   8              		.eabi_attribute 25, 1
   9              		.eabi_attribute 26, 1
  10              		.eabi_attribute 30, 1
  11              		.eabi_attribute 34, 1
  12              		.eabi_attribute 18, 4
  13              		.thumb
  14              		.syntax unified
  15              		.file	"cymetadata.c"
  16              		.text
  17              	.Ltext0:
  18              		.cfi_sections	.debug_frame
  19              		.global	cy_metadata
  20              		.global	cy_meta_flashprotect
  21              		.global	cy_meta_wonvl
  22              		.global	cy_meta_custnvl
  23              		.global	cy_meta_configecc
  24              		.section	.cyconfigecc,"a",%progbits
  25              		.align	2
  26              		.type	cy_meta_configecc, %object
  27              		.size	cy_meta_configecc, 1116
  28              	cy_meta_configecc:
  29 0000 01       		.byte	1
  30 0001 4F       		.byte	79
  31 0002 00       		.byte	0
  32 0003 40       		.byte	64
  33 0004 01       		.byte	1
  34 0005 64       		.byte	100
  35 0006 00       		.byte	0
  36 0007 40       		.byte	64
  37 0008 02       		.byte	2
  38 0009 65       		.byte	101
  39 000a 00       		.byte	0
  40 000b 40       		.byte	64
  41 000c 01       		.byte	1
  42 000d 07       		.byte	7
  43 000e 01       		.byte	1
  44 000f 40       		.byte	64
  45 0010 51       		.byte	81
  46 0011 08       		.byte	8
  47 0012 01       		.byte	1
  48 0013 40       		.byte	64
  49 0014 33       		.byte	51
  50 0015 09       		.byte	9
  51 0016 01       		.byte	1
  52 0017 40       		.byte	64
  53 0018 04       		.byte	4
  54 0019 0A       		.byte	10
  55 001a 01       		.byte	1
  56 001b 40       		.byte	64
  57 001c 01       		.byte	1
ARM GAS  C:\Users\Ilaria\AppData\Local\Temp\ccF7MNYs.s 			page 2


  58 001d 0B       		.byte	11
  59 001e 01       		.byte	1
  60 001f 40       		.byte	64
  61 0020 03       		.byte	3
  62 0021 15       		.byte	21
  63 0022 01       		.byte	1
  64 0023 40       		.byte	64
  65 0024 02       		.byte	2
  66 0025 17       		.byte	23
  67 0026 01       		.byte	1
  68 0027 40       		.byte	64
  69 0028 51       		.byte	81
  70 0029 18       		.byte	24
  71 002a 01       		.byte	1
  72 002b 40       		.byte	64
  73 002c 44       		.byte	68
  74 002d 19       		.byte	25
  75 002e 01       		.byte	1
  76 002f 40       		.byte	64
  77 0030 0E       		.byte	14
  78 0031 1A       		.byte	26
  79 0032 01       		.byte	1
  80 0033 40       		.byte	64
  81 0034 42       		.byte	66
  82 0035 1B       		.byte	27
  83 0036 01       		.byte	1
  84 0037 40       		.byte	64
  85 0038 04       		.byte	4
  86 0039 42       		.byte	66
  87 003a 01       		.byte	1
  88 003b 40       		.byte	64
  89 003c 03       		.byte	3
  90 003d 43       		.byte	67
  91 003e 01       		.byte	1
  92 003f 40       		.byte	64
  93 0040 02       		.byte	2
  94 0041 47       		.byte	71
  95 0042 01       		.byte	1
  96 0043 40       		.byte	64
  97 0044 05       		.byte	5
  98 0045 48       		.byte	72
  99 0046 01       		.byte	1
 100 0047 40       		.byte	64
 101 0048 0F       		.byte	15
 102 0049 49       		.byte	73
 103 004a 01       		.byte	1
 104 004b 40       		.byte	64
 105 004c 0A       		.byte	10
 106 004d 4C       		.byte	76
 107 004e 01       		.byte	1
 108 004f 40       		.byte	64
 109 0050 0D       		.byte	13
 110 0051 4D       		.byte	77
 111 0052 01       		.byte	1
 112 0053 40       		.byte	64
 113 0054 04       		.byte	4
 114 0055 50       		.byte	80
ARM GAS  C:\Users\Ilaria\AppData\Local\Temp\ccF7MNYs.s 			page 3


 115 0056 01       		.byte	1
 116 0057 40       		.byte	64
 117 0058 01       		.byte	1
 118 0059 51       		.byte	81
 119 005a 01       		.byte	1
 120 005b 40       		.byte	64
 121 005c 0A       		.byte	10
 122 005d 4B       		.byte	75
 123 005e 89       		.byte	-119
 124 005f 0F       		.byte	15
 125 0060 88       		.byte	-120
 126 0061 72       		.byte	114
 127 0062 8A       		.byte	-118
 128 0063 38       		.byte	56
 129 0064 EE       		.byte	-18
 130 0065 08       		.byte	8
 131 0066 00       		.byte	0
 132 0067 01       		.byte	1
 133 0068 01       		.byte	1
 134 0069 04       		.byte	4
 135 006a 07       		.byte	7
 136 006b 01       		.byte	1
 137 006c 0B       		.byte	11
 138 006d 10       		.byte	16
 139 006e 0D       		.byte	13
 140 006f 08       		.byte	8
 141 0070 0E       		.byte	14
 142 0071 01       		.byte	1
 143 0072 11       		.byte	17
 144 0073 06       		.byte	6
 145 0074 12       		.byte	18
 146 0075 01       		.byte	1
 147 0076 13       		.byte	19
 148 0077 01       		.byte	1
 149 0078 14       		.byte	20
 150 0079 01       		.byte	1
 151 007a 15       		.byte	21
 152 007b 07       		.byte	7
 153 007c 19       		.byte	25
 154 007d 06       		.byte	6
 155 007e 1D       		.byte	29
 156 007f 06       		.byte	6
 157 0080 1F       		.byte	31
 158 0081 01       		.byte	1
 159 0082 25       		.byte	37
 160 0083 02       		.byte	2
 161 0084 2B       		.byte	43
 162 0085 10       		.byte	16
 163 0086 2D       		.byte	45
 164 0087 01       		.byte	1
 165 0088 2F       		.byte	47
 166 0089 06       		.byte	6
 167 008a 32       		.byte	50
 168 008b 01       		.byte	1
 169 008c 33       		.byte	51
 170 008d 08       		.byte	8
 171 008e 35       		.byte	53
ARM GAS  C:\Users\Ilaria\AppData\Local\Temp\ccF7MNYs.s 			page 4


 172 008f 10       		.byte	16
 173 0090 37       		.byte	55
 174 0091 07       		.byte	7
 175 0092 38       		.byte	56
 176 0093 08       		.byte	8
 177 0094 3B       		.byte	59
 178 0095 80       		.byte	-128
 179 0096 3F       		.byte	63
 180 0097 14       		.byte	20
 181 0098 58       		.byte	88
 182 0099 04       		.byte	4
 183 009a 59       		.byte	89
 184 009b 04       		.byte	4
 185 009c 5C       		.byte	92
 186 009d 11       		.byte	17
 187 009e 5F       		.byte	95
 188 009f 01       		.byte	1
 189 00a0 84       		.byte	-124
 190 00a1 0C       		.byte	12
 191 00a2 85       		.byte	-123
 192 00a3 2E       		.byte	46
 193 00a4 86       		.byte	-122
 194 00a5 71       		.byte	113
 195 00a6 8B       		.byte	-117
 196 00a7 20       		.byte	32
 197 00a8 8D       		.byte	-115
 198 00a9 2E       		.byte	46
 199 00aa 8E       		.byte	-114
 200 00ab 03       		.byte	3
 201 00ac 90       		.byte	-112
 202 00ad 10       		.byte	16
 203 00ae 92       		.byte	-110
 204 00af AC       		.byte	-84
 205 00b0 94       		.byte	-108
 206 00b1 10       		.byte	16
 207 00b2 96       		.byte	-106
 208 00b3 40       		.byte	64
 209 00b4 98       		.byte	-104
 210 00b5 09       		.byte	9
 211 00b6 99       		.byte	-103
 212 00b7 01       		.byte	1
 213 00b8 9A       		.byte	-102
 214 00b9 D0       		.byte	-48
 215 00ba 9C       		.byte	-100
 216 00bb 14       		.byte	20
 217 00bc 9D       		.byte	-99
 218 00bd 10       		.byte	16
 219 00be 9F       		.byte	-97
 220 00bf 22       		.byte	34
 221 00c0 A2       		.byte	-94
 222 00c1 20       		.byte	32
 223 00c2 A8       		.byte	-88
 224 00c3 DC       		.byte	-36
 225 00c4 A9       		.byte	-87
 226 00c5 04       		.byte	4
 227 00c6 AA       		.byte	-86
 228 00c7 22       		.byte	34
ARM GAS  C:\Users\Ilaria\AppData\Local\Temp\ccF7MNYs.s 			page 5


 229 00c8 AB       		.byte	-85
 230 00c9 28       		.byte	40
 231 00ca B0       		.byte	-80
 232 00cb 1F       		.byte	31
 233 00cc B1       		.byte	-79
 234 00cd 20       		.byte	32
 235 00ce B3       		.byte	-77
 236 00cf 01       		.byte	1
 237 00d0 B4       		.byte	-76
 238 00d1 E0       		.byte	-32
 239 00d2 B5       		.byte	-75
 240 00d3 18       		.byte	24
 241 00d4 B7       		.byte	-73
 242 00d5 06       		.byte	6
 243 00d6 B9       		.byte	-71
 244 00d7 A0       		.byte	-96
 245 00d8 BA       		.byte	-70
 246 00d9 20       		.byte	32
 247 00da BF       		.byte	-65
 248 00db 45       		.byte	69
 249 00dc C0       		.byte	-64
 250 00dd 45       		.byte	69
 251 00de C1       		.byte	-63
 252 00df 02       		.byte	2
 253 00e0 C5       		.byte	-59
 254 00e1 0E       		.byte	14
 255 00e2 C6       		.byte	-58
 256 00e3 CB       		.byte	-53
 257 00e4 C8       		.byte	-56
 258 00e5 0D       		.byte	13
 259 00e6 C9       		.byte	-55
 260 00e7 FF       		.byte	-1
 261 00e8 CA       		.byte	-54
 262 00e9 FF       		.byte	-1
 263 00ea CB       		.byte	-53
 264 00eb FF       		.byte	-1
 265 00ec CE       		.byte	-50
 266 00ed F0       		.byte	-16
 267 00ee CF       		.byte	-49
 268 00ef 44       		.byte	68
 269 00f0 D0       		.byte	-48
 270 00f1 0C       		.byte	12
 271 00f2 D4       		.byte	-44
 272 00f3 01       		.byte	1
 273 00f4 D8       		.byte	-40
 274 00f5 04       		.byte	4
 275 00f6 D9       		.byte	-39
 276 00f7 04       		.byte	4
 277 00f8 DA       		.byte	-38
 278 00f9 04       		.byte	4
 279 00fa DB       		.byte	-37
 280 00fb 04       		.byte	4
 281 00fc DC       		.byte	-36
 282 00fd 11       		.byte	17
 283 00fe DD       		.byte	-35
 284 00ff 11       		.byte	17
 285 0100 DF       		.byte	-33
ARM GAS  C:\Users\Ilaria\AppData\Local\Temp\ccF7MNYs.s 			page 6


 286 0101 01       		.byte	1
 287 0102 E6       		.byte	-26
 288 0103 C0       		.byte	-64
 289 0104 EA       		.byte	-22
 290 0105 40       		.byte	64
 291 0106 EB       		.byte	-21
 292 0107 02       		.byte	2
 293 0108 03       		.byte	3
 294 0109 22       		.byte	34
 295 010a 06       		.byte	6
 296 010b 80       		.byte	-128
 297 010c 07       		.byte	7
 298 010d 02       		.byte	2
 299 010e 09       		.byte	9
 300 010f 88       		.byte	-120
 301 0110 0B       		.byte	11
 302 0111 44       		.byte	68
 303 0112 0E       		.byte	14
 304 0113 80       		.byte	-128
 305 0114 0F       		.byte	15
 306 0115 10       		.byte	16
 307 0116 10       		.byte	16
 308 0117 84       		.byte	-124
 309 0118 18       		.byte	24
 310 0119 08       		.byte	8
 311 011a 1A       		.byte	26
 312 011b 40       		.byte	64
 313 011c 1B       		.byte	27
 314 011d 22       		.byte	34
 315 011e 1E       		.byte	30
 316 011f 10       		.byte	16
 317 0120 21       		.byte	33
 318 0121 40       		.byte	64
 319 0122 22       		.byte	34
 320 0123 04       		.byte	4
 321 0124 23       		.byte	35
 322 0125 84       		.byte	-124
 323 0126 24       		.byte	36
 324 0127 04       		.byte	4
 325 0128 25       		.byte	37
 326 0129 04       		.byte	4
 327 012a 27       		.byte	39
 328 012b 02       		.byte	2
 329 012c 28       		.byte	40
 330 012d 04       		.byte	4
 331 012e 29       		.byte	41
 332 012f 10       		.byte	16
 333 0130 2E       		.byte	46
 334 0131 88       		.byte	-120
 335 0132 2F       		.byte	47
 336 0133 04       		.byte	4
 337 0134 30       		.byte	48
 338 0135 A0       		.byte	-96
 339 0136 31       		.byte	49
 340 0137 40       		.byte	64
 341 0138 36       		.byte	54
 342 0139 48       		.byte	72
ARM GAS  C:\Users\Ilaria\AppData\Local\Temp\ccF7MNYs.s 			page 7


 343 013a 37       		.byte	55
 344 013b 22       		.byte	34
 345 013c 38       		.byte	56
 346 013d 28       		.byte	40
 347 013e 3B       		.byte	59
 348 013f 40       		.byte	64
 349 0140 3E       		.byte	62
 350 0141 52       		.byte	82
 351 0142 3F       		.byte	63
 352 0143 08       		.byte	8
 353 0144 41       		.byte	65
 354 0145 01       		.byte	1
 355 0146 43       		.byte	67
 356 0147 20       		.byte	32
 357 0148 48       		.byte	72
 358 0149 20       		.byte	32
 359 014a 49       		.byte	73
 360 014b 40       		.byte	64
 361 014c 50       		.byte	80
 362 014d 10       		.byte	16
 363 014e 51       		.byte	81
 364 014f 80       		.byte	-128
 365 0150 52       		.byte	82
 366 0151 20       		.byte	32
 367 0152 58       		.byte	88
 368 0153 11       		.byte	17
 369 0154 5A       		.byte	90
 370 0155 08       		.byte	8
 371 0156 5B       		.byte	91
 372 0157 80       		.byte	-128
 373 0158 8D       		.byte	-115
 374 0159 04       		.byte	4
 375 015a AF       		.byte	-81
 376 015b 01       		.byte	1
 377 015c C0       		.byte	-64
 378 015d 95       		.byte	-107
 379 015e C2       		.byte	-62
 380 015f 3F       		.byte	63
 381 0160 C4       		.byte	-60
 382 0161 0A       		.byte	10
 383 0162 CA       		.byte	-54
 384 0163 74       		.byte	116
 385 0164 CC       		.byte	-52
 386 0165 FC       		.byte	-4
 387 0166 CE       		.byte	-50
 388 0167 FE       		.byte	-2
 389 0168 D0       		.byte	-48
 390 0169 05       		.byte	5
 391 016a D2       		.byte	-46
 392 016b 08       		.byte	8
 393 016c D6       		.byte	-42
 394 016d 0F       		.byte	15
 395 016e 38       		.byte	56
 396 016f 02       		.byte	2
 397 0170 3E       		.byte	62
 398 0171 01       		.byte	1
 399 0172 58       		.byte	88
ARM GAS  C:\Users\Ilaria\AppData\Local\Temp\ccF7MNYs.s 			page 8


 400 0173 04       		.byte	4
 401 0174 5F       		.byte	95
 402 0175 01       		.byte	1
 403 0176 1B       		.byte	27
 404 0177 01       		.byte	1
 405 0178 E0       		.byte	-32
 406 0179 08       		.byte	8
 407 017a E4       		.byte	-28
 408 017b 01       		.byte	1
 409 017c EA       		.byte	-22
 410 017d 01       		.byte	1
 411 017e E2       		.byte	-30
 412 017f 01       		.byte	1
 413 0180 E6       		.byte	-26
 414 0181 08       		.byte	8
 415 0182 11       		.byte	17
 416 0183 01       		.byte	1
 417 0184 15       		.byte	21
 418 0185 01       		.byte	1
 419 0186 1D       		.byte	29
 420 0187 01       		.byte	1
 421 0188 24       		.byte	36
 422 0189 01       		.byte	1
 423 018a 28       		.byte	40
 424 018b 01       		.byte	1
 425 018c 2C       		.byte	44
 426 018d 01       		.byte	1
 427 018e 2D       		.byte	45
 428 018f 01       		.byte	1
 429 0190 31       		.byte	49
 430 0191 01       		.byte	1
 431 0192 32       		.byte	50
 432 0193 01       		.byte	1
 433 0194 3F       		.byte	63
 434 0195 01       		.byte	1
 435 0196 56       		.byte	86
 436 0197 02       		.byte	2
 437 0198 57       		.byte	87
 438 0199 10       		.byte	16
 439 019a 58       		.byte	88
 440 019b 04       		.byte	4
 441 019c 59       		.byte	89
 442 019d 04       		.byte	4
 443 019e 5B       		.byte	91
 444 019f 04       		.byte	4
 445 01a0 5C       		.byte	92
 446 01a1 01       		.byte	1
 447 01a2 5D       		.byte	93
 448 01a3 10       		.byte	16
 449 01a4 5F       		.byte	95
 450 01a5 01       		.byte	1
 451 01a6 82       		.byte	-126
 452 01a7 40       		.byte	64
 453 01a8 84       		.byte	-124
 454 01a9 02       		.byte	2
 455 01aa 85       		.byte	-123
 456 01ab 70       		.byte	112
ARM GAS  C:\Users\Ilaria\AppData\Local\Temp\ccF7MNYs.s 			page 9


 457 01ac 86       		.byte	-122
 458 01ad 01       		.byte	1
 459 01ae 88       		.byte	-120
 460 01af 30       		.byte	48
 461 01b0 89       		.byte	-119
 462 01b1 70       		.byte	112
 463 01b2 8A       		.byte	-118
 464 01b3 0C       		.byte	12
 465 01b4 8D       		.byte	-115
 466 01b5 03       		.byte	3
 467 01b6 8E       		.byte	-114
 468 01b7 40       		.byte	64
 469 01b8 8F       		.byte	-113
 470 01b9 0C       		.byte	12
 471 01ba 90       		.byte	-112
 472 01bb 04       		.byte	4
 473 01bc 91       		.byte	-111
 474 01bd 20       		.byte	32
 475 01be 92       		.byte	-110
 476 01bf 18       		.byte	24
 477 01c0 93       		.byte	-109
 478 01c1 10       		.byte	16
 479 01c2 95       		.byte	-107
 480 01c3 10       		.byte	16
 481 01c4 96       		.byte	-106
 482 01c5 20       		.byte	32
 483 01c6 97       		.byte	-105
 484 01c7 60       		.byte	96
 485 01c8 99       		.byte	-103
 486 01c9 03       		.byte	3
 487 01ca 9A       		.byte	-102
 488 01cb 30       		.byte	48
 489 01cc 9B       		.byte	-101
 490 01cd 04       		.byte	4
 491 01ce 9C       		.byte	-100
 492 01cf 04       		.byte	4
 493 01d0 9E       		.byte	-98
 494 01d1 38       		.byte	56
 495 01d2 9F       		.byte	-97
 496 01d3 05       		.byte	5
 497 01d4 A1       		.byte	-95
 498 01d5 03       		.byte	3
 499 01d6 A2       		.byte	-94
 500 01d7 0C       		.byte	12
 501 01d8 A3       		.byte	-93
 502 01d9 04       		.byte	4
 503 01da A4       		.byte	-92
 504 01db 03       		.byte	3
 505 01dc A7       		.byte	-89
 506 01dd 08       		.byte	8
 507 01de A8       		.byte	-88
 508 01df 03       		.byte	3
 509 01e0 A9       		.byte	-87
 510 01e1 0A       		.byte	10
 511 01e2 AB       		.byte	-85
 512 01e3 04       		.byte	4
 513 01e4 AC       		.byte	-84
ARM GAS  C:\Users\Ilaria\AppData\Local\Temp\ccF7MNYs.s 			page 10


 514 01e5 01       		.byte	1
 515 01e6 AD       		.byte	-83
 516 01e7 40       		.byte	64
 517 01e8 AE       		.byte	-82
 518 01e9 02       		.byte	2
 519 01ea AF       		.byte	-81
 520 01eb 10       		.byte	16
 521 01ec B0       		.byte	-80
 522 01ed 03       		.byte	3
 523 01ee B1       		.byte	-79
 524 01ef 0F       		.byte	15
 525 01f0 B4       		.byte	-76
 526 01f1 3C       		.byte	60
 527 01f2 B5       		.byte	-75
 528 01f3 70       		.byte	112
 529 01f4 B6       		.byte	-74
 530 01f5 40       		.byte	64
 531 01f6 BA       		.byte	-70
 532 01f7 20       		.byte	32
 533 01f8 BB       		.byte	-69
 534 01f9 0A       		.byte	10
 535 01fa BE       		.byte	-66
 536 01fb 40       		.byte	64
 537 01fc C0       		.byte	-64
 538 01fd 01       		.byte	1
 539 01fe C7       		.byte	-57
 540 01ff 04       		.byte	4
 541 0200 C9       		.byte	-55
 542 0201 FF       		.byte	-1
 543 0202 CA       		.byte	-54
 544 0203 07       		.byte	7
 545 0204 CB       		.byte	-53
 546 0205 FF       		.byte	-1
 547 0206 CC       		.byte	-52
 548 0207 40       		.byte	64
 549 0208 CD       		.byte	-51
 550 0209 20       		.byte	32
 551 020a CE       		.byte	-50
 552 020b F0       		.byte	-16
 553 020c CF       		.byte	-49
 554 020d 05       		.byte	5
 555 020e D0       		.byte	-48
 556 020f 08       		.byte	8
 557 0210 D8       		.byte	-40
 558 0211 04       		.byte	4
 559 0212 D9       		.byte	-39
 560 0213 04       		.byte	4
 561 0214 DA       		.byte	-38
 562 0215 04       		.byte	4
 563 0216 DC       		.byte	-36
 564 0217 11       		.byte	17
 565 0218 DD       		.byte	-35
 566 0219 01       		.byte	1
 567 021a DF       		.byte	-33
 568 021b 01       		.byte	1
 569 021c E0       		.byte	-32
 570 021d 40       		.byte	64
ARM GAS  C:\Users\Ilaria\AppData\Local\Temp\ccF7MNYs.s 			page 11


 571 021e E1       		.byte	-31
 572 021f A8       		.byte	-88
 573 0220 E2       		.byte	-30
 574 0221 40       		.byte	64
 575 0222 E3       		.byte	-29
 576 0223 20       		.byte	32
 577 0224 01       		.byte	1
 578 0225 20       		.byte	32
 579 0226 02       		.byte	2
 580 0227 02       		.byte	2
 581 0228 03       		.byte	3
 582 0229 90       		.byte	-112
 583 022a 08       		.byte	8
 584 022b 90       		.byte	-112
 585 022c 09       		.byte	9
 586 022d 08       		.byte	8
 587 022e 0B       		.byte	11
 588 022f 46       		.byte	70
 589 0230 10       		.byte	16
 590 0231 82       		.byte	-126
 591 0232 11       		.byte	17
 592 0233 14       		.byte	20
 593 0234 15       		.byte	21
 594 0235 54       		.byte	84
 595 0236 19       		.byte	25
 596 0237 70       		.byte	112
 597 0238 1A       		.byte	26
 598 0239 40       		.byte	64
 599 023a 1B       		.byte	27
 600 023b 01       		.byte	1
 601 023c 1F       		.byte	31
 602 023d 08       		.byte	8
 603 023e 20       		.byte	32
 604 023f 08       		.byte	8
 605 0240 21       		.byte	33
 606 0241 01       		.byte	1
 607 0242 22       		.byte	34
 608 0243 08       		.byte	8
 609 0244 23       		.byte	35
 610 0245 50       		.byte	80
 611 0246 27       		.byte	39
 612 0247 80       		.byte	-128
 613 0248 28       		.byte	40
 614 0249 90       		.byte	-112
 615 024a 29       		.byte	41
 616 024b 10       		.byte	16
 617 024c 2B       		.byte	43
 618 024d 01       		.byte	1
 619 024e 2E       		.byte	46
 620 024f 80       		.byte	-128
 621 0250 2F       		.byte	47
 622 0251 02       		.byte	2
 623 0252 30       		.byte	48
 624 0253 8A       		.byte	-118
 625 0254 32       		.byte	50
 626 0255 20       		.byte	32
 627 0256 35       		.byte	53
ARM GAS  C:\Users\Ilaria\AppData\Local\Temp\ccF7MNYs.s 			page 12


 628 0257 02       		.byte	2
 629 0258 36       		.byte	54
 630 0259 C8       		.byte	-56
 631 025a 37       		.byte	55
 632 025b 02       		.byte	2
 633 025c 39       		.byte	57
 634 025d 14       		.byte	20
 635 025e 3B       		.byte	59
 636 025f 40       		.byte	64
 637 0260 41       		.byte	65
 638 0261 40       		.byte	64
 639 0262 48       		.byte	72
 640 0263 0C       		.byte	12
 641 0264 50       		.byte	80
 642 0265 80       		.byte	-128
 643 0266 51       		.byte	81
 644 0267 08       		.byte	8
 645 0268 5F       		.byte	95
 646 0269 80       		.byte	-128
 647 026a 6D       		.byte	109
 648 026b 54       		.byte	84
 649 026c 76       		.byte	118
 650 026d 0A       		.byte	10
 651 026e 77       		.byte	119
 652 026f 28       		.byte	40
 653 0270 7B       		.byte	123
 654 0271 0C       		.byte	12
 655 0272 8E       		.byte	-114
 656 0273 40       		.byte	64
 657 0274 8F       		.byte	-113
 658 0275 10       		.byte	16
 659 0276 90       		.byte	-112
 660 0277 04       		.byte	4
 661 0278 91       		.byte	-111
 662 0279 80       		.byte	-128
 663 027a 93       		.byte	-109
 664 027b 06       		.byte	6
 665 027c 95       		.byte	-107
 666 027d 02       		.byte	2
 667 027e 97       		.byte	-105
 668 027f 58       		.byte	88
 669 0280 9B       		.byte	-101
 670 0281 02       		.byte	2
 671 0282 9D       		.byte	-99
 672 0283 10       		.byte	16
 673 0284 9E       		.byte	-98
 674 0285 8A       		.byte	-118
 675 0286 9F       		.byte	-97
 676 0287 20       		.byte	32
 677 0288 A2       		.byte	-94
 678 0289 20       		.byte	32
 679 028a A4       		.byte	-92
 680 028b 80       		.byte	-128
 681 028c A5       		.byte	-91
 682 028d 08       		.byte	8
 683 028e A6       		.byte	-90
 684 028f 48       		.byte	72
ARM GAS  C:\Users\Ilaria\AppData\Local\Temp\ccF7MNYs.s 			page 13


 685 0290 A7       		.byte	-89
 686 0291 04       		.byte	4
 687 0292 B0       		.byte	-80
 688 0293 31       		.byte	49
 689 0294 B2       		.byte	-78
 690 0295 20       		.byte	32
 691 0296 B7       		.byte	-73
 692 0297 21       		.byte	33
 693 0298 C0       		.byte	-64
 694 0299 0F       		.byte	15
 695 029a C2       		.byte	-62
 696 029b 0F       		.byte	15
 697 029c C4       		.byte	-60
 698 029d EF       		.byte	-17
 699 029e CA       		.byte	-54
 700 029f 1F       		.byte	31
 701 02a0 CC       		.byte	-52
 702 02a1 DF       		.byte	-33
 703 02a2 CE       		.byte	-50
 704 02a3 0E       		.byte	14
 705 02a4 D0       		.byte	-48
 706 02a5 08       		.byte	8
 707 02a6 D6       		.byte	-42
 708 02a7 10       		.byte	16
 709 02a8 E2       		.byte	-30
 710 02a9 01       		.byte	1
 711 02aa E6       		.byte	-26
 712 02ab 08       		.byte	8
 713 02ac 8B       		.byte	-117
 714 02ad 01       		.byte	1
 715 02ae 91       		.byte	-111
 716 02af 06       		.byte	6
 717 02b0 93       		.byte	-109
 718 02b1 01       		.byte	1
 719 02b2 95       		.byte	-107
 720 02b3 02       		.byte	2
 721 02b4 99       		.byte	-103
 722 02b5 06       		.byte	6
 723 02b6 9D       		.byte	-99
 724 02b7 07       		.byte	7
 725 02b8 A1       		.byte	-95
 726 02b9 04       		.byte	4
 727 02ba A9       		.byte	-87
 728 02bb 07       		.byte	7
 729 02bc AD       		.byte	-83
 730 02bd 01       		.byte	1
 731 02be AF       		.byte	-81
 732 02bf 06       		.byte	6
 733 02c0 B1       		.byte	-79
 734 02c1 07       		.byte	7
 735 02c2 D9       		.byte	-39
 736 02c3 04       		.byte	4
 737 02c4 DC       		.byte	-36
 738 02c5 10       		.byte	16
 739 02c6 DF       		.byte	-33
 740 02c7 01       		.byte	1
 741 02c8 00       		.byte	0
ARM GAS  C:\Users\Ilaria\AppData\Local\Temp\ccF7MNYs.s 			page 14


 742 02c9 08       		.byte	8
 743 02ca 01       		.byte	1
 744 02cb 42       		.byte	66
 745 02cc 02       		.byte	2
 746 02cd 28       		.byte	40
 747 02ce 08       		.byte	8
 748 02cf 81       		.byte	-127
 749 02d0 09       		.byte	9
 750 02d1 08       		.byte	8
 751 02d2 0A       		.byte	10
 752 02d3 40       		.byte	64
 753 02d4 10       		.byte	16
 754 02d5 06       		.byte	6
 755 02d6 12       		.byte	18
 756 02d7 80       		.byte	-128
 757 02d8 13       		.byte	19
 758 02d9 28       		.byte	40
 759 02da 18       		.byte	24
 760 02db 01       		.byte	1
 761 02dc 1B       		.byte	27
 762 02dd 12       		.byte	18
 763 02de 22       		.byte	34
 764 02df 81       		.byte	-127
 765 02e0 26       		.byte	38
 766 02e1 02       		.byte	2
 767 02e2 28       		.byte	40
 768 02e3 01       		.byte	1
 769 02e4 29       		.byte	41
 770 02e5 22       		.byte	34
 771 02e6 2B       		.byte	43
 772 02e7 10       		.byte	16
 773 02e8 2D       		.byte	45
 774 02e9 20       		.byte	32
 775 02ea 2E       		.byte	46
 776 02eb 02       		.byte	2
 777 02ec 2F       		.byte	47
 778 02ed 42       		.byte	66
 779 02ee 30       		.byte	48
 780 02ef 04       		.byte	4
 781 02f0 32       		.byte	50
 782 02f1 A0       		.byte	-96
 783 02f2 33       		.byte	51
 784 02f3 02       		.byte	2
 785 02f4 35       		.byte	53
 786 02f5 02       		.byte	2
 787 02f6 36       		.byte	54
 788 02f7 80       		.byte	-128
 789 02f8 37       		.byte	55
 790 02f9 28       		.byte	40
 791 02fa 38       		.byte	56
 792 02fb 10       		.byte	16
 793 02fc 39       		.byte	57
 794 02fd 40       		.byte	64
 795 02fe 3A       		.byte	58
 796 02ff 09       		.byte	9
 797 0300 3B       		.byte	59
 798 0301 80       		.byte	-128
ARM GAS  C:\Users\Ilaria\AppData\Local\Temp\ccF7MNYs.s 			page 15


 799 0302 3C       		.byte	60
 800 0303 10       		.byte	16
 801 0304 40       		.byte	64
 802 0305 91       		.byte	-111
 803 0306 41       		.byte	65
 804 0307 08       		.byte	8
 805 0308 43       		.byte	67
 806 0309 0A       		.byte	10
 807 030a 49       		.byte	73
 808 030b 20       		.byte	32
 809 030c 4A       		.byte	74
 810 030d 0A       		.byte	10
 811 030e 53       		.byte	83
 812 030f 84       		.byte	-124
 813 0310 5A       		.byte	90
 814 0311 02       		.byte	2
 815 0312 60       		.byte	96
 816 0313 04       		.byte	4
 817 0314 61       		.byte	97
 818 0315 40       		.byte	64
 819 0316 88       		.byte	-120
 820 0317 02       		.byte	2
 821 0318 8E       		.byte	-114
 822 0319 01       		.byte	1
 823 031a 90       		.byte	-112
 824 031b 04       		.byte	4
 825 031c 92       		.byte	-110
 826 031d 40       		.byte	64
 827 031e 97       		.byte	-105
 828 031f 08       		.byte	8
 829 0320 99       		.byte	-103
 830 0321 42       		.byte	66
 831 0322 9A       		.byte	-102
 832 0323 0A       		.byte	10
 833 0324 9B       		.byte	-101
 834 0325 28       		.byte	40
 835 0326 A0       		.byte	-96
 836 0327 04       		.byte	4
 837 0328 A2       		.byte	-94
 838 0329 08       		.byte	8
 839 032a A3       		.byte	-93
 840 032b 08       		.byte	8
 841 032c A4       		.byte	-92
 842 032d 02       		.byte	2
 843 032e A6       		.byte	-90
 844 032f 82       		.byte	-126
 845 0330 A7       		.byte	-89
 846 0331 82       		.byte	-126
 847 0332 C0       		.byte	-64
 848 0333 0F       		.byte	15
 849 0334 C2       		.byte	-62
 850 0335 0D       		.byte	13
 851 0336 C4       		.byte	-60
 852 0337 0F       		.byte	15
 853 0338 CA       		.byte	-54
 854 0339 BF       		.byte	-65
 855 033a CC       		.byte	-52
ARM GAS  C:\Users\Ilaria\AppData\Local\Temp\ccF7MNYs.s 			page 16


 856 033b FF       		.byte	-1
 857 033c CE       		.byte	-50
 858 033d 2F       		.byte	47
 859 033e D0       		.byte	-48
 860 033f 0B       		.byte	11
 861 0340 D2       		.byte	-46
 862 0341 0C       		.byte	12
 863 0342 D6       		.byte	-42
 864 0343 01       		.byte	1
 865 0344 D8       		.byte	-40
 866 0345 0C       		.byte	12
 867 0346 E0       		.byte	-32
 868 0347 08       		.byte	8
 869 0348 E4       		.byte	-28
 870 0349 01       		.byte	1
 871 034a EA       		.byte	-22
 872 034b 01       		.byte	1
 873 034c 3E       		.byte	62
 874 034d 10       		.byte	16
 875 034e 63       		.byte	99
 876 034f 02       		.byte	2
 877 0350 CE       		.byte	-50
 878 0351 20       		.byte	32
 879 0352 D6       		.byte	-42
 880 0353 40       		.byte	64
 881 0354 96       		.byte	-106
 882 0355 10       		.byte	16
 883 0356 AF       		.byte	-81
 884 0357 01       		.byte	1
 885 0358 EE       		.byte	-18
 886 0359 10       		.byte	16
 887 035a 8F       		.byte	-113
 888 035b 10       		.byte	16
 889 035c E4       		.byte	-28
 890 035d 02       		.byte	2
 891 035e 80       		.byte	-128
 892 035f 08       		.byte	8
 893 0360 85       		.byte	-123
 894 0361 08       		.byte	8
 895 0362 96       		.byte	-106
 896 0363 10       		.byte	16
 897 0364 E2       		.byte	-30
 898 0365 80       		.byte	-128
 899 0366 E6       		.byte	-26
 900 0367 10       		.byte	16
 901 0368 12       		.byte	18
 902 0369 20       		.byte	32
 903 036a 16       		.byte	22
 904 036b 40       		.byte	64
 905 036c 70       		.byte	112
 906 036d 08       		.byte	8
 907 036e 75       		.byte	117
 908 036f 08       		.byte	8
 909 0370 82       		.byte	-126
 910 0371 20       		.byte	32
 911 0372 86       		.byte	-122
 912 0373 40       		.byte	64
ARM GAS  C:\Users\Ilaria\AppData\Local\Temp\ccF7MNYs.s 			page 17


 913 0374 99       		.byte	-103
 914 0375 08       		.byte	8
 915 0376 A0       		.byte	-96
 916 0377 08       		.byte	8
 917 0378 AA       		.byte	-86
 918 0379 10       		.byte	16
 919 037a C4       		.byte	-60
 920 037b 30       		.byte	48
 921 037c DC       		.byte	-36
 922 037d 80       		.byte	-128
 923 037e DE       		.byte	-34
 924 037f 20       		.byte	32
 925 0380 E0       		.byte	-32
 926 0381 10       		.byte	16
 927 0382 E4       		.byte	-28
 928 0383 80       		.byte	-128
 929 0384 EA       		.byte	-22
 930 0385 80       		.byte	-128
 931 0386 10       		.byte	16
 932 0387 20       		.byte	32
 933 0388 13       		.byte	19
 934 0389 20       		.byte	32
 935 038a 14       		.byte	20
 936 038b 40       		.byte	64
 937 038c 7B       		.byte	123
 938 038d 10       		.byte	16
 939 038e 7F       		.byte	127
 940 038f 40       		.byte	64
 941 0390 80       		.byte	-128
 942 0391 20       		.byte	32
 943 0392 84       		.byte	-124
 944 0393 40       		.byte	64
 945 0394 9B       		.byte	-101
 946 0395 10       		.byte	16
 947 0396 C4       		.byte	-60
 948 0397 0E       		.byte	14
 949 0398 DE       		.byte	-34
 950 0399 03       		.byte	3
 951 039a 10       		.byte	16
 952 039b 80       		.byte	-128
 953 039c 77       		.byte	119
 954 039d 10       		.byte	16
 955 039e 83       		.byte	-125
 956 039f 10       		.byte	16
 957 03a0 87       		.byte	-121
 958 03a1 40       		.byte	64
 959 03a2 88       		.byte	-120
 960 03a3 80       		.byte	-128
 961 03a4 8C       		.byte	-116
 962 03a5 80       		.byte	-128
 963 03a6 97       		.byte	-105
 964 03a7 80       		.byte	-128
 965 03a8 9B       		.byte	-101
 966 03a9 10       		.byte	16
 967 03aa A7       		.byte	-89
 968 03ab 10       		.byte	16
 969 03ac AB       		.byte	-85
ARM GAS  C:\Users\Ilaria\AppData\Local\Temp\ccF7MNYs.s 			page 18


 970 03ad 20       		.byte	32
 971 03ae C4       		.byte	-60
 972 03af 08       		.byte	8
 973 03b0 DE       		.byte	-34
 974 03b1 04       		.byte	4
 975 03b2 E6       		.byte	-26
 976 03b3 03       		.byte	3
 977 03b4 00       		.byte	0
 978 03b5 02       		.byte	2
 979 03b6 0C       		.byte	12
 980 03b7 02       		.byte	2
 981 03b8 10       		.byte	16
 982 03b9 02       		.byte	2
 983 03ba 1C       		.byte	28
 984 03bb 02       		.byte	2
 985 03bc 03       		.byte	3
 986 03bd C0       		.byte	-64
 987 03be 00       		.byte	0
 988 03bf 00       		.byte	0
 989 03c0 82       		.byte	-126
 990 03c1 80       		.byte	-128
 991 03c2 00       		.byte	0
 992 03c3 00       		.byte	0
 993 03c4 43       		.byte	67
 994 03c5 00       		.byte	0
 995 03c6 00       		.byte	0
 996 03c7 00       		.byte	0
 997 03c8 0F       		.byte	15
 998 03c9 24       		.byte	36
 999 03ca 00       		.byte	0
 1000 03cb 00       		.byte	0
 1001 03cc 03       		.byte	3
 1002 03cd 08       		.byte	8
 1003 03ce 10       		.byte	16
 1004 03cf 00       		.byte	0
 1005 03d0 0F       		.byte	15
 1006 03d1 00       		.byte	0
 1007 03d2 00       		.byte	0
 1008 03d3 63       		.byte	99
 1009 03d4 08       		.byte	8
 1010 03d5 10       		.byte	16
 1011 03d6 00       		.byte	0
 1012 03d7 00       		.byte	0
 1013 03d8 02       		.byte	2
 1014 03d9 67       		.byte	103
 1015 03da 20       		.byte	32
 1016 03db 18       		.byte	24
 1017 03dc 00       		.byte	0
 1018 03dd 18       		.byte	24
 1019 03de 03       		.byte	3
 1020 03df 00       		.byte	0
 1021 03e0 00       		.byte	0
 1022 03e1 60       		.byte	96
 1023 03e2 00       		.byte	0
 1024 03e3 00       		.byte	0
 1025 03e4 03       		.byte	3
 1026 03e5 1C       		.byte	28
ARM GAS  C:\Users\Ilaria\AppData\Local\Temp\ccF7MNYs.s 			page 19


 1027 03e6 0C       		.byte	12
 1028 03e7 62       		.byte	98
 1029 03e8 0C       		.byte	12
 1030 03e9 1C       		.byte	28
 1031 03ea 03       		.byte	3
 1032 03eb 61       		.byte	97
 1033 03ec 04       		.byte	4
 1034 03ed 00       		.byte	0
 1035 03ee 00       		.byte	0
 1036 03ef 04       		.byte	4
 1037 03f0 0C       		.byte	12
 1038 03f1 7F       		.byte	127
 1039 03f2 00       		.byte	0
 1040 03f3 00       		.byte	0
 1041 03f4 01       		.byte	1
 1042 03f5 40       		.byte	64
 1043 03f6 60       		.byte	96
 1044 03f7 00       		.byte	0
 1045 03f8 0F       		.byte	15
 1046 03f9 60       		.byte	96
 1047 03fa 00       		.byte	0
 1048 03fb 00       		.byte	0
 1049 03fc 40       		.byte	64
 1050 03fd 00       		.byte	0
 1051 03fe 30       		.byte	48
 1052 03ff 1F       		.byte	31
 1053 0400 00       		.byte	0
 1054 0401 00       		.byte	0
 1055 0402 02       		.byte	2
 1056 0403 80       		.byte	-128
 1057 0404 00       		.byte	0
 1058 0405 00       		.byte	0
 1059 0406 40       		.byte	64
 1060 0407 00       		.byte	0
 1061 0408 43       		.byte	67
 1062 0409 06       		.byte	6
 1063 040a 05       		.byte	5
 1064 040b 00       		.byte	0
 1065 040c 01       		.byte	1
 1066 040d 00       		.byte	0
 1067 040e 0C       		.byte	12
 1068 040f 0E       		.byte	14
 1069 0410 14       		.byte	20
 1070 0411 FF       		.byte	-1
 1071 0412 FF       		.byte	-1
 1072 0413 FF       		.byte	-1
 1073 0414 62       		.byte	98
 1074 0415 A0       		.byte	-96
 1075 0416 F0       		.byte	-16
 1076 0417 41       		.byte	65
 1077 0418 0C       		.byte	12
 1078 0419 00       		.byte	0
 1079 041a 00       		.byte	0
 1080 041b 00       		.byte	0
 1081 041c 18       		.byte	24
 1082 041d 00       		.byte	0
 1083 041e 00       		.byte	0
ARM GAS  C:\Users\Ilaria\AppData\Local\Temp\ccF7MNYs.s 			page 20


 1084 041f 00       		.byte	0
 1085 0420 04       		.byte	4
 1086 0421 04       		.byte	4
 1087 0422 04       		.byte	4
 1088 0423 04       		.byte	4
 1089 0424 11       		.byte	17
 1090 0425 11       		.byte	17
 1091 0426 00       		.byte	0
 1092 0427 01       		.byte	1
 1093 0428 00       		.byte	0
 1094 0429 00       		.byte	0
 1095 042a 00       		.byte	0
 1096 042b 00       		.byte	0
 1097 042c 00       		.byte	0
 1098 042d 00       		.byte	0
 1099 042e 40       		.byte	64
 1100 042f 02       		.byte	2
 1101 0430 00       		.byte	0
 1102 0431 10       		.byte	16
 1103 0432 30       		.byte	48
 1104 0433 10       		.byte	16
 1105 0434 00       		.byte	0
 1106 0435 10       		.byte	16
 1107 0436 10       		.byte	16
 1108 0437 12       		.byte	18
 1109 0438 00       		.byte	0
 1110 0439 00       		.byte	0
 1111 043a 00       		.byte	0
 1112 043b 00       		.byte	0
 1113 043c 00       		.byte	0
 1114 043d 00       		.byte	0
 1115 043e 00       		.byte	0
 1116 043f 00       		.byte	0
 1117 0440 00       		.byte	0
 1118 0441 00       		.byte	0
 1119 0442 00       		.byte	0
 1120 0443 00       		.byte	0
 1121 0444 00       		.byte	0
 1122 0445 00       		.byte	0
 1123 0446 00       		.byte	0
 1124 0447 00       		.byte	0
 1125 0448 83       		.byte	-125
 1126 0449 00       		.byte	0
 1127 044a 40       		.byte	64
 1128 044b 80       		.byte	-128
 1129 044c 83       		.byte	-125
 1130 044d 00       		.byte	0
 1131 044e 83       		.byte	-125
 1132 044f 00       		.byte	0
 1133 0450 00       		.byte	0
 1134 0451 00       		.byte	0
 1135 0452 00       		.byte	0
 1136 0453 00       		.byte	0
 1137 0454 00       		.byte	0
 1138 0455 0B       		.byte	11
 1139 0456 0B       		.byte	11
 1140 0457 00       		.byte	0
ARM GAS  C:\Users\Ilaria\AppData\Local\Temp\ccF7MNYs.s 			page 21


 1141 0458 00       		.byte	0
 1142 0459 00       		.byte	0
 1143 045a 00       		.byte	0
 1144 045b 00       		.byte	0
 1145              		.section	.cywolatch,"a",%progbits
 1146              		.align	2
 1147              		.type	cy_meta_wonvl, %object
 1148              		.size	cy_meta_wonvl, 4
 1149              	cy_meta_wonvl:
 1150 0000 BC       		.byte	-68
 1151 0001 90       		.byte	-112
 1152 0002 AC       		.byte	-84
 1153 0003 AF       		.byte	-81
 1154              		.section	.cycustnvl,"a",%progbits
 1155              		.align	2
 1156              		.type	cy_meta_custnvl, %object
 1157              		.size	cy_meta_custnvl, 4
 1158              	cy_meta_custnvl:
 1159 0000 00       		.byte	0
 1160 0001 00       		.byte	0
 1161 0002 40       		.byte	64
 1162 0003 05       		.byte	5
 1163              		.section	.cymeta,"a",%progbits
 1164              		.align	2
 1165              		.type	cy_metadata, %object
 1166              		.size	cy_metadata, 12
 1167              	cy_metadata:
 1168 0000 00       		.byte	0
 1169 0001 01       		.byte	1
 1170 0002 2E       		.byte	46
 1171 0003 16       		.byte	22
 1172 0004 10       		.byte	16
 1173 0005 69       		.byte	105
 1174 0006 00       		.byte	0
 1175 0007 01       		.byte	1
 1176 0008 00       		.byte	0
 1177 0009 00       		.byte	0
 1178 000a 00       		.byte	0
 1179 000b 00       		.byte	0
 1180              		.section	.cyflashprotect,"a",%progbits
 1181              		.align	2
 1182              		.type	cy_meta_flashprotect, %object
 1183              		.size	cy_meta_flashprotect, 256
 1184              	cy_meta_flashprotect:
 1185 0000 00000000 		.space	256
 1185      00000000 
 1185      00000000 
 1185      00000000 
 1185      00000000 
 1186              		.text
 1187              	.Letext0:
 1188              		.file 1 "c:\\program files (x86)\\cypress\\psoc creator\\4.3\\psoc creator\\import\\gnu\\arm\\5.4.
 1189              		.file 2 "c:\\program files (x86)\\cypress\\psoc creator\\4.3\\psoc creator\\import\\gnu\\arm\\5.4.
 1190              		.file 3 "Generated_Source\\PSoC5\\cymetadata.c"
 1191              		.section	.debug_info,"",%progbits
 1192              	.Ldebug_info0:
 1193 0000 32010000 		.4byte	0x132
ARM GAS  C:\Users\Ilaria\AppData\Local\Temp\ccF7MNYs.s 			page 22


 1194 0004 0400     		.2byte	0x4
 1195 0006 00000000 		.4byte	.Ldebug_abbrev0
 1196 000a 04       		.byte	0x4
 1197 000b 01       		.uleb128 0x1
 1198 000c 24000000 		.4byte	.LASF17
 1199 0010 0C       		.byte	0xc
 1200 0011 BB010000 		.4byte	.LASF18
 1201 0015 7E010000 		.4byte	.LASF19
 1202 0019 00000000 		.4byte	.Ldebug_line0
 1203 001d 02       		.uleb128 0x2
 1204 001e 01       		.byte	0x1
 1205 001f 06       		.byte	0x6
 1206 0020 72010000 		.4byte	.LASF0
 1207 0024 03       		.uleb128 0x3
 1208 0025 00000000 		.4byte	.LASF9
 1209 0029 01       		.byte	0x1
 1210 002a 1D       		.byte	0x1d
 1211 002b 2F000000 		.4byte	0x2f
 1212 002f 02       		.uleb128 0x2
 1213 0030 01       		.byte	0x1
 1214 0031 08       		.byte	0x8
 1215 0032 16000000 		.4byte	.LASF1
 1216 0036 02       		.uleb128 0x2
 1217 0037 02       		.byte	0x2
 1218 0038 05       		.byte	0x5
 1219 0039 5F010000 		.4byte	.LASF2
 1220 003d 02       		.uleb128 0x2
 1221 003e 02       		.byte	0x2
 1222 003f 07       		.byte	0x7
 1223 0040 C4000000 		.4byte	.LASF3
 1224 0044 02       		.uleb128 0x2
 1225 0045 04       		.byte	0x4
 1226 0046 05       		.byte	0x5
 1227 0047 69010000 		.4byte	.LASF4
 1228 004b 02       		.uleb128 0x2
 1229 004c 04       		.byte	0x4
 1230 004d 07       		.byte	0x7
 1231 004e B2000000 		.4byte	.LASF5
 1232 0052 02       		.uleb128 0x2
 1233 0053 08       		.byte	0x8
 1234 0054 05       		.byte	0x5
 1235 0055 51010000 		.4byte	.LASF6
 1236 0059 02       		.uleb128 0x2
 1237 005a 08       		.byte	0x8
 1238 005b 07       		.byte	0x7
 1239 005c 06010000 		.4byte	.LASF7
 1240 0060 04       		.uleb128 0x4
 1241 0061 04       		.byte	0x4
 1242 0062 05       		.byte	0x5
 1243 0063 696E7400 		.ascii	"int\000"
 1244 0067 02       		.uleb128 0x2
 1245 0068 04       		.byte	0x4
 1246 0069 07       		.byte	0x7
 1247 006a F9000000 		.4byte	.LASF8
 1248 006e 03       		.uleb128 0x3
 1249 006f 1D010000 		.4byte	.LASF10
 1250 0073 02       		.byte	0x2
ARM GAS  C:\Users\Ilaria\AppData\Local\Temp\ccF7MNYs.s 			page 23


 1251 0074 18       		.byte	0x18
 1252 0075 24000000 		.4byte	0x24
 1253 0079 05       		.uleb128 0x5
 1254 007a 91000000 		.4byte	0x91
 1255 007e 8A000000 		.4byte	0x8a
 1256 0082 06       		.uleb128 0x6
 1257 0083 8A000000 		.4byte	0x8a
 1258 0087 5B04     		.2byte	0x45b
 1259 0089 00       		.byte	0
 1260 008a 02       		.uleb128 0x2
 1261 008b 04       		.byte	0x4
 1262 008c 07       		.byte	0x7
 1263 008d 48010000 		.4byte	.LASF11
 1264 0091 07       		.uleb128 0x7
 1265 0092 6E000000 		.4byte	0x6e
 1266 0096 08       		.uleb128 0x8
 1267 0097 E7000000 		.4byte	.LASF12
 1268 009b 03       		.byte	0x3
 1269 009c 1F       		.byte	0x1f
 1270 009d A7000000 		.4byte	0xa7
 1271 00a1 05       		.uleb128 0x5
 1272 00a2 03       		.byte	0x3
 1273 00a3 00000000 		.4byte	cy_meta_configecc
 1274 00a7 07       		.uleb128 0x7
 1275 00a8 79000000 		.4byte	0x79
 1276 00ac 05       		.uleb128 0x5
 1277 00ad 91000000 		.4byte	0x91
 1278 00b1 BC000000 		.4byte	0xbc
 1279 00b5 09       		.uleb128 0x9
 1280 00b6 8A000000 		.4byte	0x8a
 1281 00ba 03       		.byte	0x3
 1282 00bb 00       		.byte	0
 1283 00bc 08       		.uleb128 0x8
 1284 00bd D7000000 		.4byte	.LASF13
 1285 00c1 03       		.byte	0x3
 1286 00c2 B8       		.byte	0xb8
 1287 00c3 CD000000 		.4byte	0xcd
 1288 00c7 05       		.uleb128 0x5
 1289 00c8 03       		.byte	0x3
 1290 00c9 00000000 		.4byte	cy_meta_custnvl
 1291 00cd 07       		.uleb128 0x7
 1292 00ce AC000000 		.4byte	0xac
 1293 00d2 08       		.uleb128 0x8
 1294 00d3 3A010000 		.4byte	.LASF14
 1295 00d7 03       		.byte	0x3
 1296 00d8 C6       		.byte	0xc6
 1297 00d9 E3000000 		.4byte	0xe3
 1298 00dd 05       		.uleb128 0x5
 1299 00de 03       		.byte	0x3
 1300 00df 00000000 		.4byte	cy_meta_wonvl
 1301 00e3 07       		.uleb128 0x7
 1302 00e4 AC000000 		.4byte	0xac
 1303 00e8 05       		.uleb128 0x5
 1304 00e9 91000000 		.4byte	0x91
 1305 00ed F8000000 		.4byte	0xf8
 1306 00f1 09       		.uleb128 0x9
 1307 00f2 8A000000 		.4byte	0x8a
ARM GAS  C:\Users\Ilaria\AppData\Local\Temp\ccF7MNYs.s 			page 24


 1308 00f6 FF       		.byte	0xff
 1309 00f7 00       		.byte	0
 1310 00f8 08       		.uleb128 0x8
 1311 00f9 25010000 		.4byte	.LASF15
 1312 00fd 03       		.byte	0x3
 1313 00fe D4       		.byte	0xd4
 1314 00ff 09010000 		.4byte	0x109
 1315 0103 05       		.uleb128 0x5
 1316 0104 03       		.byte	0x3
 1317 0105 00000000 		.4byte	cy_meta_flashprotect
 1318 0109 07       		.uleb128 0x7
 1319 010a E8000000 		.4byte	0xe8
 1320 010e 05       		.uleb128 0x5
 1321 010f 91000000 		.4byte	0x91
 1322 0113 1E010000 		.4byte	0x11e
 1323 0117 09       		.uleb128 0x9
 1324 0118 8A000000 		.4byte	0x8a
 1325 011c 0B       		.byte	0xb
 1326 011d 00       		.byte	0
 1327 011e 0A       		.uleb128 0xa
 1328 011f 0A000000 		.4byte	.LASF16
 1329 0123 03       		.byte	0x3
 1330 0124 0101     		.2byte	0x101
 1331 0126 30010000 		.4byte	0x130
 1332 012a 05       		.uleb128 0x5
 1333 012b 03       		.byte	0x3
 1334 012c 00000000 		.4byte	cy_metadata
 1335 0130 07       		.uleb128 0x7
 1336 0131 0E010000 		.4byte	0x10e
 1337 0135 00       		.byte	0
 1338              		.section	.debug_abbrev,"",%progbits
 1339              	.Ldebug_abbrev0:
 1340 0000 01       		.uleb128 0x1
 1341 0001 11       		.uleb128 0x11
 1342 0002 01       		.byte	0x1
 1343 0003 25       		.uleb128 0x25
 1344 0004 0E       		.uleb128 0xe
 1345 0005 13       		.uleb128 0x13
 1346 0006 0B       		.uleb128 0xb
 1347 0007 03       		.uleb128 0x3
 1348 0008 0E       		.uleb128 0xe
 1349 0009 1B       		.uleb128 0x1b
 1350 000a 0E       		.uleb128 0xe
 1351 000b 10       		.uleb128 0x10
 1352 000c 17       		.uleb128 0x17
 1353 000d 00       		.byte	0
 1354 000e 00       		.byte	0
 1355 000f 02       		.uleb128 0x2
 1356 0010 24       		.uleb128 0x24
 1357 0011 00       		.byte	0
 1358 0012 0B       		.uleb128 0xb
 1359 0013 0B       		.uleb128 0xb
 1360 0014 3E       		.uleb128 0x3e
 1361 0015 0B       		.uleb128 0xb
 1362 0016 03       		.uleb128 0x3
 1363 0017 0E       		.uleb128 0xe
 1364 0018 00       		.byte	0
ARM GAS  C:\Users\Ilaria\AppData\Local\Temp\ccF7MNYs.s 			page 25


 1365 0019 00       		.byte	0
 1366 001a 03       		.uleb128 0x3
 1367 001b 16       		.uleb128 0x16
 1368 001c 00       		.byte	0
 1369 001d 03       		.uleb128 0x3
 1370 001e 0E       		.uleb128 0xe
 1371 001f 3A       		.uleb128 0x3a
 1372 0020 0B       		.uleb128 0xb
 1373 0021 3B       		.uleb128 0x3b
 1374 0022 0B       		.uleb128 0xb
 1375 0023 49       		.uleb128 0x49
 1376 0024 13       		.uleb128 0x13
 1377 0025 00       		.byte	0
 1378 0026 00       		.byte	0
 1379 0027 04       		.uleb128 0x4
 1380 0028 24       		.uleb128 0x24
 1381 0029 00       		.byte	0
 1382 002a 0B       		.uleb128 0xb
 1383 002b 0B       		.uleb128 0xb
 1384 002c 3E       		.uleb128 0x3e
 1385 002d 0B       		.uleb128 0xb
 1386 002e 03       		.uleb128 0x3
 1387 002f 08       		.uleb128 0x8
 1388 0030 00       		.byte	0
 1389 0031 00       		.byte	0
 1390 0032 05       		.uleb128 0x5
 1391 0033 01       		.uleb128 0x1
 1392 0034 01       		.byte	0x1
 1393 0035 49       		.uleb128 0x49
 1394 0036 13       		.uleb128 0x13
 1395 0037 01       		.uleb128 0x1
 1396 0038 13       		.uleb128 0x13
 1397 0039 00       		.byte	0
 1398 003a 00       		.byte	0
 1399 003b 06       		.uleb128 0x6
 1400 003c 21       		.uleb128 0x21
 1401 003d 00       		.byte	0
 1402 003e 49       		.uleb128 0x49
 1403 003f 13       		.uleb128 0x13
 1404 0040 2F       		.uleb128 0x2f
 1405 0041 05       		.uleb128 0x5
 1406 0042 00       		.byte	0
 1407 0043 00       		.byte	0
 1408 0044 07       		.uleb128 0x7
 1409 0045 26       		.uleb128 0x26
 1410 0046 00       		.byte	0
 1411 0047 49       		.uleb128 0x49
 1412 0048 13       		.uleb128 0x13
 1413 0049 00       		.byte	0
 1414 004a 00       		.byte	0
 1415 004b 08       		.uleb128 0x8
 1416 004c 34       		.uleb128 0x34
 1417 004d 00       		.byte	0
 1418 004e 03       		.uleb128 0x3
 1419 004f 0E       		.uleb128 0xe
 1420 0050 3A       		.uleb128 0x3a
 1421 0051 0B       		.uleb128 0xb
ARM GAS  C:\Users\Ilaria\AppData\Local\Temp\ccF7MNYs.s 			page 26


 1422 0052 3B       		.uleb128 0x3b
 1423 0053 0B       		.uleb128 0xb
 1424 0054 49       		.uleb128 0x49
 1425 0055 13       		.uleb128 0x13
 1426 0056 3F       		.uleb128 0x3f
 1427 0057 19       		.uleb128 0x19
 1428 0058 02       		.uleb128 0x2
 1429 0059 18       		.uleb128 0x18
 1430 005a 00       		.byte	0
 1431 005b 00       		.byte	0
 1432 005c 09       		.uleb128 0x9
 1433 005d 21       		.uleb128 0x21
 1434 005e 00       		.byte	0
 1435 005f 49       		.uleb128 0x49
 1436 0060 13       		.uleb128 0x13
 1437 0061 2F       		.uleb128 0x2f
 1438 0062 0B       		.uleb128 0xb
 1439 0063 00       		.byte	0
 1440 0064 00       		.byte	0
 1441 0065 0A       		.uleb128 0xa
 1442 0066 34       		.uleb128 0x34
 1443 0067 00       		.byte	0
 1444 0068 03       		.uleb128 0x3
 1445 0069 0E       		.uleb128 0xe
 1446 006a 3A       		.uleb128 0x3a
 1447 006b 0B       		.uleb128 0xb
 1448 006c 3B       		.uleb128 0x3b
 1449 006d 05       		.uleb128 0x5
 1450 006e 49       		.uleb128 0x49
 1451 006f 13       		.uleb128 0x13
 1452 0070 3F       		.uleb128 0x3f
 1453 0071 19       		.uleb128 0x19
 1454 0072 02       		.uleb128 0x2
 1455 0073 18       		.uleb128 0x18
 1456 0074 00       		.byte	0
 1457 0075 00       		.byte	0
 1458 0076 00       		.byte	0
 1459              		.section	.debug_aranges,"",%progbits
 1460 0000 14000000 		.4byte	0x14
 1461 0004 0200     		.2byte	0x2
 1462 0006 00000000 		.4byte	.Ldebug_info0
 1463 000a 04       		.byte	0x4
 1464 000b 00       		.byte	0
 1465 000c 0000     		.2byte	0
 1466 000e 0000     		.2byte	0
 1467 0010 00000000 		.4byte	0
 1468 0014 00000000 		.4byte	0
 1469              		.section	.debug_line,"",%progbits
 1470              	.Ldebug_line0:
 1471 0000 3D010000 		.section	.debug_str,"MS",%progbits,1
 1471      02003701 
 1471      00000201 
 1471      FB0E0D00 
 1471      01010101 
 1472              	.LASF9:
 1473 0000 5F5F7569 		.ascii	"__uint8_t\000"
 1473      6E74385F 
ARM GAS  C:\Users\Ilaria\AppData\Local\Temp\ccF7MNYs.s 			page 27


 1473      7400
 1474              	.LASF16:
 1475 000a 63795F6D 		.ascii	"cy_metadata\000"
 1475      65746164 
 1475      61746100 
 1476              	.LASF1:
 1477 0016 756E7369 		.ascii	"unsigned char\000"
 1477      676E6564 
 1477      20636861 
 1477      7200
 1478              	.LASF17:
 1479 0024 474E5520 		.ascii	"GNU C11 5.4.1 20160609 (release) [ARM/embedded-5-br"
 1479      43313120 
 1479      352E342E 
 1479      31203230 
 1479      31363036 
 1480 0057 616E6368 		.ascii	"anch revision 237715] -mcpu=cortex-m3 -mthumb -g -O"
 1480      20726576 
 1480      6973696F 
 1480      6E203233 
 1480      37373135 
 1481 008a 67202D66 		.ascii	"g -ffunction-sections -ffat-lto-objects\000"
 1481      66756E63 
 1481      74696F6E 
 1481      2D736563 
 1481      74696F6E 
 1482              	.LASF5:
 1483 00b2 6C6F6E67 		.ascii	"long unsigned int\000"
 1483      20756E73 
 1483      69676E65 
 1483      6420696E 
 1483      7400
 1484              	.LASF3:
 1485 00c4 73686F72 		.ascii	"short unsigned int\000"
 1485      7420756E 
 1485      7369676E 
 1485      65642069 
 1485      6E7400
 1486              	.LASF13:
 1487 00d7 63795F6D 		.ascii	"cy_meta_custnvl\000"
 1487      6574615F 
 1487      63757374 
 1487      6E766C00 
 1488              	.LASF12:
 1489 00e7 63795F6D 		.ascii	"cy_meta_configecc\000"
 1489      6574615F 
 1489      636F6E66 
 1489      69676563 
 1489      6300
 1490              	.LASF8:
 1491 00f9 756E7369 		.ascii	"unsigned int\000"
 1491      676E6564 
 1491      20696E74 
 1491      00
 1492              	.LASF7:
 1493 0106 6C6F6E67 		.ascii	"long long unsigned int\000"
 1493      206C6F6E 
ARM GAS  C:\Users\Ilaria\AppData\Local\Temp\ccF7MNYs.s 			page 28


 1493      6720756E 
 1493      7369676E 
 1493      65642069 
 1494              	.LASF10:
 1495 011d 75696E74 		.ascii	"uint8_t\000"
 1495      385F7400 
 1496              	.LASF15:
 1497 0125 63795F6D 		.ascii	"cy_meta_flashprotect\000"
 1497      6574615F 
 1497      666C6173 
 1497      6870726F 
 1497      74656374 
 1498              	.LASF14:
 1499 013a 63795F6D 		.ascii	"cy_meta_wonvl\000"
 1499      6574615F 
 1499      776F6E76 
 1499      6C00
 1500              	.LASF11:
 1501 0148 73697A65 		.ascii	"sizetype\000"
 1501      74797065 
 1501      00
 1502              	.LASF6:
 1503 0151 6C6F6E67 		.ascii	"long long int\000"
 1503      206C6F6E 
 1503      6720696E 
 1503      7400
 1504              	.LASF2:
 1505 015f 73686F72 		.ascii	"short int\000"
 1505      7420696E 
 1505      7400
 1506              	.LASF4:
 1507 0169 6C6F6E67 		.ascii	"long int\000"
 1507      20696E74 
 1507      00
 1508              	.LASF0:
 1509 0172 7369676E 		.ascii	"signed char\000"
 1509      65642063 
 1509      68617200 
 1510              	.LASF19:
 1511 017e 433A5C55 		.ascii	"C:\\Users\\Ilaria\\Desktop\\PSoC_03\\AY1920_II_HW_0"
 1511      73657273 
 1511      5C496C61 
 1511      7269615C 
 1511      4465736B 
 1512 01ac 355F5052 		.ascii	"5_PROJ_2.cydsn\000"
 1512      4F4A5F32 
 1512      2E637964 
 1512      736E00
 1513              	.LASF18:
 1514 01bb 47656E65 		.ascii	"Generated_Source\\PSoC5\\cymetadata.c\000"
 1514      72617465 
 1514      645F536F 
 1514      75726365 
 1514      5C50536F 
 1515              		.ident	"GCC: (GNU Tools for ARM Embedded Processors) 5.4.1 20160609 (release) [ARM/embedded-5-bran
