ARM GAS  C:\Users\Ilaria\AppData\Local\Temp\ccUqSPP7.s 			page 1


   1              		.syntax unified
   2              		.cpu cortex-m3
   3              		.fpu softvfp
   4              		.eabi_attribute 20, 1
   5              		.eabi_attribute 21, 1
   6              		.eabi_attribute 23, 3
   7              		.eabi_attribute 24, 1
   8              		.eabi_attribute 25, 1
   9              		.eabi_attribute 26, 1
  10              		.eabi_attribute 30, 1
  11              		.eabi_attribute 34, 1
  12              		.eabi_attribute 18, 4
  13              		.thumb
  14              		.syntax unified
  15              		.file	"main.c"
  16              		.text
  17              	.Ltext0:
  18              		.cfi_sections	.debug_frame
  19              		.global	__aeabi_i2d
  20              		.global	__aeabi_dmul
  21              		.global	__aeabi_d2iz
  22              		.section	.text.main,"ax",%progbits
  23              		.align	2
  24              		.global	main
  25              		.thumb
  26              		.thumb_func
  27              		.type	main, %function
  28              	main:
  29              	.LFB64:
  30              		.file 1 "main.c"
   1:main.c        **** /**
   2:main.c        **** * \brief Main source file for the I2C-Master project.
   3:main.c        **** *
   4:main.c        **** * In this project we set up a I2C master device with
   5:main.c        **** * to understand the I2C protocol and communicate with a
   6:main.c        **** * a I2C Slave device (LIS3DH Accelerometer).
   7:main.c        **** *
   8:main.c        **** * \author Ilaria Catarrasa
   9:main.c        **** * \date , 2020
  10:main.c        **** */
  11:main.c        **** 
  12:main.c        **** // Include required header files
  13:main.c        **** #include "I2C_Interface.h"
  14:main.c        **** #include "project.h"
  15:main.c        **** #include "stdio.h"
  16:main.c        **** 
  17:main.c        **** /**
  18:main.c        **** *   \brief 7-bit I2C address of the slave device.
  19:main.c        **** */
  20:main.c        **** #define LIS3DH_DEVICE_ADDRESS 0x18
  21:main.c        **** 
  22:main.c        **** /**
  23:main.c        **** *   \brief Address of the WHO AM I register
  24:main.c        **** */
  25:main.c        **** #define LIS3DH_WHO_AM_I_REG_ADDR 0x0F
  26:main.c        **** 
  27:main.c        **** /**
ARM GAS  C:\Users\Ilaria\AppData\Local\Temp\ccUqSPP7.s 			page 2


  28:main.c        **** *   \brief Address of the Status register
  29:main.c        **** */
  30:main.c        **** #define LIS3DH_STATUS_REG 0x27
  31:main.c        **** 
  32:main.c        **** /**
  33:main.c        **** *   \brief Address of the Control register 1
  34:main.c        **** */
  35:main.c        **** #define LIS3DH_CTRL_REG1 0x20
  36:main.c        **** 
  37:main.c        **** /**
  38:main.c        **** *   \brief Hex value to set normal mode to the accelerator
  39:main.c        ****     \x,y,z Enabled, 100 Hz Power mode  
  40:main.c        **** */
  41:main.c        **** #define LIS3DH_NORMAL_MODE_CTRL_REG1 0x57
  42:main.c        **** 
  43:main.c        **** /**
  44:main.c        **** *   \brief Address of the Control register 4
  45:main.c        ****     \+- 2g FSR
  46:main.c        **** */
  47:main.c        **** #define LIS3DH_CTRL_REG4 0x23
  48:main.c        **** #define LIS3DH_CTRL_REG4_FSR_SET 0x00
  49:main.c        **** 
  50:main.c        **** /**
  51:main.c        **** *   \brief Address of the X, Y, Z output LSB and MSB registers
  52:main.c        **** */
  53:main.c        **** #define LIS3DH_OUT_X_L 0x28    /*LSB X*/
  54:main.c        **** #define LIS3DH_OUT_X_H 0x29    /*MSB X*/
  55:main.c        **** 
  56:main.c        **** #define LIS3DH_OUT_Y_L 0x2A    /*LSB Y*/
  57:main.c        **** #define LIS3DH_OUT_Y_H 0x2B    /*MSB Y*/
  58:main.c        **** 
  59:main.c        **** #define LIS3DH_OUT_Z_L 0x2C    /*LSB Z*/
  60:main.c        **** #define LIS3DH_OUT_Z_H 0x2D    /*MSB Z*/
  61:main.c        **** 
  62:main.c        **** /*Define Buffer Size*/
  63:main.c        **** #define TRANSMIT_BUFFER_SIZE 8
  64:main.c        **** 
  65:main.c        **** int main(void)
  66:main.c        **** {
  31              		.loc 1 66 0
  32              		.cfi_startproc
  33              		@ args = 0, pretend = 0, frame = 72
  34              		@ frame_needed = 0, uses_anonymous_args = 0
  35 0000 30B5     		push	{r4, r5, lr}
  36              		.cfi_def_cfa_offset 12
  37              		.cfi_offset 4, -12
  38              		.cfi_offset 5, -8
  39              		.cfi_offset 14, -4
  40 0002 93B0     		sub	sp, sp, #76
  41              		.cfi_def_cfa_offset 88
  67:main.c        ****     CyGlobalIntEnable; /* Enable global interrupts. */
  42              		.loc 1 67 0
  43              		.syntax unified
  44              	@ 67 "main.c" 1
  45 0004 62B6     		CPSIE   i
  46              	@ 0 "" 2
  68:main.c        **** 
ARM GAS  C:\Users\Ilaria\AppData\Local\Temp\ccUqSPP7.s 			page 3


  69:main.c        ****     /* Place your initialization/startup code here (e.g. MyInst_Start()) */
  70:main.c        ****     I2C_Peripheral_Start();
  47              		.loc 1 70 0
  48              		.thumb
  49              		.syntax unified
  50 0006 FFF7FEFF 		bl	I2C_Peripheral_Start
  51              	.LVL0:
  71:main.c        ****     UART_Debug_Start();
  52              		.loc 1 71 0
  53 000a FFF7FEFF 		bl	UART_Debug_Start
  54              	.LVL1:
  72:main.c        ****     
  73:main.c        ****     CyDelay(5); //"The boot procedure is complete about 5 milliseconds after device power-up."
  55              		.loc 1 73 0
  56 000e 0520     		movs	r0, #5
  57 0010 FFF7FEFF 		bl	CyDelay
  58              	.LVL2:
  59              	.LBB2:
  74:main.c        ****     
  75:main.c        ****     // String to print out messages on the UART
  76:main.c        ****     char message[50];
  77:main.c        **** 
  78:main.c        ****     // Check which devices are present on the I2C bus
  79:main.c        ****     for (int i = 0 ; i < 128; i++)
  60              		.loc 1 79 0
  61 0014 0024     		movs	r4, #0
  62 0016 0CE0     		b	.L2
  63              	.LVL3:
  64              	.L4:
  80:main.c        ****     {
  81:main.c        ****         if (I2C_Peripheral_IsDeviceConnected(i))
  65              		.loc 1 81 0
  66 0018 E0B2     		uxtb	r0, r4
  67 001a FFF7FEFF 		bl	I2C_Peripheral_IsDeviceConnected
  68              	.LVL4:
  69 001e 38B1     		cbz	r0, .L3
  82:main.c        ****         {
  83:main.c        ****             // print out the address is hex format
  84:main.c        ****             sprintf(message, "Device 0x%02X is connected\r\n", i);
  70              		.loc 1 84 0
  71 0020 2246     		mov	r2, r4
  72 0022 7349     		ldr	r1, .L25+8
  73 0024 05A8     		add	r0, sp, #20
  74 0026 FFF7FEFF 		bl	sprintf
  75              	.LVL5:
  85:main.c        ****             UART_Debug_PutString(message); 
  76              		.loc 1 85 0
  77 002a 05A8     		add	r0, sp, #20
  78 002c FFF7FEFF 		bl	UART_Debug_PutString
  79              	.LVL6:
  80              	.L3:
  79:main.c        ****     {
  81              		.loc 1 79 0 discriminator 2
  82 0030 0134     		adds	r4, r4, #1
  83              	.LVL7:
  84              	.L2:
  79:main.c        ****     {
ARM GAS  C:\Users\Ilaria\AppData\Local\Temp\ccUqSPP7.s 			page 4


  85              		.loc 1 79 0 is_stmt 0 discriminator 1
  86 0032 7F2C     		cmp	r4, #127
  87 0034 F0DD     		ble	.L4
  88              	.LBE2:
  86:main.c        ****         }
  87:main.c        ****         
  88:main.c        ****     }
  89:main.c        ****     
  90:main.c        ****     /******************************************/
  91:main.c        ****     /*            I2C Reading                 */
  92:main.c        ****     /******************************************/
  93:main.c        ****     
  94:main.c        ****     /* Read WHO AM I REGISTER register */
  95:main.c        ****     uint8_t who_am_i_reg;
  96:main.c        ****     ErrorCode error = I2C_Peripheral_ReadRegister(LIS3DH_DEVICE_ADDRESS,
  89              		.loc 1 96 0 is_stmt 1
  90 0036 0DF11302 		add	r2, sp, #19
  91 003a 0F21     		movs	r1, #15
  92 003c 1820     		movs	r0, #24
  93 003e FFF7FEFF 		bl	I2C_Peripheral_ReadRegister
  94              	.LVL8:
  97:main.c        ****                                                   LIS3DH_WHO_AM_I_REG_ADDR, 
  98:main.c        ****                                                   &who_am_i_reg);
  99:main.c        ****     if (error == NO_ERROR)
  95              		.loc 1 99 0
  96 0042 48B9     		cbnz	r0, .L5
 100:main.c        ****     {
 101:main.c        ****         sprintf(message, "WHO AM I REG: 0x%02X [Expected: 0x33]\r\n", who_am_i_reg);
  97              		.loc 1 101 0
  98 0044 9DF81320 		ldrb	r2, [sp, #19]	@ zero_extendqisi2
  99 0048 6A49     		ldr	r1, .L25+12
 100 004a 05A8     		add	r0, sp, #20
 101              	.LVL9:
 102 004c FFF7FEFF 		bl	sprintf
 103              	.LVL10:
 102:main.c        ****         UART_Debug_PutString(message); 
 104              		.loc 1 102 0
 105 0050 05A8     		add	r0, sp, #20
 106 0052 FFF7FEFF 		bl	UART_Debug_PutString
 107              	.LVL11:
 108 0056 02E0     		b	.L6
 109              	.LVL12:
 110              	.L5:
 103:main.c        ****     }
 104:main.c        ****     else
 105:main.c        ****     {
 106:main.c        ****         UART_Debug_PutString("Error occurred during I2C comm\r\n");   
 111              		.loc 1 106 0
 112 0058 6748     		ldr	r0, .L25+16
 113              	.LVL13:
 114 005a FFF7FEFF 		bl	UART_Debug_PutString
 115              	.LVL14:
 116              	.L6:
 107:main.c        ****     }
 108:main.c        ****     
 109:main.c        ****     /******************************************/
 110:main.c        ****     /*      I2C Reading Status Register       */
ARM GAS  C:\Users\Ilaria\AppData\Local\Temp\ccUqSPP7.s 			page 5


 111:main.c        ****     /******************************************/
 112:main.c        ****     
 113:main.c        ****     uint8_t status_register; 
 114:main.c        ****     error = I2C_Peripheral_ReadRegister(LIS3DH_DEVICE_ADDRESS,
 117              		.loc 1 114 0
 118 005e 0DF11202 		add	r2, sp, #18
 119 0062 2721     		movs	r1, #39
 120 0064 1820     		movs	r0, #24
 121 0066 FFF7FEFF 		bl	I2C_Peripheral_ReadRegister
 122              	.LVL15:
 115:main.c        ****                                         LIS3DH_STATUS_REG,
 116:main.c        ****                                         &status_register);
 117:main.c        ****     
 118:main.c        ****     if (error == NO_ERROR)
 123              		.loc 1 118 0
 124 006a 48B9     		cbnz	r0, .L7
 119:main.c        ****     {
 120:main.c        ****         sprintf(message, "STATUS REGISTER: 0x%02X\r\n", status_register);
 125              		.loc 1 120 0
 126 006c 9DF81220 		ldrb	r2, [sp, #18]	@ zero_extendqisi2
 127 0070 6249     		ldr	r1, .L25+20
 128 0072 05A8     		add	r0, sp, #20
 129              	.LVL16:
 130 0074 FFF7FEFF 		bl	sprintf
 131              	.LVL17:
 121:main.c        ****         UART_Debug_PutString(message); 
 132              		.loc 1 121 0
 133 0078 05A8     		add	r0, sp, #20
 134 007a FFF7FEFF 		bl	UART_Debug_PutString
 135              	.LVL18:
 136 007e 02E0     		b	.L8
 137              	.LVL19:
 138              	.L7:
 122:main.c        ****     }
 123:main.c        ****     else
 124:main.c        ****     {
 125:main.c        ****         UART_Debug_PutString("Error occurred during I2C comm to read status register\r\n");   
 139              		.loc 1 125 0
 140 0080 5F48     		ldr	r0, .L25+24
 141              	.LVL20:
 142 0082 FFF7FEFF 		bl	UART_Debug_PutString
 143              	.LVL21:
 144              	.L8:
 126:main.c        ****     }
 127:main.c        ****     
 128:main.c        ****     /******************************************/
 129:main.c        ****     /*        Read Control Register 1         */
 130:main.c        ****     /******************************************/
 131:main.c        ****     uint8_t ctrl_reg1; 
 132:main.c        ****     error = I2C_Peripheral_ReadRegister(LIS3DH_DEVICE_ADDRESS,
 145              		.loc 1 132 0
 146 0086 0DF11102 		add	r2, sp, #17
 147 008a 2021     		movs	r1, #32
 148 008c 1820     		movs	r0, #24
 149 008e FFF7FEFF 		bl	I2C_Peripheral_ReadRegister
 150              	.LVL22:
 133:main.c        ****                                         LIS3DH_CTRL_REG1,
ARM GAS  C:\Users\Ilaria\AppData\Local\Temp\ccUqSPP7.s 			page 6


 134:main.c        ****                                         &ctrl_reg1);
 135:main.c        ****     
 136:main.c        ****     if (error == NO_ERROR)
 151              		.loc 1 136 0
 152 0092 48B9     		cbnz	r0, .L9
 137:main.c        ****     {
 138:main.c        ****         sprintf(message, "CONTROL REGISTER 1: 0x%02X\r\n", ctrl_reg1);
 153              		.loc 1 138 0
 154 0094 9DF81120 		ldrb	r2, [sp, #17]	@ zero_extendqisi2
 155 0098 5A49     		ldr	r1, .L25+28
 156 009a 05A8     		add	r0, sp, #20
 157              	.LVL23:
 158 009c FFF7FEFF 		bl	sprintf
 159              	.LVL24:
 139:main.c        ****         UART_Debug_PutString(message); 
 160              		.loc 1 139 0
 161 00a0 05A8     		add	r0, sp, #20
 162 00a2 FFF7FEFF 		bl	UART_Debug_PutString
 163              	.LVL25:
 164 00a6 02E0     		b	.L10
 165              	.LVL26:
 166              	.L9:
 140:main.c        ****     }
 141:main.c        ****     else
 142:main.c        ****     {
 143:main.c        ****         UART_Debug_PutString("Error occurred during I2C comm to read control register 1\r\n");   
 167              		.loc 1 143 0
 168 00a8 5748     		ldr	r0, .L25+32
 169              	.LVL27:
 170 00aa FFF7FEFF 		bl	UART_Debug_PutString
 171              	.LVL28:
 172              	.L10:
 144:main.c        ****     }
 145:main.c        ****     
 146:main.c        ****     /******************************************/
 147:main.c        ****     /*            I2C Writing                 */
 148:main.c        ****     /******************************************/
 149:main.c        ****     
 150:main.c        ****         
 151:main.c        ****     UART_Debug_PutString("\r\nWriting new values..\r\n");
 173              		.loc 1 151 0
 174 00ae 5748     		ldr	r0, .L25+36
 175 00b0 FFF7FEFF 		bl	UART_Debug_PutString
 176              	.LVL29:
 152:main.c        ****     
 153:main.c        ****     if (ctrl_reg1 != LIS3DH_NORMAL_MODE_CTRL_REG1)
 177              		.loc 1 153 0
 178 00b4 9DF81130 		ldrb	r3, [sp, #17]	@ zero_extendqisi2
 179 00b8 572B     		cmp	r3, #87
 180 00ba 14D0     		beq	.L11
 154:main.c        ****     {
 155:main.c        ****         ctrl_reg1 = LIS3DH_NORMAL_MODE_CTRL_REG1;
 181              		.loc 1 155 0
 182 00bc 5722     		movs	r2, #87
 183 00be 8DF81120 		strb	r2, [sp, #17]
 156:main.c        ****     
 157:main.c        ****         error = I2C_Peripheral_WriteRegister(LIS3DH_DEVICE_ADDRESS,
ARM GAS  C:\Users\Ilaria\AppData\Local\Temp\ccUqSPP7.s 			page 7


 184              		.loc 1 157 0
 185 00c2 2021     		movs	r1, #32
 186 00c4 1820     		movs	r0, #24
 187 00c6 FFF7FEFF 		bl	I2C_Peripheral_WriteRegister
 188              	.LVL30:
 158:main.c        ****                                              LIS3DH_CTRL_REG1,
 159:main.c        ****                                              ctrl_reg1);
 160:main.c        ****     
 161:main.c        ****         if (error == NO_ERROR)
 189              		.loc 1 161 0
 190 00ca 48B9     		cbnz	r0, .L12
 162:main.c        ****         {
 163:main.c        ****             sprintf(message, "CONTROL REGISTER 1 successfully written as: 0x%02X\r\n", ctrl_reg1);
 191              		.loc 1 163 0
 192 00cc 9DF81120 		ldrb	r2, [sp, #17]	@ zero_extendqisi2
 193 00d0 4F49     		ldr	r1, .L25+40
 194 00d2 05A8     		add	r0, sp, #20
 195              	.LVL31:
 196 00d4 FFF7FEFF 		bl	sprintf
 197              	.LVL32:
 164:main.c        ****             UART_Debug_PutString(message); 
 198              		.loc 1 164 0
 199 00d8 05A8     		add	r0, sp, #20
 200 00da FFF7FEFF 		bl	UART_Debug_PutString
 201              	.LVL33:
 202 00de 02E0     		b	.L11
 203              	.LVL34:
 204              	.L12:
 165:main.c        ****         }
 166:main.c        ****         else
 167:main.c        ****         {
 168:main.c        ****             UART_Debug_PutString("Error occurred during I2C comm to set control register 1\r\n");  
 205              		.loc 1 168 0
 206 00e0 4C48     		ldr	r0, .L25+44
 207              	.LVL35:
 208 00e2 FFF7FEFF 		bl	UART_Debug_PutString
 209              	.LVL36:
 210              	.L11:
 169:main.c        ****         }
 170:main.c        ****     }
 171:main.c        ****     
 172:main.c        ****     /******************************************/
 173:main.c        ****     /*     Read Control Register 1 again      */
 174:main.c        ****     /******************************************/
 175:main.c        **** 
 176:main.c        ****     error = I2C_Peripheral_ReadRegister(LIS3DH_DEVICE_ADDRESS,
 211              		.loc 1 176 0
 212 00e6 0DF11102 		add	r2, sp, #17
 213 00ea 2021     		movs	r1, #32
 214 00ec 1820     		movs	r0, #24
 215 00ee FFF7FEFF 		bl	I2C_Peripheral_ReadRegister
 216              	.LVL37:
 177:main.c        ****                                         LIS3DH_CTRL_REG1,
 178:main.c        ****                                         &ctrl_reg1);
 179:main.c        ****     
 180:main.c        ****     if (error == NO_ERROR)
 217              		.loc 1 180 0
ARM GAS  C:\Users\Ilaria\AppData\Local\Temp\ccUqSPP7.s 			page 8


 218 00f2 48B9     		cbnz	r0, .L13
 181:main.c        ****     {
 182:main.c        ****         sprintf(message, "CONTROL REGISTER 1 after overwrite operation: 0x%02X\r\n", ctrl_reg1);
 219              		.loc 1 182 0
 220 00f4 9DF81120 		ldrb	r2, [sp, #17]	@ zero_extendqisi2
 221 00f8 4749     		ldr	r1, .L25+48
 222 00fa 05A8     		add	r0, sp, #20
 223              	.LVL38:
 224 00fc FFF7FEFF 		bl	sprintf
 225              	.LVL39:
 183:main.c        ****         UART_Debug_PutString(message); 
 226              		.loc 1 183 0
 227 0100 05A8     		add	r0, sp, #20
 228 0102 FFF7FEFF 		bl	UART_Debug_PutString
 229              	.LVL40:
 230 0106 02E0     		b	.L14
 231              	.LVL41:
 232              	.L13:
 184:main.c        ****     }
 185:main.c        ****     else
 186:main.c        ****     {
 187:main.c        ****         UART_Debug_PutString("Error occurred during I2C comm to read control register 1\r\n");   
 233              		.loc 1 187 0
 234 0108 3F48     		ldr	r0, .L25+32
 235              	.LVL42:
 236 010a FFF7FEFF 		bl	UART_Debug_PutString
 237              	.LVL43:
 238              	.L14:
 188:main.c        ****     }
 189:main.c        ****     
 190:main.c        ****     /******************************************/
 191:main.c        ****      /* Enabling Interrupt based on the duration of ODR chosen. */
 192:main.c        ****      /******************************************/             
 193:main.c        ****         
 194:main.c        ****     uint8_t ctrl_reg4;
 195:main.c        **** 
 196:main.c        ****     error = I2C_Peripheral_ReadRegister(LIS3DH_DEVICE_ADDRESS,
 239              		.loc 1 196 0
 240 010e 04AA     		add	r2, sp, #16
 241 0110 2321     		movs	r1, #35
 242 0112 1820     		movs	r0, #24
 243 0114 FFF7FEFF 		bl	I2C_Peripheral_ReadRegister
 244              	.LVL44:
 197:main.c        ****                                         LIS3DH_CTRL_REG4,
 198:main.c        ****                                         &ctrl_reg4);
 199:main.c        ****     
 200:main.c        ****     if (error == NO_ERROR)
 245              		.loc 1 200 0
 246 0118 48B9     		cbnz	r0, .L15
 201:main.c        ****     {
 202:main.c        ****         sprintf(message, "CONTROL REGISTER 4: 0x%02X\r\n", ctrl_reg4);
 247              		.loc 1 202 0
 248 011a 9DF81020 		ldrb	r2, [sp, #16]	@ zero_extendqisi2
 249 011e 3F49     		ldr	r1, .L25+52
 250 0120 05A8     		add	r0, sp, #20
 251              	.LVL45:
 252 0122 FFF7FEFF 		bl	sprintf
ARM GAS  C:\Users\Ilaria\AppData\Local\Temp\ccUqSPP7.s 			page 9


 253              	.LVL46:
 203:main.c        ****         UART_Debug_PutString(message); 
 254              		.loc 1 203 0
 255 0126 05A8     		add	r0, sp, #20
 256 0128 FFF7FEFF 		bl	UART_Debug_PutString
 257              	.LVL47:
 258 012c 02E0     		b	.L16
 259              	.LVL48:
 260              	.L15:
 204:main.c        ****     }
 205:main.c        ****     else
 206:main.c        ****     {
 207:main.c        ****         UART_Debug_PutString("Error occurred during I2C comm to read control register 4\r\n");   
 261              		.loc 1 207 0
 262 012e 3C48     		ldr	r0, .L25+56
 263              	.LVL49:
 264 0130 FFF7FEFF 		bl	UART_Debug_PutString
 265              	.LVL50:
 266              	.L16:
 208:main.c        ****     }
 209:main.c        ****     
 210:main.c        ****     
 211:main.c        ****     
 212:main.c        ****     /*Update control register 4*/
 213:main.c        ****     ctrl_reg4 = LIS3DH_CTRL_REG4_FSR_SET; // must be changed to the appropriate value
 267              		.loc 1 213 0
 268 0134 0022     		movs	r2, #0
 269 0136 12AC     		add	r4, sp, #72
 270              	.LVL51:
 271 0138 04F8382D 		strb	r2, [r4, #-56]!
 214:main.c        ****     
 215:main.c        ****     error = I2C_Peripheral_WriteRegister(LIS3DH_DEVICE_ADDRESS,
 272              		.loc 1 215 0
 273 013c 2321     		movs	r1, #35
 274 013e 1820     		movs	r0, #24
 275 0140 FFF7FEFF 		bl	I2C_Peripheral_WriteRegister
 276              	.LVL52:
 216:main.c        ****                                          LIS3DH_CTRL_REG4,
 217:main.c        ****                                          ctrl_reg4);
 218:main.c        ****     
 219:main.c        ****     error = I2C_Peripheral_ReadRegister(LIS3DH_DEVICE_ADDRESS,
 277              		.loc 1 219 0
 278 0144 2246     		mov	r2, r4
 279 0146 2321     		movs	r1, #35
 280 0148 1820     		movs	r0, #24
 281 014a FFF7FEFF 		bl	I2C_Peripheral_ReadRegister
 282              	.LVL53:
 220:main.c        ****                                         LIS3DH_CTRL_REG4,
 221:main.c        ****                                         &ctrl_reg4);
 222:main.c        ****     
 223:main.c        ****     
 224:main.c        ****     if (error == NO_ERROR)
 283              		.loc 1 224 0
 284 014e 48B9     		cbnz	r0, .L17
 225:main.c        ****     {
 226:main.c        ****         sprintf(message, "CONTROL REGISTER 4 after being updated: 0x%02X\r\n", ctrl_reg4);
 285              		.loc 1 226 0
ARM GAS  C:\Users\Ilaria\AppData\Local\Temp\ccUqSPP7.s 			page 10


 286 0150 9DF81020 		ldrb	r2, [sp, #16]	@ zero_extendqisi2
 287 0154 3349     		ldr	r1, .L25+60
 288 0156 05A8     		add	r0, sp, #20
 289              	.LVL54:
 290 0158 FFF7FEFF 		bl	sprintf
 291              	.LVL55:
 227:main.c        ****         UART_Debug_PutString(message); 
 292              		.loc 1 227 0
 293 015c 05A8     		add	r0, sp, #20
 294 015e FFF7FEFF 		bl	UART_Debug_PutString
 295              	.LVL56:
 296 0162 02E0     		b	.L18
 297              	.LVL57:
 298              	.L17:
 228:main.c        ****     }
 229:main.c        ****     else
 230:main.c        ****     {
 231:main.c        ****         UART_Debug_PutString("Error occurred during I2C comm to read control register4\r\n");   
 299              		.loc 1 231 0
 300 0164 3048     		ldr	r0, .L25+64
 301              	.LVL58:
 302 0166 FFF7FEFF 		bl	UART_Debug_PutString
 303              	.LVL59:
 304              	.L18:
 232:main.c        ****     }
 233:main.c        ****     
 234:main.c        ****     int16_t Out;
 235:main.c        ****     uint8_t header = 0xA0;
 236:main.c        ****     uint8_t footer = 0xC0;
 237:main.c        ****     uint8_t OutArray[TRANSMIT_BUFFER_SIZE]; 
 238:main.c        ****     uint8_t xyz_positioning[TRANSMIT_BUFFER_SIZE-2]; /*legth wuthout header and footer*/
 239:main.c        ****     
 240:main.c        ****     
 241:main.c        ****     OutArray[0] = header;
 305              		.loc 1 241 0
 306 016a A023     		movs	r3, #160
 307 016c 8DF80830 		strb	r3, [sp, #8]
 242:main.c        ****     OutArray[TRANSMIT_BUFFER_SIZE-1] = footer;
 308              		.loc 1 242 0
 309 0170 C023     		movs	r3, #192
 310 0172 8DF80F30 		strb	r3, [sp, #15]
 311              	.LVL60:
 312              	.L19:
 243:main.c        ****     
 244:main.c        ****     int i = 0;
 245:main.c        ****         
 246:main.c        ****     for(;;)
 247:main.c        ****     {
 248:main.c        ****        // CyDelay(10);
 249:main.c        ****         //SendDataUART(DEVICE_ADDRESS, REGISTER, ITERATIONS, ARRAY);
 250:main.c        ****         error = I2C_Peripheral_ReadRegisterMulti(LIS3DH_DEVICE_ADDRESS,
 313              		.loc 1 250 0
 314 0176 6B46     		mov	r3, sp
 315 0178 0622     		movs	r2, #6
 316 017a 2821     		movs	r1, #40
 317 017c 1820     		movs	r0, #24
 318 017e FFF7FEFF 		bl	I2C_Peripheral_ReadRegisterMulti
ARM GAS  C:\Users\Ilaria\AppData\Local\Temp\ccUqSPP7.s 			page 11


 319              	.LVL61:
 251:main.c        ****                                             LIS3DH_OUT_X_L,
 252:main.c        ****                                             TRANSMIT_BUFFER_SIZE-2,
 253:main.c        ****                                             &xyz_positioning[0]);
 254:main.c        ****         
 255:main.c        ****                 
 256:main.c        ****         if(error == NO_ERROR)
 320              		.loc 1 256 0
 321 0182 0028     		cmp	r0, #0
 322 0184 F7D1     		bne	.L19
 257:main.c        ****         {   
 258:main.c        ****             if(status_register&0x88)
 323              		.loc 1 258 0
 324 0186 9DF81230 		ldrb	r3, [sp, #18]	@ zero_extendqisi2
 325 018a 13F0880F 		tst	r3, #136
 326 018e 21D1     		bne	.L23
 327 0190 F1E7     		b	.L19
 328              	.LVL62:
 329              	.L22:
 259:main.c        ****             {
 260:main.c        ****                  for (i = 0; i<TRANSMIT_BUFFER_SIZE-2; i+=2)
 261:main.c        ****                 {
 262:main.c        ****                     Out = (int16)((xyz_positioning[i] | (xyz_positioning[i+1]<<8)))>>6;
 330              		.loc 1 262 0 discriminator 3
 331 0192 12AB     		add	r3, sp, #72
 332 0194 2344     		add	r3, r3, r4
 333 0196 13F8483C 		ldrb	r3, [r3, #-72]	@ zero_extendqisi2
 334 019a 651C     		adds	r5, r4, #1
 335 019c 12AA     		add	r2, sp, #72
 336 019e 1544     		add	r5, r5, r2
 337 01a0 15F8480C 		ldrb	r0, [r5, #-72]	@ zero_extendqisi2
 338 01a4 43EA0020 		orr	r0, r3, r0, lsl #8
 339              	.LVL63:
 263:main.c        ****                     Out *= 4*0.0098;/*conversion into m/s2*/
 340              		.loc 1 263 0 discriminator 3
 341 01a8 40F38910 		sbfx	r0, r0, #6, #10
 342              	.LVL64:
 343 01ac FFF7FEFF 		bl	__aeabi_i2d
 344              	.LVL65:
 345 01b0 0DA3     		adr	r3, .L25
 346 01b2 D3E90023 		ldrd	r2, [r3]
 347 01b6 FFF7FEFF 		bl	__aeabi_dmul
 348              	.LVL66:
 349 01ba FFF7FEFF 		bl	__aeabi_d2iz
 350              	.LVL67:
 351 01be 00B2     		sxth	r0, r0
 352              	.LVL68:
 264:main.c        ****                     OutArray[i+1] = (uint8_t)(Out & 0xFF);
 353              		.loc 1 264 0 discriminator 3
 354 01c0 05F8400C 		strb	r0, [r5, #-64]
 265:main.c        ****                     OutArray[i+2] = (uint8_t)(Out >> 8);  
 355              		.loc 1 265 0 discriminator 3
 356 01c4 0234     		adds	r4, r4, #2
 357              	.LVL69:
 358 01c6 C0F30720 		ubfx	r0, r0, #8, #8
 359              	.LVL70:
 360 01ca 12AB     		add	r3, sp, #72
ARM GAS  C:\Users\Ilaria\AppData\Local\Temp\ccUqSPP7.s 			page 12


 361 01cc 2344     		add	r3, r3, r4
 362 01ce 03F8400C 		strb	r0, [r3, #-64]
 363              	.LVL71:
 364 01d2 00E0     		b	.L21
 365              	.LVL72:
 366              	.L23:
 367 01d4 0024     		movs	r4, #0
 368              	.LVL73:
 369              	.L21:
 260:main.c        ****                 {
 370              		.loc 1 260 0 discriminator 1
 371 01d6 052C     		cmp	r4, #5
 372 01d8 DBDD     		ble	.L22
 266:main.c        ****                     //sprintf(message, "acceleration %d\r\n", Out);           
 267:main.c        ****                     //UART_Debug_PutString(message);
 268:main.c        ****                 }                
 269:main.c        ****                     
 270:main.c        ****                    UART_Debug_PutArray(OutArray, TRANSMIT_BUFFER_SIZE);  
 373              		.loc 1 270 0
 374 01da 0821     		movs	r1, #8
 375 01dc 0DEB0100 		add	r0, sp, r1
 376 01e0 FFF7FEFF 		bl	UART_Debug_PutArray
 377              	.LVL74:
 378 01e4 C7E7     		b	.L19
 379              	.L26:
 380 01e6 00BF     		.align	3
 381              	.L25:
 382 01e8 6EA301BC 		.word	-1140743314
 383 01ec 0512A43F 		.word	1067717125
 384 01f0 00000000 		.word	.LC0
 385 01f4 20000000 		.word	.LC1
 386 01f8 48000000 		.word	.LC2
 387 01fc 6C000000 		.word	.LC3
 388 0200 88000000 		.word	.LC4
 389 0204 C4000000 		.word	.LC5
 390 0208 E4000000 		.word	.LC6
 391 020c 20010000 		.word	.LC7
 392 0210 3C010000 		.word	.LC8
 393 0214 74010000 		.word	.LC9
 394 0218 B0010000 		.word	.LC10
 395 021c E8010000 		.word	.LC11
 396 0220 08020000 		.word	.LC12
 397 0224 44020000 		.word	.LC13
 398 0228 78020000 		.word	.LC14
 399              		.cfi_endproc
 400              	.LFE64:
 401              		.size	main, .-main
 402              		.section	.rodata.str1.4,"aMS",%progbits,1
 403              		.align	2
 404              	.LC0:
 405 0000 44657669 		.ascii	"Device 0x%02X is connected\015\012\000"
 405      63652030 
 405      78253032 
 405      58206973 
 405      20636F6E 
 406 001d 000000   		.space	3
 407              	.LC1:
ARM GAS  C:\Users\Ilaria\AppData\Local\Temp\ccUqSPP7.s 			page 13


 408 0020 57484F20 		.ascii	"WHO AM I REG: 0x%02X [Expected: 0x33]\015\012\000"
 408      414D2049 
 408      20524547 
 408      3A203078 
 408      25303258 
 409              	.LC2:
 410 0048 4572726F 		.ascii	"Error occurred during I2C comm\015\012\000"
 410      72206F63 
 410      63757272 
 410      65642064 
 410      7572696E 
 411 0069 000000   		.space	3
 412              	.LC3:
 413 006c 53544154 		.ascii	"STATUS REGISTER: 0x%02X\015\012\000"
 413      55532052 
 413      45474953 
 413      5445523A 
 413      20307825 
 414 0086 0000     		.space	2
 415              	.LC4:
 416 0088 4572726F 		.ascii	"Error occurred during I2C comm to read status regis"
 416      72206F63 
 416      63757272 
 416      65642064 
 416      7572696E 
 417 00bb 7465720D 		.ascii	"ter\015\012\000"
 417      0A00
 418 00c1 000000   		.space	3
 419              	.LC5:
 420 00c4 434F4E54 		.ascii	"CONTROL REGISTER 1: 0x%02X\015\012\000"
 420      524F4C20 
 420      52454749 
 420      53544552 
 420      20313A20 
 421 00e1 000000   		.space	3
 422              	.LC6:
 423 00e4 4572726F 		.ascii	"Error occurred during I2C comm to read control regi"
 423      72206F63 
 423      63757272 
 423      65642064 
 423      7572696E 
 424 0117 73746572 		.ascii	"ster 1\015\012\000"
 424      20310D0A 
 424      00
 425              	.LC7:
 426 0120 0D0A5772 		.ascii	"\015\012Writing new values..\015\012\000"
 426      6974696E 
 426      67206E65 
 426      77207661 
 426      6C756573 
 427 0139 000000   		.space	3
 428              	.LC8:
 429 013c 434F4E54 		.ascii	"CONTROL REGISTER 1 successfully written as: 0x%02X\015"
 429      524F4C20 
 429      52454749 
 429      53544552 
 429      20312073 
ARM GAS  C:\Users\Ilaria\AppData\Local\Temp\ccUqSPP7.s 			page 14


 430 016f 0A00     		.ascii	"\012\000"
 431 0171 000000   		.space	3
 432              	.LC9:
 433 0174 4572726F 		.ascii	"Error occurred during I2C comm to set control regis"
 433      72206F63 
 433      63757272 
 433      65642064 
 433      7572696E 
 434 01a7 74657220 		.ascii	"ter 1\015\012\000"
 434      310D0A00 
 435 01af 00       		.space	1
 436              	.LC10:
 437 01b0 434F4E54 		.ascii	"CONTROL REGISTER 1 after overwrite operation: 0x%02"
 437      524F4C20 
 437      52454749 
 437      53544552 
 437      20312061 
 438 01e3 580D0A00 		.ascii	"X\015\012\000"
 439 01e7 00       		.space	1
 440              	.LC11:
 441 01e8 434F4E54 		.ascii	"CONTROL REGISTER 4: 0x%02X\015\012\000"
 441      524F4C20 
 441      52454749 
 441      53544552 
 441      20343A20 
 442 0205 000000   		.space	3
 443              	.LC12:
 444 0208 4572726F 		.ascii	"Error occurred during I2C comm to read control regi"
 444      72206F63 
 444      63757272 
 444      65642064 
 444      7572696E 
 445 023b 73746572 		.ascii	"ster 4\015\012\000"
 445      20340D0A 
 445      00
 446              	.LC13:
 447 0244 434F4E54 		.ascii	"CONTROL REGISTER 4 after being updated: 0x%02X\015\012"
 447      524F4C20 
 447      52454749 
 447      53544552 
 447      20342061 
 448 0274 00       		.ascii	"\000"
 449 0275 000000   		.space	3
 450              	.LC14:
 451 0278 4572726F 		.ascii	"Error occurred during I2C comm to read control regi"
 451      72206F63 
 451      63757272 
 451      65642064 
 451      7572696E 
 452 02ab 73746572 		.ascii	"ster4\015\012\000"
 452      340D0A00 
 453              		.text
 454              	.Letext0:
 455              		.file 2 "c:\\program files (x86)\\cypress\\psoc creator\\4.3\\psoc creator\\import\\gnu\\arm\\5.4.
 456              		.file 3 "c:\\program files (x86)\\cypress\\psoc creator\\4.3\\psoc creator\\import\\gnu\\arm\\5.4.
 457              		.file 4 "Generated_Source\\PSoC5/cytypes.h"
 458              		.file 5 "ErrorCodes.h"
ARM GAS  C:\Users\Ilaria\AppData\Local\Temp\ccUqSPP7.s 			page 15


 459              		.file 6 "I2C_Interface.h"
 460              		.file 7 "c:\\program files (x86)\\cypress\\psoc creator\\4.3\\psoc creator\\import\\gnu\\arm\\5.4.
 461              		.file 8 "Generated_Source\\PSoC5/UART_Debug.h"
 462              		.file 9 "Generated_Source\\PSoC5/CyLib.h"
 463              		.file 10 "Generated_Source\\PSoC5/core_cm3.h"
 464              		.section	.debug_info,"",%progbits
 465              	.Ldebug_info0:
 466 0000 4E060000 		.4byte	0x64e
 467 0004 0400     		.2byte	0x4
 468 0006 00000000 		.4byte	.Ldebug_abbrev0
 469 000a 04       		.byte	0x4
 470 000b 01       		.uleb128 0x1
 471 000c 9D000000 		.4byte	.LASF44
 472 0010 0C       		.byte	0xc
 473 0011 4C020000 		.4byte	.LASF45
 474 0015 B5020000 		.4byte	.LASF46
 475 0019 00000000 		.4byte	.Ldebug_ranges0+0
 476 001d 00000000 		.4byte	0
 477 0021 00000000 		.4byte	.Ldebug_line0
 478 0025 02       		.uleb128 0x2
 479 0026 01       		.byte	0x1
 480 0027 06       		.byte	0x6
 481 0028 A9020000 		.4byte	.LASF0
 482 002c 03       		.uleb128 0x3
 483 002d 0F000000 		.4byte	.LASF2
 484 0031 02       		.byte	0x2
 485 0032 1D       		.byte	0x1d
 486 0033 37000000 		.4byte	0x37
 487 0037 02       		.uleb128 0x2
 488 0038 01       		.byte	0x1
 489 0039 08       		.byte	0x8
 490 003a 8F000000 		.4byte	.LASF1
 491 003e 03       		.uleb128 0x3
 492 003f A7010000 		.4byte	.LASF3
 493 0043 02       		.byte	0x2
 494 0044 29       		.byte	0x29
 495 0045 49000000 		.4byte	0x49
 496 0049 02       		.uleb128 0x2
 497 004a 02       		.byte	0x2
 498 004b 05       		.byte	0x5
 499 004c 74020000 		.4byte	.LASF4
 500 0050 02       		.uleb128 0x2
 501 0051 02       		.byte	0x2
 502 0052 07       		.byte	0x7
 503 0053 43010000 		.4byte	.LASF5
 504 0057 03       		.uleb128 0x3
 505 0058 4F000000 		.4byte	.LASF6
 506 005c 02       		.byte	0x2
 507 005d 3F       		.byte	0x3f
 508 005e 62000000 		.4byte	0x62
 509 0062 02       		.uleb128 0x2
 510 0063 04       		.byte	0x4
 511 0064 05       		.byte	0x5
 512 0065 59000000 		.4byte	.LASF7
 513 0069 02       		.uleb128 0x2
 514 006a 04       		.byte	0x4
 515 006b 07       		.byte	0x7
ARM GAS  C:\Users\Ilaria\AppData\Local\Temp\ccUqSPP7.s 			page 16


 516 006c 31010000 		.4byte	.LASF8
 517 0070 02       		.uleb128 0x2
 518 0071 08       		.byte	0x8
 519 0072 05       		.byte	0x5
 520 0073 2D020000 		.4byte	.LASF9
 521 0077 02       		.uleb128 0x2
 522 0078 08       		.byte	0x8
 523 0079 07       		.byte	0x7
 524 007a D2010000 		.4byte	.LASF10
 525 007e 04       		.uleb128 0x4
 526 007f 04       		.byte	0x4
 527 0080 05       		.byte	0x5
 528 0081 696E7400 		.ascii	"int\000"
 529 0085 02       		.uleb128 0x2
 530 0086 04       		.byte	0x4
 531 0087 07       		.byte	0x7
 532 0088 C5010000 		.4byte	.LASF11
 533 008c 03       		.uleb128 0x3
 534 008d E9010000 		.4byte	.LASF12
 535 0091 03       		.byte	0x3
 536 0092 18       		.byte	0x18
 537 0093 2C000000 		.4byte	0x2c
 538 0097 03       		.uleb128 0x3
 539 0098 F1010000 		.4byte	.LASF13
 540 009c 03       		.byte	0x3
 541 009d 20       		.byte	0x20
 542 009e 3E000000 		.4byte	0x3e
 543 00a2 03       		.uleb128 0x3
 544 00a3 16020000 		.4byte	.LASF14
 545 00a7 03       		.byte	0x3
 546 00a8 2C       		.byte	0x2c
 547 00a9 57000000 		.4byte	0x57
 548 00ad 05       		.uleb128 0x5
 549 00ae 2B010000 		.4byte	.LASF15
 550 00b2 04       		.byte	0x4
 551 00b3 E801     		.2byte	0x1e8
 552 00b5 49000000 		.4byte	0x49
 553 00b9 02       		.uleb128 0x2
 554 00ba 04       		.byte	0x4
 555 00bb 04       		.byte	0x4
 556 00bc 80000000 		.4byte	.LASF16
 557 00c0 02       		.uleb128 0x2
 558 00c1 08       		.byte	0x8
 559 00c2 04       		.byte	0x4
 560 00c3 7A010000 		.4byte	.LASF17
 561 00c7 02       		.uleb128 0x2
 562 00c8 01       		.byte	0x1
 563 00c9 08       		.byte	0x8
 564 00ca 53020000 		.4byte	.LASF18
 565 00ce 06       		.uleb128 0x6
 566 00cf 01       		.byte	0x1
 567 00d0 37000000 		.4byte	0x37
 568 00d4 05       		.byte	0x5
 569 00d5 15       		.byte	0x15
 570 00d6 E7000000 		.4byte	0xe7
 571 00da 07       		.uleb128 0x7
 572 00db 7E020000 		.4byte	.LASF19
ARM GAS  C:\Users\Ilaria\AppData\Local\Temp\ccUqSPP7.s 			page 17


 573 00df 00       		.byte	0
 574 00e0 07       		.uleb128 0x7
 575 00e1 97020000 		.4byte	.LASF20
 576 00e5 01       		.byte	0x1
 577 00e6 00       		.byte	0
 578 00e7 03       		.uleb128 0x3
 579 00e8 76000000 		.4byte	.LASF21
 580 00ec 05       		.byte	0x5
 581 00ed 18       		.byte	0x18
 582 00ee CE000000 		.4byte	0xce
 583 00f2 02       		.uleb128 0x2
 584 00f3 08       		.byte	0x8
 585 00f4 04       		.byte	0x4
 586 00f5 9D020000 		.4byte	.LASF22
 587 00f9 02       		.uleb128 0x2
 588 00fa 04       		.byte	0x4
 589 00fb 07       		.byte	0x7
 590 00fc 1E020000 		.4byte	.LASF23
 591 0100 08       		.uleb128 0x8
 592 0101 A2010000 		.4byte	.LASF47
 593 0105 01       		.byte	0x1
 594 0106 41       		.byte	0x41
 595 0107 7E000000 		.4byte	0x7e
 596 010b 00000000 		.4byte	.LFB64
 597 010f 2C020000 		.4byte	.LFE64-.LFB64
 598 0113 01       		.uleb128 0x1
 599 0114 9C       		.byte	0x9c
 600 0115 A2050000 		.4byte	0x5a2
 601 0119 09       		.uleb128 0x9
 602 011a 00000000 		.4byte	.LASF24
 603 011e 01       		.byte	0x1
 604 011f 4C       		.byte	0x4c
 605 0120 A2050000 		.4byte	0x5a2
 606 0124 03       		.uleb128 0x3
 607 0125 91       		.byte	0x91
 608 0126 BC7F     		.sleb128 -68
 609 0128 09       		.uleb128 0x9
 610 0129 F2020000 		.4byte	.LASF25
 611 012d 01       		.byte	0x1
 612 012e 5F       		.byte	0x5f
 613 012f 8C000000 		.4byte	0x8c
 614 0133 03       		.uleb128 0x3
 615 0134 91       		.byte	0x91
 616 0135 BB7F     		.sleb128 -69
 617 0137 0A       		.uleb128 0xa
 618 0138 27020000 		.4byte	.LASF26
 619 013c 01       		.byte	0x1
 620 013d 60       		.byte	0x60
 621 013e E7000000 		.4byte	0xe7
 622 0142 00000000 		.4byte	.LLST0
 623 0146 09       		.uleb128 0x9
 624 0147 06020000 		.4byte	.LASF27
 625 014b 01       		.byte	0x1
 626 014c 71       		.byte	0x71
 627 014d 8C000000 		.4byte	0x8c
 628 0151 03       		.uleb128 0x3
 629 0152 91       		.byte	0x91
ARM GAS  C:\Users\Ilaria\AppData\Local\Temp\ccUqSPP7.s 			page 18


 630 0153 BA7F     		.sleb128 -70
 631 0155 09       		.uleb128 0x9
 632 0156 B1010000 		.4byte	.LASF28
 633 015a 01       		.byte	0x1
 634 015b 83       		.byte	0x83
 635 015c 8C000000 		.4byte	0x8c
 636 0160 03       		.uleb128 0x3
 637 0161 91       		.byte	0x91
 638 0162 B97F     		.sleb128 -71
 639 0164 09       		.uleb128 0x9
 640 0165 BB010000 		.4byte	.LASF29
 641 0169 01       		.byte	0x1
 642 016a C2       		.byte	0xc2
 643 016b 8C000000 		.4byte	0x8c
 644 016f 03       		.uleb128 0x3
 645 0170 91       		.byte	0x91
 646 0171 B87F     		.sleb128 -72
 647 0173 0B       		.uleb128 0xb
 648 0174 4F757400 		.ascii	"Out\000"
 649 0178 01       		.byte	0x1
 650 0179 EA       		.byte	0xea
 651 017a 97000000 		.4byte	0x97
 652 017e B8000000 		.4byte	.LLST1
 653 0182 0C       		.uleb128 0xc
 654 0183 08000000 		.4byte	.LASF30
 655 0187 01       		.byte	0x1
 656 0188 EB       		.byte	0xeb
 657 0189 8C000000 		.4byte	0x8c
 658 018d A07F     		.sleb128 -96
 659 018f 0C       		.uleb128 0xc
 660 0190 73010000 		.4byte	.LASF31
 661 0194 01       		.byte	0x1
 662 0195 EC       		.byte	0xec
 663 0196 8C000000 		.4byte	0x8c
 664 019a 40       		.sleb128 -64
 665 019b 09       		.uleb128 0x9
 666 019c 86000000 		.4byte	.LASF32
 667 01a0 01       		.byte	0x1
 668 01a1 ED       		.byte	0xed
 669 01a2 B2050000 		.4byte	0x5b2
 670 01a6 03       		.uleb128 0x3
 671 01a7 91       		.byte	0x91
 672 01a8 B07F     		.sleb128 -80
 673 01aa 09       		.uleb128 0x9
 674 01ab 87020000 		.4byte	.LASF33
 675 01af 01       		.byte	0x1
 676 01b0 EE       		.byte	0xee
 677 01b1 C2050000 		.4byte	0x5c2
 678 01b5 03       		.uleb128 0x3
 679 01b6 91       		.byte	0x91
 680 01b7 A87F     		.sleb128 -88
 681 01b9 0B       		.uleb128 0xb
 682 01ba 6900     		.ascii	"i\000"
 683 01bc 01       		.byte	0x1
 684 01bd F4       		.byte	0xf4
 685 01be 7E000000 		.4byte	0x7e
 686 01c2 FC000000 		.4byte	.LLST2
ARM GAS  C:\Users\Ilaria\AppData\Local\Temp\ccUqSPP7.s 			page 19


 687 01c6 0D       		.uleb128 0xd
 688 01c7 14000000 		.4byte	.LBB2
 689 01cb 22000000 		.4byte	.LBE2-.LBB2
 690 01cf 2A020000 		.4byte	0x22a
 691 01d3 0B       		.uleb128 0xb
 692 01d4 6900     		.ascii	"i\000"
 693 01d6 01       		.byte	0x1
 694 01d7 4F       		.byte	0x4f
 695 01d8 7E000000 		.4byte	0x7e
 696 01dc 32010000 		.4byte	.LLST3
 697 01e0 0E       		.uleb128 0xe
 698 01e1 1E000000 		.4byte	.LVL4
 699 01e5 E3050000 		.4byte	0x5e3
 700 01e9 F4010000 		.4byte	0x1f4
 701 01ed 0F       		.uleb128 0xf
 702 01ee 01       		.uleb128 0x1
 703 01ef 50       		.byte	0x50
 704 01f0 02       		.uleb128 0x2
 705 01f1 74       		.byte	0x74
 706 01f2 00       		.sleb128 0
 707 01f3 00       		.byte	0
 708 01f4 0E       		.uleb128 0xe
 709 01f5 2A000000 		.4byte	.LVL5
 710 01f9 EE050000 		.4byte	0x5ee
 711 01fd 18020000 		.4byte	0x218
 712 0201 0F       		.uleb128 0xf
 713 0202 01       		.uleb128 0x1
 714 0203 50       		.byte	0x50
 715 0204 03       		.uleb128 0x3
 716 0205 91       		.byte	0x91
 717 0206 BC7F     		.sleb128 -68
 718 0208 0F       		.uleb128 0xf
 719 0209 01       		.uleb128 0x1
 720 020a 51       		.byte	0x51
 721 020b 05       		.uleb128 0x5
 722 020c 03       		.byte	0x3
 723 020d 00000000 		.4byte	.LC0
 724 0211 0F       		.uleb128 0xf
 725 0212 01       		.uleb128 0x1
 726 0213 52       		.byte	0x52
 727 0214 02       		.uleb128 0x2
 728 0215 74       		.byte	0x74
 729 0216 00       		.sleb128 0
 730 0217 00       		.byte	0
 731 0218 10       		.uleb128 0x10
 732 0219 30000000 		.4byte	.LVL6
 733 021d F9050000 		.4byte	0x5f9
 734 0221 0F       		.uleb128 0xf
 735 0222 01       		.uleb128 0x1
 736 0223 50       		.byte	0x50
 737 0224 03       		.uleb128 0x3
 738 0225 91       		.byte	0x91
 739 0226 BC7F     		.sleb128 -68
 740 0228 00       		.byte	0
 741 0229 00       		.byte	0
 742 022a 11       		.uleb128 0x11
 743 022b 0A000000 		.4byte	.LVL0
ARM GAS  C:\Users\Ilaria\AppData\Local\Temp\ccUqSPP7.s 			page 20


 744 022f 04060000 		.4byte	0x604
 745 0233 11       		.uleb128 0x11
 746 0234 0E000000 		.4byte	.LVL1
 747 0238 0F060000 		.4byte	0x60f
 748 023c 0E       		.uleb128 0xe
 749 023d 14000000 		.4byte	.LVL2
 750 0241 1A060000 		.4byte	0x61a
 751 0245 4F020000 		.4byte	0x24f
 752 0249 0F       		.uleb128 0xf
 753 024a 01       		.uleb128 0x1
 754 024b 50       		.byte	0x50
 755 024c 01       		.uleb128 0x1
 756 024d 35       		.byte	0x35
 757 024e 00       		.byte	0
 758 024f 0E       		.uleb128 0xe
 759 0250 42000000 		.4byte	.LVL8
 760 0254 25060000 		.4byte	0x625
 761 0258 6E020000 		.4byte	0x26e
 762 025c 0F       		.uleb128 0xf
 763 025d 01       		.uleb128 0x1
 764 025e 50       		.byte	0x50
 765 025f 01       		.uleb128 0x1
 766 0260 48       		.byte	0x48
 767 0261 0F       		.uleb128 0xf
 768 0262 01       		.uleb128 0x1
 769 0263 51       		.byte	0x51
 770 0264 01       		.uleb128 0x1
 771 0265 3F       		.byte	0x3f
 772 0266 0F       		.uleb128 0xf
 773 0267 01       		.uleb128 0x1
 774 0268 52       		.byte	0x52
 775 0269 03       		.uleb128 0x3
 776 026a 91       		.byte	0x91
 777 026b BB7F     		.sleb128 -69
 778 026d 00       		.byte	0
 779 026e 0E       		.uleb128 0xe
 780 026f 50000000 		.4byte	.LVL10
 781 0273 EE050000 		.4byte	0x5ee
 782 0277 8C020000 		.4byte	0x28c
 783 027b 0F       		.uleb128 0xf
 784 027c 01       		.uleb128 0x1
 785 027d 50       		.byte	0x50
 786 027e 03       		.uleb128 0x3
 787 027f 91       		.byte	0x91
 788 0280 BC7F     		.sleb128 -68
 789 0282 0F       		.uleb128 0xf
 790 0283 01       		.uleb128 0x1
 791 0284 51       		.byte	0x51
 792 0285 05       		.uleb128 0x5
 793 0286 03       		.byte	0x3
 794 0287 20000000 		.4byte	.LC1
 795 028b 00       		.byte	0
 796 028c 0E       		.uleb128 0xe
 797 028d 56000000 		.4byte	.LVL11
 798 0291 F9050000 		.4byte	0x5f9
 799 0295 A1020000 		.4byte	0x2a1
 800 0299 0F       		.uleb128 0xf
ARM GAS  C:\Users\Ilaria\AppData\Local\Temp\ccUqSPP7.s 			page 21


 801 029a 01       		.uleb128 0x1
 802 029b 50       		.byte	0x50
 803 029c 03       		.uleb128 0x3
 804 029d 91       		.byte	0x91
 805 029e BC7F     		.sleb128 -68
 806 02a0 00       		.byte	0
 807 02a1 0E       		.uleb128 0xe
 808 02a2 5E000000 		.4byte	.LVL14
 809 02a6 F9050000 		.4byte	0x5f9
 810 02aa B8020000 		.4byte	0x2b8
 811 02ae 0F       		.uleb128 0xf
 812 02af 01       		.uleb128 0x1
 813 02b0 50       		.byte	0x50
 814 02b1 05       		.uleb128 0x5
 815 02b2 03       		.byte	0x3
 816 02b3 48000000 		.4byte	.LC2
 817 02b7 00       		.byte	0
 818 02b8 0E       		.uleb128 0xe
 819 02b9 6A000000 		.4byte	.LVL15
 820 02bd 25060000 		.4byte	0x625
 821 02c1 D8020000 		.4byte	0x2d8
 822 02c5 0F       		.uleb128 0xf
 823 02c6 01       		.uleb128 0x1
 824 02c7 50       		.byte	0x50
 825 02c8 01       		.uleb128 0x1
 826 02c9 48       		.byte	0x48
 827 02ca 0F       		.uleb128 0xf
 828 02cb 01       		.uleb128 0x1
 829 02cc 51       		.byte	0x51
 830 02cd 02       		.uleb128 0x2
 831 02ce 08       		.byte	0x8
 832 02cf 27       		.byte	0x27
 833 02d0 0F       		.uleb128 0xf
 834 02d1 01       		.uleb128 0x1
 835 02d2 52       		.byte	0x52
 836 02d3 03       		.uleb128 0x3
 837 02d4 91       		.byte	0x91
 838 02d5 BA7F     		.sleb128 -70
 839 02d7 00       		.byte	0
 840 02d8 0E       		.uleb128 0xe
 841 02d9 78000000 		.4byte	.LVL17
 842 02dd EE050000 		.4byte	0x5ee
 843 02e1 F6020000 		.4byte	0x2f6
 844 02e5 0F       		.uleb128 0xf
 845 02e6 01       		.uleb128 0x1
 846 02e7 50       		.byte	0x50
 847 02e8 03       		.uleb128 0x3
 848 02e9 91       		.byte	0x91
 849 02ea BC7F     		.sleb128 -68
 850 02ec 0F       		.uleb128 0xf
 851 02ed 01       		.uleb128 0x1
 852 02ee 51       		.byte	0x51
 853 02ef 05       		.uleb128 0x5
 854 02f0 03       		.byte	0x3
 855 02f1 6C000000 		.4byte	.LC3
 856 02f5 00       		.byte	0
 857 02f6 0E       		.uleb128 0xe
ARM GAS  C:\Users\Ilaria\AppData\Local\Temp\ccUqSPP7.s 			page 22


 858 02f7 7E000000 		.4byte	.LVL18
 859 02fb F9050000 		.4byte	0x5f9
 860 02ff 0B030000 		.4byte	0x30b
 861 0303 0F       		.uleb128 0xf
 862 0304 01       		.uleb128 0x1
 863 0305 50       		.byte	0x50
 864 0306 03       		.uleb128 0x3
 865 0307 91       		.byte	0x91
 866 0308 BC7F     		.sleb128 -68
 867 030a 00       		.byte	0
 868 030b 0E       		.uleb128 0xe
 869 030c 86000000 		.4byte	.LVL21
 870 0310 F9050000 		.4byte	0x5f9
 871 0314 22030000 		.4byte	0x322
 872 0318 0F       		.uleb128 0xf
 873 0319 01       		.uleb128 0x1
 874 031a 50       		.byte	0x50
 875 031b 05       		.uleb128 0x5
 876 031c 03       		.byte	0x3
 877 031d 88000000 		.4byte	.LC4
 878 0321 00       		.byte	0
 879 0322 0E       		.uleb128 0xe
 880 0323 92000000 		.4byte	.LVL22
 881 0327 25060000 		.4byte	0x625
 882 032b 42030000 		.4byte	0x342
 883 032f 0F       		.uleb128 0xf
 884 0330 01       		.uleb128 0x1
 885 0331 50       		.byte	0x50
 886 0332 01       		.uleb128 0x1
 887 0333 48       		.byte	0x48
 888 0334 0F       		.uleb128 0xf
 889 0335 01       		.uleb128 0x1
 890 0336 51       		.byte	0x51
 891 0337 02       		.uleb128 0x2
 892 0338 08       		.byte	0x8
 893 0339 20       		.byte	0x20
 894 033a 0F       		.uleb128 0xf
 895 033b 01       		.uleb128 0x1
 896 033c 52       		.byte	0x52
 897 033d 03       		.uleb128 0x3
 898 033e 91       		.byte	0x91
 899 033f B97F     		.sleb128 -71
 900 0341 00       		.byte	0
 901 0342 0E       		.uleb128 0xe
 902 0343 A0000000 		.4byte	.LVL24
 903 0347 EE050000 		.4byte	0x5ee
 904 034b 60030000 		.4byte	0x360
 905 034f 0F       		.uleb128 0xf
 906 0350 01       		.uleb128 0x1
 907 0351 50       		.byte	0x50
 908 0352 03       		.uleb128 0x3
 909 0353 91       		.byte	0x91
 910 0354 BC7F     		.sleb128 -68
 911 0356 0F       		.uleb128 0xf
 912 0357 01       		.uleb128 0x1
 913 0358 51       		.byte	0x51
 914 0359 05       		.uleb128 0x5
ARM GAS  C:\Users\Ilaria\AppData\Local\Temp\ccUqSPP7.s 			page 23


 915 035a 03       		.byte	0x3
 916 035b C4000000 		.4byte	.LC5
 917 035f 00       		.byte	0
 918 0360 0E       		.uleb128 0xe
 919 0361 A6000000 		.4byte	.LVL25
 920 0365 F9050000 		.4byte	0x5f9
 921 0369 75030000 		.4byte	0x375
 922 036d 0F       		.uleb128 0xf
 923 036e 01       		.uleb128 0x1
 924 036f 50       		.byte	0x50
 925 0370 03       		.uleb128 0x3
 926 0371 91       		.byte	0x91
 927 0372 BC7F     		.sleb128 -68
 928 0374 00       		.byte	0
 929 0375 0E       		.uleb128 0xe
 930 0376 AE000000 		.4byte	.LVL28
 931 037a F9050000 		.4byte	0x5f9
 932 037e 8C030000 		.4byte	0x38c
 933 0382 0F       		.uleb128 0xf
 934 0383 01       		.uleb128 0x1
 935 0384 50       		.byte	0x50
 936 0385 05       		.uleb128 0x5
 937 0386 03       		.byte	0x3
 938 0387 E4000000 		.4byte	.LC6
 939 038b 00       		.byte	0
 940 038c 0E       		.uleb128 0xe
 941 038d B4000000 		.4byte	.LVL29
 942 0391 F9050000 		.4byte	0x5f9
 943 0395 A3030000 		.4byte	0x3a3
 944 0399 0F       		.uleb128 0xf
 945 039a 01       		.uleb128 0x1
 946 039b 50       		.byte	0x50
 947 039c 05       		.uleb128 0x5
 948 039d 03       		.byte	0x3
 949 039e 20010000 		.4byte	.LC7
 950 03a2 00       		.byte	0
 951 03a3 0E       		.uleb128 0xe
 952 03a4 CA000000 		.4byte	.LVL30
 953 03a8 30060000 		.4byte	0x630
 954 03ac C2030000 		.4byte	0x3c2
 955 03b0 0F       		.uleb128 0xf
 956 03b1 01       		.uleb128 0x1
 957 03b2 50       		.byte	0x50
 958 03b3 01       		.uleb128 0x1
 959 03b4 48       		.byte	0x48
 960 03b5 0F       		.uleb128 0xf
 961 03b6 01       		.uleb128 0x1
 962 03b7 51       		.byte	0x51
 963 03b8 02       		.uleb128 0x2
 964 03b9 08       		.byte	0x8
 965 03ba 20       		.byte	0x20
 966 03bb 0F       		.uleb128 0xf
 967 03bc 01       		.uleb128 0x1
 968 03bd 52       		.byte	0x52
 969 03be 02       		.uleb128 0x2
 970 03bf 08       		.byte	0x8
 971 03c0 57       		.byte	0x57
ARM GAS  C:\Users\Ilaria\AppData\Local\Temp\ccUqSPP7.s 			page 24


 972 03c1 00       		.byte	0
 973 03c2 0E       		.uleb128 0xe
 974 03c3 D8000000 		.4byte	.LVL32
 975 03c7 EE050000 		.4byte	0x5ee
 976 03cb E0030000 		.4byte	0x3e0
 977 03cf 0F       		.uleb128 0xf
 978 03d0 01       		.uleb128 0x1
 979 03d1 50       		.byte	0x50
 980 03d2 03       		.uleb128 0x3
 981 03d3 91       		.byte	0x91
 982 03d4 BC7F     		.sleb128 -68
 983 03d6 0F       		.uleb128 0xf
 984 03d7 01       		.uleb128 0x1
 985 03d8 51       		.byte	0x51
 986 03d9 05       		.uleb128 0x5
 987 03da 03       		.byte	0x3
 988 03db 3C010000 		.4byte	.LC8
 989 03df 00       		.byte	0
 990 03e0 0E       		.uleb128 0xe
 991 03e1 DE000000 		.4byte	.LVL33
 992 03e5 F9050000 		.4byte	0x5f9
 993 03e9 F5030000 		.4byte	0x3f5
 994 03ed 0F       		.uleb128 0xf
 995 03ee 01       		.uleb128 0x1
 996 03ef 50       		.byte	0x50
 997 03f0 03       		.uleb128 0x3
 998 03f1 91       		.byte	0x91
 999 03f2 BC7F     		.sleb128 -68
 1000 03f4 00       		.byte	0
 1001 03f5 0E       		.uleb128 0xe
 1002 03f6 E6000000 		.4byte	.LVL36
 1003 03fa F9050000 		.4byte	0x5f9
 1004 03fe 0C040000 		.4byte	0x40c
 1005 0402 0F       		.uleb128 0xf
 1006 0403 01       		.uleb128 0x1
 1007 0404 50       		.byte	0x50
 1008 0405 05       		.uleb128 0x5
 1009 0406 03       		.byte	0x3
 1010 0407 74010000 		.4byte	.LC9
 1011 040b 00       		.byte	0
 1012 040c 0E       		.uleb128 0xe
 1013 040d F2000000 		.4byte	.LVL37
 1014 0411 25060000 		.4byte	0x625
 1015 0415 2C040000 		.4byte	0x42c
 1016 0419 0F       		.uleb128 0xf
 1017 041a 01       		.uleb128 0x1
 1018 041b 50       		.byte	0x50
 1019 041c 01       		.uleb128 0x1
 1020 041d 48       		.byte	0x48
 1021 041e 0F       		.uleb128 0xf
 1022 041f 01       		.uleb128 0x1
 1023 0420 51       		.byte	0x51
 1024 0421 02       		.uleb128 0x2
 1025 0422 08       		.byte	0x8
 1026 0423 20       		.byte	0x20
 1027 0424 0F       		.uleb128 0xf
 1028 0425 01       		.uleb128 0x1
ARM GAS  C:\Users\Ilaria\AppData\Local\Temp\ccUqSPP7.s 			page 25


 1029 0426 52       		.byte	0x52
 1030 0427 03       		.uleb128 0x3
 1031 0428 91       		.byte	0x91
 1032 0429 B97F     		.sleb128 -71
 1033 042b 00       		.byte	0
 1034 042c 0E       		.uleb128 0xe
 1035 042d 00010000 		.4byte	.LVL39
 1036 0431 EE050000 		.4byte	0x5ee
 1037 0435 4A040000 		.4byte	0x44a
 1038 0439 0F       		.uleb128 0xf
 1039 043a 01       		.uleb128 0x1
 1040 043b 50       		.byte	0x50
 1041 043c 03       		.uleb128 0x3
 1042 043d 91       		.byte	0x91
 1043 043e BC7F     		.sleb128 -68
 1044 0440 0F       		.uleb128 0xf
 1045 0441 01       		.uleb128 0x1
 1046 0442 51       		.byte	0x51
 1047 0443 05       		.uleb128 0x5
 1048 0444 03       		.byte	0x3
 1049 0445 B0010000 		.4byte	.LC10
 1050 0449 00       		.byte	0
 1051 044a 0E       		.uleb128 0xe
 1052 044b 06010000 		.4byte	.LVL40
 1053 044f F9050000 		.4byte	0x5f9
 1054 0453 5F040000 		.4byte	0x45f
 1055 0457 0F       		.uleb128 0xf
 1056 0458 01       		.uleb128 0x1
 1057 0459 50       		.byte	0x50
 1058 045a 03       		.uleb128 0x3
 1059 045b 91       		.byte	0x91
 1060 045c BC7F     		.sleb128 -68
 1061 045e 00       		.byte	0
 1062 045f 0E       		.uleb128 0xe
 1063 0460 0E010000 		.4byte	.LVL43
 1064 0464 F9050000 		.4byte	0x5f9
 1065 0468 76040000 		.4byte	0x476
 1066 046c 0F       		.uleb128 0xf
 1067 046d 01       		.uleb128 0x1
 1068 046e 50       		.byte	0x50
 1069 046f 05       		.uleb128 0x5
 1070 0470 03       		.byte	0x3
 1071 0471 E4000000 		.4byte	.LC6
 1072 0475 00       		.byte	0
 1073 0476 0E       		.uleb128 0xe
 1074 0477 18010000 		.4byte	.LVL44
 1075 047b 25060000 		.4byte	0x625
 1076 047f 96040000 		.4byte	0x496
 1077 0483 0F       		.uleb128 0xf
 1078 0484 01       		.uleb128 0x1
 1079 0485 50       		.byte	0x50
 1080 0486 01       		.uleb128 0x1
 1081 0487 48       		.byte	0x48
 1082 0488 0F       		.uleb128 0xf
 1083 0489 01       		.uleb128 0x1
 1084 048a 51       		.byte	0x51
 1085 048b 02       		.uleb128 0x2
ARM GAS  C:\Users\Ilaria\AppData\Local\Temp\ccUqSPP7.s 			page 26


 1086 048c 08       		.byte	0x8
 1087 048d 23       		.byte	0x23
 1088 048e 0F       		.uleb128 0xf
 1089 048f 01       		.uleb128 0x1
 1090 0490 52       		.byte	0x52
 1091 0491 03       		.uleb128 0x3
 1092 0492 91       		.byte	0x91
 1093 0493 B87F     		.sleb128 -72
 1094 0495 00       		.byte	0
 1095 0496 0E       		.uleb128 0xe
 1096 0497 26010000 		.4byte	.LVL46
 1097 049b EE050000 		.4byte	0x5ee
 1098 049f B4040000 		.4byte	0x4b4
 1099 04a3 0F       		.uleb128 0xf
 1100 04a4 01       		.uleb128 0x1
 1101 04a5 50       		.byte	0x50
 1102 04a6 03       		.uleb128 0x3
 1103 04a7 91       		.byte	0x91
 1104 04a8 BC7F     		.sleb128 -68
 1105 04aa 0F       		.uleb128 0xf
 1106 04ab 01       		.uleb128 0x1
 1107 04ac 51       		.byte	0x51
 1108 04ad 05       		.uleb128 0x5
 1109 04ae 03       		.byte	0x3
 1110 04af E8010000 		.4byte	.LC11
 1111 04b3 00       		.byte	0
 1112 04b4 0E       		.uleb128 0xe
 1113 04b5 2C010000 		.4byte	.LVL47
 1114 04b9 F9050000 		.4byte	0x5f9
 1115 04bd C9040000 		.4byte	0x4c9
 1116 04c1 0F       		.uleb128 0xf
 1117 04c2 01       		.uleb128 0x1
 1118 04c3 50       		.byte	0x50
 1119 04c4 03       		.uleb128 0x3
 1120 04c5 91       		.byte	0x91
 1121 04c6 BC7F     		.sleb128 -68
 1122 04c8 00       		.byte	0
 1123 04c9 0E       		.uleb128 0xe
 1124 04ca 34010000 		.4byte	.LVL50
 1125 04ce F9050000 		.4byte	0x5f9
 1126 04d2 E0040000 		.4byte	0x4e0
 1127 04d6 0F       		.uleb128 0xf
 1128 04d7 01       		.uleb128 0x1
 1129 04d8 50       		.byte	0x50
 1130 04d9 05       		.uleb128 0x5
 1131 04da 03       		.byte	0x3
 1132 04db 08020000 		.4byte	.LC12
 1133 04df 00       		.byte	0
 1134 04e0 0E       		.uleb128 0xe
 1135 04e1 44010000 		.4byte	.LVL52
 1136 04e5 30060000 		.4byte	0x630
 1137 04e9 FE040000 		.4byte	0x4fe
 1138 04ed 0F       		.uleb128 0xf
 1139 04ee 01       		.uleb128 0x1
 1140 04ef 50       		.byte	0x50
 1141 04f0 01       		.uleb128 0x1
 1142 04f1 48       		.byte	0x48
ARM GAS  C:\Users\Ilaria\AppData\Local\Temp\ccUqSPP7.s 			page 27


 1143 04f2 0F       		.uleb128 0xf
 1144 04f3 01       		.uleb128 0x1
 1145 04f4 51       		.byte	0x51
 1146 04f5 02       		.uleb128 0x2
 1147 04f6 08       		.byte	0x8
 1148 04f7 23       		.byte	0x23
 1149 04f8 0F       		.uleb128 0xf
 1150 04f9 01       		.uleb128 0x1
 1151 04fa 52       		.byte	0x52
 1152 04fb 01       		.uleb128 0x1
 1153 04fc 30       		.byte	0x30
 1154 04fd 00       		.byte	0
 1155 04fe 0E       		.uleb128 0xe
 1156 04ff 4E010000 		.4byte	.LVL53
 1157 0503 25060000 		.4byte	0x625
 1158 0507 1D050000 		.4byte	0x51d
 1159 050b 0F       		.uleb128 0xf
 1160 050c 01       		.uleb128 0x1
 1161 050d 50       		.byte	0x50
 1162 050e 01       		.uleb128 0x1
 1163 050f 48       		.byte	0x48
 1164 0510 0F       		.uleb128 0xf
 1165 0511 01       		.uleb128 0x1
 1166 0512 51       		.byte	0x51
 1167 0513 02       		.uleb128 0x2
 1168 0514 08       		.byte	0x8
 1169 0515 23       		.byte	0x23
 1170 0516 0F       		.uleb128 0xf
 1171 0517 01       		.uleb128 0x1
 1172 0518 52       		.byte	0x52
 1173 0519 02       		.uleb128 0x2
 1174 051a 74       		.byte	0x74
 1175 051b 00       		.sleb128 0
 1176 051c 00       		.byte	0
 1177 051d 0E       		.uleb128 0xe
 1178 051e 5C010000 		.4byte	.LVL55
 1179 0522 EE050000 		.4byte	0x5ee
 1180 0526 3B050000 		.4byte	0x53b
 1181 052a 0F       		.uleb128 0xf
 1182 052b 01       		.uleb128 0x1
 1183 052c 50       		.byte	0x50
 1184 052d 03       		.uleb128 0x3
 1185 052e 91       		.byte	0x91
 1186 052f BC7F     		.sleb128 -68
 1187 0531 0F       		.uleb128 0xf
 1188 0532 01       		.uleb128 0x1
 1189 0533 51       		.byte	0x51
 1190 0534 05       		.uleb128 0x5
 1191 0535 03       		.byte	0x3
 1192 0536 44020000 		.4byte	.LC13
 1193 053a 00       		.byte	0
 1194 053b 0E       		.uleb128 0xe
 1195 053c 62010000 		.4byte	.LVL56
 1196 0540 F9050000 		.4byte	0x5f9
 1197 0544 50050000 		.4byte	0x550
 1198 0548 0F       		.uleb128 0xf
 1199 0549 01       		.uleb128 0x1
ARM GAS  C:\Users\Ilaria\AppData\Local\Temp\ccUqSPP7.s 			page 28


 1200 054a 50       		.byte	0x50
 1201 054b 03       		.uleb128 0x3
 1202 054c 91       		.byte	0x91
 1203 054d BC7F     		.sleb128 -68
 1204 054f 00       		.byte	0
 1205 0550 0E       		.uleb128 0xe
 1206 0551 6A010000 		.4byte	.LVL59
 1207 0555 F9050000 		.4byte	0x5f9
 1208 0559 67050000 		.4byte	0x567
 1209 055d 0F       		.uleb128 0xf
 1210 055e 01       		.uleb128 0x1
 1211 055f 50       		.byte	0x50
 1212 0560 05       		.uleb128 0x5
 1213 0561 03       		.byte	0x3
 1214 0562 78020000 		.4byte	.LC14
 1215 0566 00       		.byte	0
 1216 0567 0E       		.uleb128 0xe
 1217 0568 82010000 		.4byte	.LVL61
 1218 056c 3B060000 		.4byte	0x63b
 1219 0570 8B050000 		.4byte	0x58b
 1220 0574 0F       		.uleb128 0xf
 1221 0575 01       		.uleb128 0x1
 1222 0576 50       		.byte	0x50
 1223 0577 01       		.uleb128 0x1
 1224 0578 48       		.byte	0x48
 1225 0579 0F       		.uleb128 0xf
 1226 057a 01       		.uleb128 0x1
 1227 057b 51       		.byte	0x51
 1228 057c 02       		.uleb128 0x2
 1229 057d 08       		.byte	0x8
 1230 057e 28       		.byte	0x28
 1231 057f 0F       		.uleb128 0xf
 1232 0580 01       		.uleb128 0x1
 1233 0581 52       		.byte	0x52
 1234 0582 01       		.uleb128 0x1
 1235 0583 36       		.byte	0x36
 1236 0584 0F       		.uleb128 0xf
 1237 0585 01       		.uleb128 0x1
 1238 0586 53       		.byte	0x53
 1239 0587 02       		.uleb128 0x2
 1240 0588 7D       		.byte	0x7d
 1241 0589 00       		.sleb128 0
 1242 058a 00       		.byte	0
 1243 058b 10       		.uleb128 0x10
 1244 058c E4010000 		.4byte	.LVL74
 1245 0590 46060000 		.4byte	0x646
 1246 0594 0F       		.uleb128 0xf
 1247 0595 01       		.uleb128 0x1
 1248 0596 50       		.byte	0x50
 1249 0597 03       		.uleb128 0x3
 1250 0598 91       		.byte	0x91
 1251 0599 B07F     		.sleb128 -80
 1252 059b 0F       		.uleb128 0xf
 1253 059c 01       		.uleb128 0x1
 1254 059d 51       		.byte	0x51
 1255 059e 01       		.uleb128 0x1
 1256 059f 38       		.byte	0x38
ARM GAS  C:\Users\Ilaria\AppData\Local\Temp\ccUqSPP7.s 			page 29


 1257 05a0 00       		.byte	0
 1258 05a1 00       		.byte	0
 1259 05a2 12       		.uleb128 0x12
 1260 05a3 C7000000 		.4byte	0xc7
 1261 05a7 B2050000 		.4byte	0x5b2
 1262 05ab 13       		.uleb128 0x13
 1263 05ac F9000000 		.4byte	0xf9
 1264 05b0 31       		.byte	0x31
 1265 05b1 00       		.byte	0
 1266 05b2 12       		.uleb128 0x12
 1267 05b3 8C000000 		.4byte	0x8c
 1268 05b7 C2050000 		.4byte	0x5c2
 1269 05bb 13       		.uleb128 0x13
 1270 05bc F9000000 		.4byte	0xf9
 1271 05c0 07       		.byte	0x7
 1272 05c1 00       		.byte	0
 1273 05c2 12       		.uleb128 0x12
 1274 05c3 8C000000 		.4byte	0x8c
 1275 05c7 D2050000 		.4byte	0x5d2
 1276 05cb 13       		.uleb128 0x13
 1277 05cc F9000000 		.4byte	0xf9
 1278 05d0 05       		.byte	0x5
 1279 05d1 00       		.byte	0
 1280 05d2 14       		.uleb128 0x14
 1281 05d3 F9010000 		.4byte	.LASF48
 1282 05d7 0A       		.byte	0xa
 1283 05d8 1207     		.2byte	0x712
 1284 05da DE050000 		.4byte	0x5de
 1285 05de 15       		.uleb128 0x15
 1286 05df A2000000 		.4byte	0xa2
 1287 05e3 16       		.uleb128 0x16
 1288 05e4 2E000000 		.4byte	.LASF34
 1289 05e8 2E000000 		.4byte	.LASF34
 1290 05ec 06       		.byte	0x6
 1291 05ed 5D       		.byte	0x5d
 1292 05ee 16       		.uleb128 0x16
 1293 05ef FF020000 		.4byte	.LASF35
 1294 05f3 FF020000 		.4byte	.LASF35
 1295 05f7 07       		.byte	0x7
 1296 05f8 E7       		.byte	0xe7
 1297 05f9 16       		.uleb128 0x16
 1298 05fa 19000000 		.4byte	.LASF36
 1299 05fe 19000000 		.4byte	.LASF36
 1300 0602 08       		.byte	0x8
 1301 0603 8B       		.byte	0x8b
 1302 0604 16       		.uleb128 0x16
 1303 0605 0F030000 		.4byte	.LASF37
 1304 0609 0F030000 		.4byte	.LASF37
 1305 060d 06       		.byte	0x6
 1306 060e 17       		.byte	0x17
 1307 060f 16       		.uleb128 0x16
 1308 0610 3B020000 		.4byte	.LASF38
 1309 0614 3B020000 		.4byte	.LASF38
 1310 0618 08       		.byte	0x8
 1311 0619 54       		.byte	0x54
 1312 061a 16       		.uleb128 0x16
 1313 061b 07030000 		.4byte	.LASF39
ARM GAS  C:\Users\Ilaria\AppData\Local\Temp\ccUqSPP7.s 			page 30


 1314 061f 07030000 		.4byte	.LASF39
 1315 0623 09       		.byte	0x9
 1316 0624 76       		.byte	0x76
 1317 0625 16       		.uleb128 0x16
 1318 0626 58020000 		.4byte	.LASF40
 1319 062a 58020000 		.4byte	.LASF40
 1320 062e 06       		.byte	0x6
 1321 062f 28       		.byte	0x28
 1322 0630 16       		.uleb128 0x16
 1323 0631 56010000 		.4byte	.LASF41
 1324 0635 56010000 		.4byte	.LASF41
 1325 0639 06       		.byte	0x6
 1326 063a 43       		.byte	0x43
 1327 063b 16       		.uleb128 0x16
 1328 063c 81010000 		.4byte	.LASF42
 1329 0640 81010000 		.4byte	.LASF42
 1330 0644 06       		.byte	0x6
 1331 0645 36       		.byte	0x36
 1332 0646 16       		.uleb128 0x16
 1333 0647 62000000 		.4byte	.LASF43
 1334 064b 62000000 		.4byte	.LASF43
 1335 064f 08       		.byte	0x8
 1336 0650 8C       		.byte	0x8c
 1337 0651 00       		.byte	0
 1338              		.section	.debug_abbrev,"",%progbits
 1339              	.Ldebug_abbrev0:
 1340 0000 01       		.uleb128 0x1
 1341 0001 11       		.uleb128 0x11
 1342 0002 01       		.byte	0x1
 1343 0003 25       		.uleb128 0x25
 1344 0004 0E       		.uleb128 0xe
 1345 0005 13       		.uleb128 0x13
 1346 0006 0B       		.uleb128 0xb
 1347 0007 03       		.uleb128 0x3
 1348 0008 0E       		.uleb128 0xe
 1349 0009 1B       		.uleb128 0x1b
 1350 000a 0E       		.uleb128 0xe
 1351 000b 55       		.uleb128 0x55
 1352 000c 17       		.uleb128 0x17
 1353 000d 11       		.uleb128 0x11
 1354 000e 01       		.uleb128 0x1
 1355 000f 10       		.uleb128 0x10
 1356 0010 17       		.uleb128 0x17
 1357 0011 00       		.byte	0
 1358 0012 00       		.byte	0
 1359 0013 02       		.uleb128 0x2
 1360 0014 24       		.uleb128 0x24
 1361 0015 00       		.byte	0
 1362 0016 0B       		.uleb128 0xb
 1363 0017 0B       		.uleb128 0xb
 1364 0018 3E       		.uleb128 0x3e
 1365 0019 0B       		.uleb128 0xb
 1366 001a 03       		.uleb128 0x3
 1367 001b 0E       		.uleb128 0xe
 1368 001c 00       		.byte	0
 1369 001d 00       		.byte	0
 1370 001e 03       		.uleb128 0x3
ARM GAS  C:\Users\Ilaria\AppData\Local\Temp\ccUqSPP7.s 			page 31


 1371 001f 16       		.uleb128 0x16
 1372 0020 00       		.byte	0
 1373 0021 03       		.uleb128 0x3
 1374 0022 0E       		.uleb128 0xe
 1375 0023 3A       		.uleb128 0x3a
 1376 0024 0B       		.uleb128 0xb
 1377 0025 3B       		.uleb128 0x3b
 1378 0026 0B       		.uleb128 0xb
 1379 0027 49       		.uleb128 0x49
 1380 0028 13       		.uleb128 0x13
 1381 0029 00       		.byte	0
 1382 002a 00       		.byte	0
 1383 002b 04       		.uleb128 0x4
 1384 002c 24       		.uleb128 0x24
 1385 002d 00       		.byte	0
 1386 002e 0B       		.uleb128 0xb
 1387 002f 0B       		.uleb128 0xb
 1388 0030 3E       		.uleb128 0x3e
 1389 0031 0B       		.uleb128 0xb
 1390 0032 03       		.uleb128 0x3
 1391 0033 08       		.uleb128 0x8
 1392 0034 00       		.byte	0
 1393 0035 00       		.byte	0
 1394 0036 05       		.uleb128 0x5
 1395 0037 16       		.uleb128 0x16
 1396 0038 00       		.byte	0
 1397 0039 03       		.uleb128 0x3
 1398 003a 0E       		.uleb128 0xe
 1399 003b 3A       		.uleb128 0x3a
 1400 003c 0B       		.uleb128 0xb
 1401 003d 3B       		.uleb128 0x3b
 1402 003e 05       		.uleb128 0x5
 1403 003f 49       		.uleb128 0x49
 1404 0040 13       		.uleb128 0x13
 1405 0041 00       		.byte	0
 1406 0042 00       		.byte	0
 1407 0043 06       		.uleb128 0x6
 1408 0044 04       		.uleb128 0x4
 1409 0045 01       		.byte	0x1
 1410 0046 0B       		.uleb128 0xb
 1411 0047 0B       		.uleb128 0xb
 1412 0048 49       		.uleb128 0x49
 1413 0049 13       		.uleb128 0x13
 1414 004a 3A       		.uleb128 0x3a
 1415 004b 0B       		.uleb128 0xb
 1416 004c 3B       		.uleb128 0x3b
 1417 004d 0B       		.uleb128 0xb
 1418 004e 01       		.uleb128 0x1
 1419 004f 13       		.uleb128 0x13
 1420 0050 00       		.byte	0
 1421 0051 00       		.byte	0
 1422 0052 07       		.uleb128 0x7
 1423 0053 28       		.uleb128 0x28
 1424 0054 00       		.byte	0
 1425 0055 03       		.uleb128 0x3
 1426 0056 0E       		.uleb128 0xe
 1427 0057 1C       		.uleb128 0x1c
ARM GAS  C:\Users\Ilaria\AppData\Local\Temp\ccUqSPP7.s 			page 32


 1428 0058 0B       		.uleb128 0xb
 1429 0059 00       		.byte	0
 1430 005a 00       		.byte	0
 1431 005b 08       		.uleb128 0x8
 1432 005c 2E       		.uleb128 0x2e
 1433 005d 01       		.byte	0x1
 1434 005e 3F       		.uleb128 0x3f
 1435 005f 19       		.uleb128 0x19
 1436 0060 03       		.uleb128 0x3
 1437 0061 0E       		.uleb128 0xe
 1438 0062 3A       		.uleb128 0x3a
 1439 0063 0B       		.uleb128 0xb
 1440 0064 3B       		.uleb128 0x3b
 1441 0065 0B       		.uleb128 0xb
 1442 0066 27       		.uleb128 0x27
 1443 0067 19       		.uleb128 0x19
 1444 0068 49       		.uleb128 0x49
 1445 0069 13       		.uleb128 0x13
 1446 006a 8701     		.uleb128 0x87
 1447 006c 19       		.uleb128 0x19
 1448 006d 11       		.uleb128 0x11
 1449 006e 01       		.uleb128 0x1
 1450 006f 12       		.uleb128 0x12
 1451 0070 06       		.uleb128 0x6
 1452 0071 40       		.uleb128 0x40
 1453 0072 18       		.uleb128 0x18
 1454 0073 9642     		.uleb128 0x2116
 1455 0075 19       		.uleb128 0x19
 1456 0076 01       		.uleb128 0x1
 1457 0077 13       		.uleb128 0x13
 1458 0078 00       		.byte	0
 1459 0079 00       		.byte	0
 1460 007a 09       		.uleb128 0x9
 1461 007b 34       		.uleb128 0x34
 1462 007c 00       		.byte	0
 1463 007d 03       		.uleb128 0x3
 1464 007e 0E       		.uleb128 0xe
 1465 007f 3A       		.uleb128 0x3a
 1466 0080 0B       		.uleb128 0xb
 1467 0081 3B       		.uleb128 0x3b
 1468 0082 0B       		.uleb128 0xb
 1469 0083 49       		.uleb128 0x49
 1470 0084 13       		.uleb128 0x13
 1471 0085 02       		.uleb128 0x2
 1472 0086 18       		.uleb128 0x18
 1473 0087 00       		.byte	0
 1474 0088 00       		.byte	0
 1475 0089 0A       		.uleb128 0xa
 1476 008a 34       		.uleb128 0x34
 1477 008b 00       		.byte	0
 1478 008c 03       		.uleb128 0x3
 1479 008d 0E       		.uleb128 0xe
 1480 008e 3A       		.uleb128 0x3a
 1481 008f 0B       		.uleb128 0xb
 1482 0090 3B       		.uleb128 0x3b
 1483 0091 0B       		.uleb128 0xb
 1484 0092 49       		.uleb128 0x49
ARM GAS  C:\Users\Ilaria\AppData\Local\Temp\ccUqSPP7.s 			page 33


 1485 0093 13       		.uleb128 0x13
 1486 0094 02       		.uleb128 0x2
 1487 0095 17       		.uleb128 0x17
 1488 0096 00       		.byte	0
 1489 0097 00       		.byte	0
 1490 0098 0B       		.uleb128 0xb
 1491 0099 34       		.uleb128 0x34
 1492 009a 00       		.byte	0
 1493 009b 03       		.uleb128 0x3
 1494 009c 08       		.uleb128 0x8
 1495 009d 3A       		.uleb128 0x3a
 1496 009e 0B       		.uleb128 0xb
 1497 009f 3B       		.uleb128 0x3b
 1498 00a0 0B       		.uleb128 0xb
 1499 00a1 49       		.uleb128 0x49
 1500 00a2 13       		.uleb128 0x13
 1501 00a3 02       		.uleb128 0x2
 1502 00a4 17       		.uleb128 0x17
 1503 00a5 00       		.byte	0
 1504 00a6 00       		.byte	0
 1505 00a7 0C       		.uleb128 0xc
 1506 00a8 34       		.uleb128 0x34
 1507 00a9 00       		.byte	0
 1508 00aa 03       		.uleb128 0x3
 1509 00ab 0E       		.uleb128 0xe
 1510 00ac 3A       		.uleb128 0x3a
 1511 00ad 0B       		.uleb128 0xb
 1512 00ae 3B       		.uleb128 0x3b
 1513 00af 0B       		.uleb128 0xb
 1514 00b0 49       		.uleb128 0x49
 1515 00b1 13       		.uleb128 0x13
 1516 00b2 1C       		.uleb128 0x1c
 1517 00b3 0D       		.uleb128 0xd
 1518 00b4 00       		.byte	0
 1519 00b5 00       		.byte	0
 1520 00b6 0D       		.uleb128 0xd
 1521 00b7 0B       		.uleb128 0xb
 1522 00b8 01       		.byte	0x1
 1523 00b9 11       		.uleb128 0x11
 1524 00ba 01       		.uleb128 0x1
 1525 00bb 12       		.uleb128 0x12
 1526 00bc 06       		.uleb128 0x6
 1527 00bd 01       		.uleb128 0x1
 1528 00be 13       		.uleb128 0x13
 1529 00bf 00       		.byte	0
 1530 00c0 00       		.byte	0
 1531 00c1 0E       		.uleb128 0xe
 1532 00c2 898201   		.uleb128 0x4109
 1533 00c5 01       		.byte	0x1
 1534 00c6 11       		.uleb128 0x11
 1535 00c7 01       		.uleb128 0x1
 1536 00c8 31       		.uleb128 0x31
 1537 00c9 13       		.uleb128 0x13
 1538 00ca 01       		.uleb128 0x1
 1539 00cb 13       		.uleb128 0x13
 1540 00cc 00       		.byte	0
 1541 00cd 00       		.byte	0
ARM GAS  C:\Users\Ilaria\AppData\Local\Temp\ccUqSPP7.s 			page 34


 1542 00ce 0F       		.uleb128 0xf
 1543 00cf 8A8201   		.uleb128 0x410a
 1544 00d2 00       		.byte	0
 1545 00d3 02       		.uleb128 0x2
 1546 00d4 18       		.uleb128 0x18
 1547 00d5 9142     		.uleb128 0x2111
 1548 00d7 18       		.uleb128 0x18
 1549 00d8 00       		.byte	0
 1550 00d9 00       		.byte	0
 1551 00da 10       		.uleb128 0x10
 1552 00db 898201   		.uleb128 0x4109
 1553 00de 01       		.byte	0x1
 1554 00df 11       		.uleb128 0x11
 1555 00e0 01       		.uleb128 0x1
 1556 00e1 31       		.uleb128 0x31
 1557 00e2 13       		.uleb128 0x13
 1558 00e3 00       		.byte	0
 1559 00e4 00       		.byte	0
 1560 00e5 11       		.uleb128 0x11
 1561 00e6 898201   		.uleb128 0x4109
 1562 00e9 00       		.byte	0
 1563 00ea 11       		.uleb128 0x11
 1564 00eb 01       		.uleb128 0x1
 1565 00ec 31       		.uleb128 0x31
 1566 00ed 13       		.uleb128 0x13
 1567 00ee 00       		.byte	0
 1568 00ef 00       		.byte	0
 1569 00f0 12       		.uleb128 0x12
 1570 00f1 01       		.uleb128 0x1
 1571 00f2 01       		.byte	0x1
 1572 00f3 49       		.uleb128 0x49
 1573 00f4 13       		.uleb128 0x13
 1574 00f5 01       		.uleb128 0x1
 1575 00f6 13       		.uleb128 0x13
 1576 00f7 00       		.byte	0
 1577 00f8 00       		.byte	0
 1578 00f9 13       		.uleb128 0x13
 1579 00fa 21       		.uleb128 0x21
 1580 00fb 00       		.byte	0
 1581 00fc 49       		.uleb128 0x49
 1582 00fd 13       		.uleb128 0x13
 1583 00fe 2F       		.uleb128 0x2f
 1584 00ff 0B       		.uleb128 0xb
 1585 0100 00       		.byte	0
 1586 0101 00       		.byte	0
 1587 0102 14       		.uleb128 0x14
 1588 0103 34       		.uleb128 0x34
 1589 0104 00       		.byte	0
 1590 0105 03       		.uleb128 0x3
 1591 0106 0E       		.uleb128 0xe
 1592 0107 3A       		.uleb128 0x3a
 1593 0108 0B       		.uleb128 0xb
 1594 0109 3B       		.uleb128 0x3b
 1595 010a 05       		.uleb128 0x5
 1596 010b 49       		.uleb128 0x49
 1597 010c 13       		.uleb128 0x13
 1598 010d 3F       		.uleb128 0x3f
ARM GAS  C:\Users\Ilaria\AppData\Local\Temp\ccUqSPP7.s 			page 35


 1599 010e 19       		.uleb128 0x19
 1600 010f 3C       		.uleb128 0x3c
 1601 0110 19       		.uleb128 0x19
 1602 0111 00       		.byte	0
 1603 0112 00       		.byte	0
 1604 0113 15       		.uleb128 0x15
 1605 0114 35       		.uleb128 0x35
 1606 0115 00       		.byte	0
 1607 0116 49       		.uleb128 0x49
 1608 0117 13       		.uleb128 0x13
 1609 0118 00       		.byte	0
 1610 0119 00       		.byte	0
 1611 011a 16       		.uleb128 0x16
 1612 011b 2E       		.uleb128 0x2e
 1613 011c 00       		.byte	0
 1614 011d 3F       		.uleb128 0x3f
 1615 011e 19       		.uleb128 0x19
 1616 011f 3C       		.uleb128 0x3c
 1617 0120 19       		.uleb128 0x19
 1618 0121 6E       		.uleb128 0x6e
 1619 0122 0E       		.uleb128 0xe
 1620 0123 03       		.uleb128 0x3
 1621 0124 0E       		.uleb128 0xe
 1622 0125 3A       		.uleb128 0x3a
 1623 0126 0B       		.uleb128 0xb
 1624 0127 3B       		.uleb128 0x3b
 1625 0128 0B       		.uleb128 0xb
 1626 0129 00       		.byte	0
 1627 012a 00       		.byte	0
 1628 012b 00       		.byte	0
 1629              		.section	.debug_loc,"",%progbits
 1630              	.Ldebug_loc0:
 1631              	.LLST0:
 1632 0000 42000000 		.4byte	.LVL8
 1633 0004 4C000000 		.4byte	.LVL9
 1634 0008 0100     		.2byte	0x1
 1635 000a 50       		.byte	0x50
 1636 000b 58000000 		.4byte	.LVL12
 1637 000f 5A000000 		.4byte	.LVL13
 1638 0013 0100     		.2byte	0x1
 1639 0015 50       		.byte	0x50
 1640 0016 6A000000 		.4byte	.LVL15
 1641 001a 74000000 		.4byte	.LVL16
 1642 001e 0100     		.2byte	0x1
 1643 0020 50       		.byte	0x50
 1644 0021 80000000 		.4byte	.LVL19
 1645 0025 82000000 		.4byte	.LVL20
 1646 0029 0100     		.2byte	0x1
 1647 002b 50       		.byte	0x50
 1648 002c 92000000 		.4byte	.LVL22
 1649 0030 9C000000 		.4byte	.LVL23
 1650 0034 0100     		.2byte	0x1
 1651 0036 50       		.byte	0x50
 1652 0037 A8000000 		.4byte	.LVL26
 1653 003b AA000000 		.4byte	.LVL27
 1654 003f 0100     		.2byte	0x1
 1655 0041 50       		.byte	0x50
ARM GAS  C:\Users\Ilaria\AppData\Local\Temp\ccUqSPP7.s 			page 36


 1656 0042 CA000000 		.4byte	.LVL30
 1657 0046 D4000000 		.4byte	.LVL31
 1658 004a 0100     		.2byte	0x1
 1659 004c 50       		.byte	0x50
 1660 004d E0000000 		.4byte	.LVL34
 1661 0051 E2000000 		.4byte	.LVL35
 1662 0055 0100     		.2byte	0x1
 1663 0057 50       		.byte	0x50
 1664 0058 F2000000 		.4byte	.LVL37
 1665 005c FC000000 		.4byte	.LVL38
 1666 0060 0100     		.2byte	0x1
 1667 0062 50       		.byte	0x50
 1668 0063 08010000 		.4byte	.LVL41
 1669 0067 0A010000 		.4byte	.LVL42
 1670 006b 0100     		.2byte	0x1
 1671 006d 50       		.byte	0x50
 1672 006e 18010000 		.4byte	.LVL44
 1673 0072 22010000 		.4byte	.LVL45
 1674 0076 0100     		.2byte	0x1
 1675 0078 50       		.byte	0x50
 1676 0079 2E010000 		.4byte	.LVL48
 1677 007d 30010000 		.4byte	.LVL49
 1678 0081 0100     		.2byte	0x1
 1679 0083 50       		.byte	0x50
 1680 0084 4E010000 		.4byte	.LVL53
 1681 0088 58010000 		.4byte	.LVL54
 1682 008c 0100     		.2byte	0x1
 1683 008e 50       		.byte	0x50
 1684 008f 64010000 		.4byte	.LVL57
 1685 0093 66010000 		.4byte	.LVL58
 1686 0097 0100     		.2byte	0x1
 1687 0099 50       		.byte	0x50
 1688 009a 82010000 		.4byte	.LVL61
 1689 009e 92010000 		.4byte	.LVL62
 1690 00a2 0100     		.2byte	0x1
 1691 00a4 50       		.byte	0x50
 1692 00a5 D4010000 		.4byte	.LVL72
 1693 00a9 D6010000 		.4byte	.LVL73
 1694 00ad 0100     		.2byte	0x1
 1695 00af 50       		.byte	0x50
 1696 00b0 00000000 		.4byte	0
 1697 00b4 00000000 		.4byte	0
 1698              	.LLST1:
 1699 00b8 A8010000 		.4byte	.LVL63
 1700 00bc AC010000 		.4byte	.LVL64
 1701 00c0 0900     		.2byte	0x9
 1702 00c2 70       		.byte	0x70
 1703 00c3 00       		.sleb128 0
 1704 00c4 09       		.byte	0x9
 1705 00c5 F4       		.byte	0xf4
 1706 00c6 24       		.byte	0x24
 1707 00c7 09       		.byte	0x9
 1708 00c8 FA       		.byte	0xfa
 1709 00c9 26       		.byte	0x26
 1710 00ca 9F       		.byte	0x9f
 1711 00cb AC010000 		.4byte	.LVL64
 1712 00cf AF010000 		.4byte	.LVL65-1
ARM GAS  C:\Users\Ilaria\AppData\Local\Temp\ccUqSPP7.s 			page 37


 1713 00d3 1400     		.2byte	0x14
 1714 00d5 75       		.byte	0x75
 1715 00d6 B87F     		.sleb128 -72
 1716 00d8 94       		.byte	0x94
 1717 00d9 01       		.byte	0x1
 1718 00da 08       		.byte	0x8
 1719 00db FF       		.byte	0xff
 1720 00dc 1A       		.byte	0x1a
 1721 00dd 38       		.byte	0x38
 1722 00de 24       		.byte	0x24
 1723 00df 73       		.byte	0x73
 1724 00e0 00       		.sleb128 0
 1725 00e1 21       		.byte	0x21
 1726 00e2 09       		.byte	0x9
 1727 00e3 F4       		.byte	0xf4
 1728 00e4 24       		.byte	0x24
 1729 00e5 09       		.byte	0x9
 1730 00e6 FA       		.byte	0xfa
 1731 00e7 26       		.byte	0x26
 1732 00e8 9F       		.byte	0x9f
 1733 00e9 C0010000 		.4byte	.LVL68
 1734 00ed CA010000 		.4byte	.LVL70
 1735 00f1 0100     		.2byte	0x1
 1736 00f3 50       		.byte	0x50
 1737 00f4 00000000 		.4byte	0
 1738 00f8 00000000 		.4byte	0
 1739              	.LLST2:
 1740 00fc 92010000 		.4byte	.LVL62
 1741 0100 C6010000 		.4byte	.LVL69
 1742 0104 0100     		.2byte	0x1
 1743 0106 54       		.byte	0x54
 1744 0107 C6010000 		.4byte	.LVL69
 1745 010b D2010000 		.4byte	.LVL71
 1746 010f 0300     		.2byte	0x3
 1747 0111 74       		.byte	0x74
 1748 0112 7E       		.sleb128 -2
 1749 0113 9F       		.byte	0x9f
 1750 0114 D2010000 		.4byte	.LVL71
 1751 0118 D4010000 		.4byte	.LVL72
 1752 011c 0100     		.2byte	0x1
 1753 011e 54       		.byte	0x54
 1754 011f D6010000 		.4byte	.LVL73
 1755 0123 2C020000 		.4byte	.LFE64
 1756 0127 0100     		.2byte	0x1
 1757 0129 54       		.byte	0x54
 1758 012a 00000000 		.4byte	0
 1759 012e 00000000 		.4byte	0
 1760              	.LLST3:
 1761 0132 14000000 		.4byte	.LVL2
 1762 0136 18000000 		.4byte	.LVL3
 1763 013a 0200     		.2byte	0x2
 1764 013c 30       		.byte	0x30
 1765 013d 9F       		.byte	0x9f
 1766 013e 18000000 		.4byte	.LVL3
 1767 0142 38010000 		.4byte	.LVL51
 1768 0146 0100     		.2byte	0x1
 1769 0148 54       		.byte	0x54
ARM GAS  C:\Users\Ilaria\AppData\Local\Temp\ccUqSPP7.s 			page 38


 1770 0149 00000000 		.4byte	0
 1771 014d 00000000 		.4byte	0
 1772              		.section	.debug_aranges,"",%progbits
 1773 0000 1C000000 		.4byte	0x1c
 1774 0004 0200     		.2byte	0x2
 1775 0006 00000000 		.4byte	.Ldebug_info0
 1776 000a 04       		.byte	0x4
 1777 000b 00       		.byte	0
 1778 000c 0000     		.2byte	0
 1779 000e 0000     		.2byte	0
 1780 0010 00000000 		.4byte	.LFB64
 1781 0014 2C020000 		.4byte	.LFE64-.LFB64
 1782 0018 00000000 		.4byte	0
 1783 001c 00000000 		.4byte	0
 1784              		.section	.debug_ranges,"",%progbits
 1785              	.Ldebug_ranges0:
 1786 0000 00000000 		.4byte	.LFB64
 1787 0004 2C020000 		.4byte	.LFE64
 1788 0008 00000000 		.4byte	0
 1789 000c 00000000 		.4byte	0
 1790              		.section	.debug_line,"",%progbits
 1791              	.Ldebug_line0:
 1792 0000 78020000 		.section	.debug_str,"MS",%progbits,1
 1792      0200FD01 
 1792      00000201 
 1792      FB0E0D00 
 1792      01010101 
 1793              	.LASF24:
 1794 0000 6D657373 		.ascii	"message\000"
 1794      61676500 
 1795              	.LASF30:
 1796 0008 68656164 		.ascii	"header\000"
 1796      657200
 1797              	.LASF2:
 1798 000f 5F5F7569 		.ascii	"__uint8_t\000"
 1798      6E74385F 
 1798      7400
 1799              	.LASF36:
 1800 0019 55415254 		.ascii	"UART_Debug_PutString\000"
 1800      5F446562 
 1800      75675F50 
 1800      75745374 
 1800      72696E67 
 1801              	.LASF34:
 1802 002e 4932435F 		.ascii	"I2C_Peripheral_IsDeviceConnected\000"
 1802      50657269 
 1802      70686572 
 1802      616C5F49 
 1802      73446576 
 1803              	.LASF6:
 1804 004f 5F5F696E 		.ascii	"__int32_t\000"
 1804      7433325F 
 1804      7400
 1805              	.LASF7:
 1806 0059 6C6F6E67 		.ascii	"long int\000"
 1806      20696E74 
 1806      00
ARM GAS  C:\Users\Ilaria\AppData\Local\Temp\ccUqSPP7.s 			page 39


 1807              	.LASF43:
 1808 0062 55415254 		.ascii	"UART_Debug_PutArray\000"
 1808      5F446562 
 1808      75675F50 
 1808      75744172 
 1808      72617900 
 1809              	.LASF21:
 1810 0076 4572726F 		.ascii	"ErrorCode\000"
 1810      72436F64 
 1810      6500
 1811              	.LASF16:
 1812 0080 666C6F61 		.ascii	"float\000"
 1812      7400
 1813              	.LASF32:
 1814 0086 4F757441 		.ascii	"OutArray\000"
 1814      72726179 
 1814      00
 1815              	.LASF1:
 1816 008f 756E7369 		.ascii	"unsigned char\000"
 1816      676E6564 
 1816      20636861 
 1816      7200
 1817              	.LASF44:
 1818 009d 474E5520 		.ascii	"GNU C11 5.4.1 20160609 (release) [ARM/embedded-5-br"
 1818      43313120 
 1818      352E342E 
 1818      31203230 
 1818      31363036 
 1819 00d0 616E6368 		.ascii	"anch revision 237715] -mcpu=cortex-m3 -mthumb -g -O"
 1819      20726576 
 1819      6973696F 
 1819      6E203233 
 1819      37373135 
 1820 0103 67202D66 		.ascii	"g -ffunction-sections -ffat-lto-objects\000"
 1820      66756E63 
 1820      74696F6E 
 1820      2D736563 
 1820      74696F6E 
 1821              	.LASF15:
 1822 012b 696E7431 		.ascii	"int16\000"
 1822      3600
 1823              	.LASF8:
 1824 0131 6C6F6E67 		.ascii	"long unsigned int\000"
 1824      20756E73 
 1824      69676E65 
 1824      6420696E 
 1824      7400
 1825              	.LASF5:
 1826 0143 73686F72 		.ascii	"short unsigned int\000"
 1826      7420756E 
 1826      7369676E 
 1826      65642069 
 1826      6E7400
 1827              	.LASF41:
 1828 0156 4932435F 		.ascii	"I2C_Peripheral_WriteRegister\000"
 1828      50657269 
 1828      70686572 
ARM GAS  C:\Users\Ilaria\AppData\Local\Temp\ccUqSPP7.s 			page 40


 1828      616C5F57 
 1828      72697465 
 1829              	.LASF31:
 1830 0173 666F6F74 		.ascii	"footer\000"
 1830      657200
 1831              	.LASF17:
 1832 017a 646F7562 		.ascii	"double\000"
 1832      6C6500
 1833              	.LASF42:
 1834 0181 4932435F 		.ascii	"I2C_Peripheral_ReadRegisterMulti\000"
 1834      50657269 
 1834      70686572 
 1834      616C5F52 
 1834      65616452 
 1835              	.LASF47:
 1836 01a2 6D61696E 		.ascii	"main\000"
 1836      00
 1837              	.LASF3:
 1838 01a7 5F5F696E 		.ascii	"__int16_t\000"
 1838      7431365F 
 1838      7400
 1839              	.LASF28:
 1840 01b1 6374726C 		.ascii	"ctrl_reg1\000"
 1840      5F726567 
 1840      3100
 1841              	.LASF29:
 1842 01bb 6374726C 		.ascii	"ctrl_reg4\000"
 1842      5F726567 
 1842      3400
 1843              	.LASF11:
 1844 01c5 756E7369 		.ascii	"unsigned int\000"
 1844      676E6564 
 1844      20696E74 
 1844      00
 1845              	.LASF10:
 1846 01d2 6C6F6E67 		.ascii	"long long unsigned int\000"
 1846      206C6F6E 
 1846      6720756E 
 1846      7369676E 
 1846      65642069 
 1847              	.LASF12:
 1848 01e9 75696E74 		.ascii	"uint8_t\000"
 1848      385F7400 
 1849              	.LASF13:
 1850 01f1 696E7431 		.ascii	"int16_t\000"
 1850      365F7400 
 1851              	.LASF48:
 1852 01f9 49544D5F 		.ascii	"ITM_RxBuffer\000"
 1852      52784275 
 1852      66666572 
 1852      00
 1853              	.LASF27:
 1854 0206 73746174 		.ascii	"status_register\000"
 1854      75735F72 
 1854      65676973 
 1854      74657200 
 1855              	.LASF14:
ARM GAS  C:\Users\Ilaria\AppData\Local\Temp\ccUqSPP7.s 			page 41


 1856 0216 696E7433 		.ascii	"int32_t\000"
 1856      325F7400 
 1857              	.LASF23:
 1858 021e 73697A65 		.ascii	"sizetype\000"
 1858      74797065 
 1858      00
 1859              	.LASF26:
 1860 0227 6572726F 		.ascii	"error\000"
 1860      7200
 1861              	.LASF9:
 1862 022d 6C6F6E67 		.ascii	"long long int\000"
 1862      206C6F6E 
 1862      6720696E 
 1862      7400
 1863              	.LASF38:
 1864 023b 55415254 		.ascii	"UART_Debug_Start\000"
 1864      5F446562 
 1864      75675F53 
 1864      74617274 
 1864      00
 1865              	.LASF45:
 1866 024c 6D61696E 		.ascii	"main.c\000"
 1866      2E6300
 1867              	.LASF18:
 1868 0253 63686172 		.ascii	"char\000"
 1868      00
 1869              	.LASF40:
 1870 0258 4932435F 		.ascii	"I2C_Peripheral_ReadRegister\000"
 1870      50657269 
 1870      70686572 
 1870      616C5F52 
 1870      65616452 
 1871              	.LASF4:
 1872 0274 73686F72 		.ascii	"short int\000"
 1872      7420696E 
 1872      7400
 1873              	.LASF19:
 1874 027e 4E4F5F45 		.ascii	"NO_ERROR\000"
 1874      52524F52 
 1874      00
 1875              	.LASF33:
 1876 0287 78797A5F 		.ascii	"xyz_positioning\000"
 1876      706F7369 
 1876      74696F6E 
 1876      696E6700 
 1877              	.LASF20:
 1878 0297 4552524F 		.ascii	"ERROR\000"
 1878      5200
 1879              	.LASF22:
 1880 029d 6C6F6E67 		.ascii	"long double\000"
 1880      20646F75 
 1880      626C6500 
 1881              	.LASF0:
 1882 02a9 7369676E 		.ascii	"signed char\000"
 1882      65642063 
 1882      68617200 
 1883              	.LASF46:
ARM GAS  C:\Users\Ilaria\AppData\Local\Temp\ccUqSPP7.s 			page 42


 1884 02b5 433A5C55 		.ascii	"C:\\Users\\Ilaria\\Desktop\\PSoC_03\\AY1920_II_HW_0"
 1884      73657273 
 1884      5C496C61 
 1884      7269615C 
 1884      4465736B 
 1885 02e3 355F5052 		.ascii	"5_PROJ_2.cydsn\000"
 1885      4F4A5F32 
 1885      2E637964 
 1885      736E00
 1886              	.LASF25:
 1887 02f2 77686F5F 		.ascii	"who_am_i_reg\000"
 1887      616D5F69 
 1887      5F726567 
 1887      00
 1888              	.LASF35:
 1889 02ff 73707269 		.ascii	"sprintf\000"
 1889      6E746600 
 1890              	.LASF39:
 1891 0307 43794465 		.ascii	"CyDelay\000"
 1891      6C617900 
 1892              	.LASF37:
 1893 030f 4932435F 		.ascii	"I2C_Peripheral_Start\000"
 1893      50657269 
 1893      70686572 
 1893      616C5F53 
 1893      74617274 
 1894              		.ident	"GCC: (GNU Tools for ARM Embedded Processors) 5.4.1 20160609 (release) [ARM/embedded-5-bran
