--------------- Clean Started: 04/27/2020 16:19:49 Project: AY1920_II_HW_05_PROJ_2, Configuration: ARM GCC 5.4-2016-q2-update Debug ---------------
Deleting file ".\CortexM3\ARM_GCC_541\Debug\main.o"
Deleting file ".\CortexM3\ARM_GCC_541\Debug\I2C_Interface.o"
Deleting file ".\CortexM3\ARM_GCC_541\Debug\cyfitter_cfg.o"
Deleting file ".\CortexM3\ARM_GCC_541\Debug\cymetadata.o"
Deleting file ".\CortexM3\ARM_GCC_541\Debug\UART_Debug.o"
Deleting file ".\CortexM3\ARM_GCC_541\Debug\UART_Debug_PM.o"
Deleting file ".\CortexM3\ARM_GCC_541\Debug\UART_Debug_INT.o"
Deleting file ".\CortexM3\ARM_GCC_541\Debug\UART_Debug_BOOT.o"
Deleting file ".\CortexM3\ARM_GCC_541\Debug\SDA_1.o"
Deleting file ".\CortexM3\ARM_GCC_541\Debug\SCL_1.o"
Deleting file ".\CortexM3\ARM_GCC_541\Debug\I2C_Master.o"
Deleting file ".\CortexM3\ARM_GCC_541\Debug\I2C_Master_BOOT.o"
Deleting file ".\CortexM3\ARM_GCC_541\Debug\I2C_Master_INT.o"
Deleting file ".\CortexM3\ARM_GCC_541\Debug\I2C_Master_PM.o"
Deleting file ".\CortexM3\ARM_GCC_541\Debug\I2C_Master_SLAVE.o"
Deleting file ".\CortexM3\ARM_GCC_541\Debug\I2C_Master_MASTER.o"
Deleting file ".\CortexM3\ARM_GCC_541\Debug\UART_Debug_IntClock.o"
Deleting file ".\CortexM3\ARM_GCC_541\Debug\cy_em_eeprom.o"
Deleting file ".\CortexM3\ARM_GCC_541\Debug\Cm3Start.o"
Deleting file ".\CortexM3\ARM_GCC_541\Debug\CyBootAsmGnu.o"
Deleting file ".\CortexM3\ARM_GCC_541\Debug\CyDmac.o"
Deleting file ".\CortexM3\ARM_GCC_541\Debug\CyFlash.o"
Deleting file ".\CortexM3\ARM_GCC_541\Debug\CyLib.o"
Deleting file ".\CortexM3\ARM_GCC_541\Debug\cyPm.o"
Deleting file ".\CortexM3\ARM_GCC_541\Debug\CySpc.o"
Deleting file ".\CortexM3\ARM_GCC_541\Debug\cyutils.o"
Deleting file ".\CortexM3\ARM_GCC_541\Debug\AY1920_II_HW_05_PROJ_2.hex"
Deleting file ".\CortexM3\ARM_GCC_541\Debug\AY1920_II_HW_05_PROJ_2.elf"
Deleting file ".\CortexM3\ARM_GCC_541\Debug\AY1920_II_HW_05_PROJ_2.map"
Deleting file ".\AY1920_II_HW_05_PROJ_2.cycdx"
Deleting file ".\AY1920_II_HW_05_PROJ_2.svd"
Deleting file ".\AY1920_II_HW_05_PROJ_2.rpt"
Deleting file ".\AY1920_II_HW_05_PROJ_2_timing.html"
Deleting file ".\CortexM3\ARM_GCC_541\Debug\.deps\SOURCE_C__ARM_GCC_GENERIC.P"
Deleting file ".\CortexM3\ARM_GCC_541\Debug\.deps\SOURCE_ASM__ARM_GCC_GENERIC.P"
--------------- Clean Succeeded: 04/27/2020 16:19:49 ---------------
